{"C:\\Users\\chzba\\OneDrive\\Desktop\\University\\Year 2\\Software Engineering\\Coursework\\FridgeFriend\\frontend\\app\\(tabs)\\groups.tsx": {"path":"C:\\Users\\chzba\\OneDrive\\Desktop\\University\\Year 2\\Software Engineering\\Coursework\\FridgeFriend\\frontend\\app\\(tabs)\\groups.tsx","statementMap":{"0":{"start":{"line":23,"column":18},"end":{"line":23,"column":42}},"1":{"start":{"line":40,"column":30},"end":{"line":40,"column":51}},"2":{"start":{"line":41,"column":32},"end":{"line":41,"column":46}},"3":{"start":{"line":42,"column":28},"end":{"line":42,"column":57}},"4":{"start":{"line":43,"column":38},"end":{"line":43,"column":53}},"5":{"start":{"line":46,"column":54},"end":{"line":46,"column":69}},"6":{"start":{"line":47,"column":50},"end":{"line":47,"column":65}},"7":{"start":{"line":48,"column":36},"end":{"line":48,"column":48}},"8":{"start":{"line":49,"column":36},"end":{"line":49,"column":48}},"9":{"start":{"line":51,"column":17},"end":{"line":51,"column":36}},"10":{"start":{"line":52,"column":23},"end":{"line":52,"column":46}},"11":{"start":{"line":54,"column":22},"end":{"line":69,"column":3}},"12":{"start":{"line":55,"column":4},"end":{"line":55,"column":21}},"13":{"start":{"line":56,"column":4},"end":{"line":56,"column":19}},"14":{"start":{"line":57,"column":4},"end":{"line":68,"column":5}},"15":{"start":{"line":58,"column":23},"end":{"line":58,"column":40}},"16":{"start":{"line":59,"column":6},"end":{"line":63,"column":7}},"17":{"start":{"line":60,"column":8},"end":{"line":60,"column":35}},"18":{"start":{"line":62,"column":8},"end":{"line":62,"column":35}},"19":{"start":{"line":65,"column":6},"end":{"line":65,"column":41}},"20":{"start":{"line":67,"column":6},"end":{"line":67,"column":24}},"21":{"start":{"line":71,"column":20},"end":{"line":75,"column":8}},"22":{"start":{"line":72,"column":4},"end":{"line":72,"column":24}},"23":{"start":{"line":73,"column":4},"end":{"line":73,"column":24}},"24":{"start":{"line":74,"column":4},"end":{"line":74,"column":25}},"25":{"start":{"line":77,"column":2},"end":{"line":79,"column":9}},"26":{"start":{"line":78,"column":4},"end":{"line":78,"column":18}},"27":{"start":{"line":81,"column":28},"end":{"line":101,"column":3}},"28":{"start":{"line":82,"column":4},"end":{"line":85,"column":5}},"29":{"start":{"line":83,"column":6},"end":{"line":83,"column":53}},"30":{"start":{"line":84,"column":6},"end":{"line":84,"column":13}},"31":{"start":{"line":87,"column":4},"end":{"line":100,"column":5}},"32":{"start":{"line":88,"column":23},"end":{"line":88,"column":51}},"33":{"start":{"line":89,"column":6},"end":{"line":97,"column":7}},"34":{"start":{"line":90,"column":8},"end":{"line":90,"column":79}},"35":{"start":{"line":91,"column":8},"end":{"line":91,"column":25}},"36":{"start":{"line":92,"column":8},"end":{"line":92,"column":37}},"37":{"start":{"line":94,"column":8},"end":{"line":94,"column":67}},"38":{"start":{"line":94,"column":34},"end":{"line":94,"column":65}},"39":{"start":{"line":96,"column":8},"end":{"line":96,"column":47}},"40":{"start":{"line":99,"column":6},"end":{"line":99,"column":53}},"41":{"start":{"line":103,"column":26},"end":{"line":123,"column":3}},"42":{"start":{"line":104,"column":4},"end":{"line":107,"column":5}},"43":{"start":{"line":105,"column":6},"end":{"line":105,"column":53}},"44":{"start":{"line":106,"column":6},"end":{"line":106,"column":13}},"45":{"start":{"line":109,"column":4},"end":{"line":122,"column":5}},"46":{"start":{"line":110,"column":23},"end":{"line":110,"column":49}},"47":{"start":{"line":111,"column":6},"end":{"line":119,"column":7}},"48":{"start":{"line":112,"column":8},"end":{"line":112,"column":65}},"49":{"start":{"line":113,"column":8},"end":{"line":113,"column":25}},"50":{"start":{"line":114,"column":8},"end":{"line":114,"column":35}},"51":{"start":{"line":116,"column":8},"end":{"line":116,"column":22}},"52":{"start":{"line":118,"column":8},"end":{"line":118,"column":47}},"53":{"start":{"line":121,"column":6},"end":{"line":121,"column":51}},"54":{"start":{"line":126,"column":26},"end":{"line":158,"column":3}},"55":{"start":{"line":127,"column":4},"end":{"line":157,"column":11}},"56":{"start":{"line":141,"column":12},"end":{"line":151,"column":19}},"57":{"start":{"line":160,"column":26},"end":{"line":166,"column":3}},"58":{"start":{"line":161,"column":4},"end":{"line":165,"column":11}},"59":{"start":{"line":168,"column":2},"end":{"line":175,"column":3}},"60":{"start":{"line":169,"column":4},"end":{"line":174,"column":6}},"61":{"start":{"line":177,"column":2},"end":{"line":186,"column":3}},"62":{"start":{"line":178,"column":4},"end":{"line":185,"column":6}},"63":{"start":{"line":188,"column":2},"end":{"line":295,"column":4}},"64":{"start":{"line":202,"column":32},"end":{"line":202,"column":46}},"65":{"start":{"line":218,"column":25},"end":{"line":218,"column":50}},"66":{"start":{"line":224,"column":25},"end":{"line":224,"column":52}},"67":{"start":{"line":235,"column":30},"end":{"line":235,"column":58}},"68":{"start":{"line":244,"column":47},"end":{"line":244,"column":75}},"69":{"start":{"line":267,"column":30},"end":{"line":267,"column":56}},"70":{"start":{"line":276,"column":47},"end":{"line":276,"column":73}},"71":{"start":{"line":298,"column":15},"end":{"line":531,"column":2}}},"fnMap":{"0":{"name":"GroupsScreen","decl":{"start":{"line":39,"column":24},"end":{"line":39,"column":36}},"loc":{"start":{"line":39,"column":39},"end":{"line":296,"column":1}},"line":39},"1":{"name":"(anonymous_1)","decl":{"start":{"line":54,"column":22},"end":{"line":54,"column":23}},"loc":{"start":{"line":54,"column":34},"end":{"line":69,"column":3}},"line":54},"2":{"name":"(anonymous_2)","decl":{"start":{"line":71,"column":32},"end":{"line":71,"column":33}},"loc":{"start":{"line":71,"column":44},"end":{"line":75,"column":3}},"line":71},"3":{"name":"(anonymous_3)","decl":{"start":{"line":77,"column":12},"end":{"line":77,"column":13}},"loc":{"start":{"line":77,"column":18},"end":{"line":79,"column":3}},"line":77},"4":{"name":"(anonymous_4)","decl":{"start":{"line":81,"column":28},"end":{"line":81,"column":29}},"loc":{"start":{"line":81,"column":40},"end":{"line":101,"column":3}},"line":81},"5":{"name":"(anonymous_5)","decl":{"start":{"line":94,"column":18},"end":{"line":94,"column":19}},"loc":{"start":{"line":94,"column":34},"end":{"line":94,"column":65}},"line":94},"6":{"name":"(anonymous_6)","decl":{"start":{"line":103,"column":26},"end":{"line":103,"column":27}},"loc":{"start":{"line":103,"column":38},"end":{"line":123,"column":3}},"line":103},"7":{"name":"(anonymous_7)","decl":{"start":{"line":126,"column":26},"end":{"line":126,"column":27}},"loc":{"start":{"line":127,"column":4},"end":{"line":157,"column":11}},"line":127},"8":{"name":"(anonymous_8)","decl":{"start":{"line":140,"column":31},"end":{"line":140,"column":32}},"loc":{"start":{"line":141,"column":12},"end":{"line":151,"column":19}},"line":141},"9":{"name":"(anonymous_9)","decl":{"start":{"line":160,"column":26},"end":{"line":160,"column":27}},"loc":{"start":{"line":161,"column":4},"end":{"line":165,"column":11}},"line":161},"10":{"name":"(anonymous_10)","decl":{"start":{"line":202,"column":22},"end":{"line":202,"column":23}},"loc":{"start":{"line":202,"column":32},"end":{"line":202,"column":46}},"line":202},"11":{"name":"(anonymous_11)","decl":{"start":{"line":218,"column":19},"end":{"line":218,"column":20}},"loc":{"start":{"line":218,"column":25},"end":{"line":218,"column":50}},"line":218},"12":{"name":"(anonymous_12)","decl":{"start":{"line":224,"column":19},"end":{"line":224,"column":20}},"loc":{"start":{"line":224,"column":25},"end":{"line":224,"column":52}},"line":224},"13":{"name":"(anonymous_13)","decl":{"start":{"line":235,"column":24},"end":{"line":235,"column":25}},"loc":{"start":{"line":235,"column":30},"end":{"line":235,"column":58}},"line":235},"14":{"name":"(anonymous_14)","decl":{"start":{"line":244,"column":41},"end":{"line":244,"column":42}},"loc":{"start":{"line":244,"column":47},"end":{"line":244,"column":75}},"line":244},"15":{"name":"(anonymous_15)","decl":{"start":{"line":267,"column":24},"end":{"line":267,"column":25}},"loc":{"start":{"line":267,"column":30},"end":{"line":267,"column":56}},"line":267},"16":{"name":"(anonymous_16)","decl":{"start":{"line":276,"column":41},"end":{"line":276,"column":42}},"loc":{"start":{"line":276,"column":47},"end":{"line":276,"column":73}},"line":276}},"branchMap":{"0":{"loc":{"start":{"line":59,"column":6},"end":{"line":63,"column":7}},"type":"if","locations":[{"start":{"line":59,"column":6},"end":{"line":63,"column":7}},{"start":{"line":61,"column":13},"end":{"line":63,"column":7}}],"line":59},"1":{"loc":{"start":{"line":82,"column":4},"end":{"line":85,"column":5}},"type":"if","locations":[{"start":{"line":82,"column":4},"end":{"line":85,"column":5}},{"start":{},"end":{}}],"line":82},"2":{"loc":{"start":{"line":89,"column":6},"end":{"line":97,"column":7}},"type":"if","locations":[{"start":{"line":89,"column":6},"end":{"line":97,"column":7}},{"start":{"line":95,"column":13},"end":{"line":97,"column":7}}],"line":89},"3":{"loc":{"start":{"line":104,"column":4},"end":{"line":107,"column":5}},"type":"if","locations":[{"start":{"line":104,"column":4},"end":{"line":107,"column":5}},{"start":{},"end":{}}],"line":104},"4":{"loc":{"start":{"line":111,"column":6},"end":{"line":119,"column":7}},"type":"if","locations":[{"start":{"line":111,"column":6},"end":{"line":119,"column":7}},{"start":{"line":117,"column":13},"end":{"line":119,"column":7}}],"line":111},"5":{"loc":{"start":{"line":139,"column":9},"end":{"line":155,"column":9}},"type":"cond-expr","locations":[{"start":{"line":140,"column":10},"end":{"line":152,"column":12}},{"start":{"line":154,"column":10},"end":{"line":154,"column":62}}],"line":139},"6":{"loc":{"start":{"line":141,"column":23},"end":{"line":141,"column":53}},"type":"binary-expr","locations":[{"start":{"line":141,"column":23},"end":{"line":141,"column":34}},{"start":{"line":141,"column":38},"end":{"line":141,"column":53}}],"line":141},"7":{"loc":{"start":{"line":141,"column":87},"end":{"line":141,"column":119}},"type":"binary-expr","locations":[{"start":{"line":141,"column":87},"end":{"line":141,"column":96}},{"start":{"line":141,"column":100},"end":{"line":141,"column":119}}],"line":141},"8":{"loc":{"start":{"line":143,"column":33},"end":{"line":143,"column":120}},"type":"cond-expr","locations":[{"start":{"line":143,"column":47},"end":{"line":143,"column":56}},{"start":{"line":143,"column":59},"end":{"line":143,"column":120}}],"line":143},"9":{"loc":{"start":{"line":143,"column":59},"end":{"line":143,"column":120}},"type":"cond-expr","locations":[{"start":{"line":143,"column":73},"end":{"line":143,"column":82}},{"start":{"line":143,"column":85},"end":{"line":143,"column":120}}],"line":143},"10":{"loc":{"start":{"line":143,"column":85},"end":{"line":143,"column":120}},"type":"cond-expr","locations":[{"start":{"line":143,"column":99},"end":{"line":143,"column":108}},{"start":{"line":143,"column":111},"end":{"line":143,"column":120}}],"line":143},"11":{"loc":{"start":{"line":168,"column":2},"end":{"line":175,"column":3}},"type":"if","locations":[{"start":{"line":168,"column":2},"end":{"line":175,"column":3}},{"start":{},"end":{}}],"line":168},"12":{"loc":{"start":{"line":168,"column":6},"end":{"line":168,"column":28}},"type":"binary-expr","locations":[{"start":{"line":168,"column":6},"end":{"line":168,"column":13}},{"start":{"line":168,"column":17},"end":{"line":168,"column":28}}],"line":168},"13":{"loc":{"start":{"line":177,"column":2},"end":{"line":186,"column":3}},"type":"if","locations":[{"start":{"line":177,"column":2},"end":{"line":186,"column":3}},{"start":{},"end":{}}],"line":177},"14":{"loc":{"start":{"line":177,"column":6},"end":{"line":177,"column":26}},"type":"binary-expr","locations":[{"start":{"line":177,"column":6},"end":{"line":177,"column":11}},{"start":{"line":177,"column":15},"end":{"line":177,"column":26}}],"line":177},"15":{"loc":{"start":{"line":193,"column":22},"end":{"line":193,"column":38}},"type":"binary-expr","locations":[{"start":{"line":193,"column":22},"end":{"line":193,"column":32}},{"start":{"line":193,"column":36},"end":{"line":193,"column":38}}],"line":193},"16":{"loc":{"start":{"line":194,"column":25},"end":{"line":194,"column":43}},"type":"binary-expr","locations":[{"start":{"line":194,"column":25},"end":{"line":194,"column":37}},{"start":{"line":194,"column":41},"end":{"line":194,"column":43}}],"line":194},"17":{"loc":{"start":{"line":210,"column":10},"end":{"line":210,"column":56}},"type":"binary-expr","locations":[{"start":{"line":210,"column":10},"end":{"line":210,"column":29}},{"start":{"line":210,"column":33},"end":{"line":210,"column":56}}],"line":210},"18":{"loc":{"start":{"line":238,"column":20},"end":{"line":238,"column":64}},"type":"cond-expr","locations":[{"start":{"line":238,"column":44},"end":{"line":238,"column":53}},{"start":{"line":238,"column":56},"end":{"line":238,"column":64}}],"line":238},"19":{"loc":{"start":{"line":270,"column":20},"end":{"line":270,"column":64}},"type":"cond-expr","locations":[{"start":{"line":270,"column":44},"end":{"line":270,"column":53}},{"start":{"line":270,"column":56},"end":{"line":270,"column":64}}],"line":270}},"s":{"0":1,"1":21,"2":21,"3":21,"4":21,"5":21,"6":21,"7":21,"8":21,"9":21,"10":21,"11":21,"12":6,"13":6,"14":6,"15":6,"16":5,"17":5,"18":0,"19":1,"20":6,"21":21,"22":0,"23":0,"24":0,"25":21,"26":5,"27":21,"28":2,"29":0,"30":0,"31":2,"32":2,"33":2,"34":2,"35":2,"36":2,"37":2,"38":2,"39":0,"40":0,"41":21,"42":2,"43":0,"44":0,"45":2,"46":2,"47":2,"48":1,"49":1,"50":1,"51":1,"52":1,"53":0,"54":21,"55":19,"56":57,"57":21,"58":0,"59":21,"60":5,"61":16,"62":1,"63":15,"64":26,"65":2,"66":2,"67":0,"68":0,"69":0,"70":0,"71":1},"f":{"0":21,"1":6,"2":0,"3":5,"4":2,"5":2,"6":2,"7":19,"8":57,"9":0,"10":26,"11":2,"12":2,"13":0,"14":0,"15":0,"16":0},"b":{"0":[5,0],"1":[0,2],"2":[2,0],"3":[0,2],"4":[1,1],"5":[19,0],"6":[57,0],"7":[57,57],"8":[19,38],"9":[19,19],"10":[19,0],"11":[5,16],"12":[21,5],"13":[1,15],"14":[16,1],"15":[15,15],"16":[15,0],"17":[15,0],"18":[15,0],"19":[15,0]},"_coverageSchema":"1a1c01bbd47fc00a2c39e90264f33305004495a9","hash":"d60fa553612e7f0de349985463a8cc50616596d7"}
,"C:\\Users\\chzba\\OneDrive\\Desktop\\University\\Year 2\\Software Engineering\\Coursework\\FridgeFriend\\frontend\\app\\(tabs)\\index.tsx": {"path":"C:\\Users\\chzba\\OneDrive\\Desktop\\University\\Year 2\\Software Engineering\\Coursework\\FridgeFriend\\frontend\\app\\(tabs)\\index.tsx","statementMap":{"0":{"start":{"line":21,"column":18},"end":{"line":21,"column":42}},"1":{"start":{"line":33,"column":27},"end":{"line":40,"column":1}},"2":{"start":{"line":34,"column":16},"end":{"line":34,"column":26}},"3":{"start":{"line":35,"column":2},"end":{"line":35,"column":29}},"4":{"start":{"line":36,"column":17},"end":{"line":36,"column":37}},"5":{"start":{"line":37,"column":19},"end":{"line":37,"column":53}},"6":{"start":{"line":38,"column":19},"end":{"line":38,"column":62}},"7":{"start":{"line":39,"column":2},"end":{"line":39,"column":18}},"8":{"start":{"line":43,"column":24},"end":{"line":55,"column":1}},"9":{"start":{"line":44,"column":2},"end":{"line":54,"column":3}},"10":{"start":{"line":45,"column":4},"end":{"line":45,"column":15}},"11":{"start":{"line":46,"column":9},"end":{"line":54,"column":3}},"12":{"start":{"line":47,"column":4},"end":{"line":47,"column":16}},"13":{"start":{"line":48,"column":9},"end":{"line":54,"column":3}},"14":{"start":{"line":49,"column":4},"end":{"line":49,"column":16}},"15":{"start":{"line":50,"column":9},"end":{"line":54,"column":3}},"16":{"start":{"line":51,"column":4},"end":{"line":51,"column":16}},"17":{"start":{"line":53,"column":4},"end":{"line":53,"column":16}},"18":{"start":{"line":58,"column":34},"end":{"line":58,"column":57}},"19":{"start":{"line":59,"column":32},"end":{"line":59,"column":46}},"20":{"start":{"line":60,"column":28},"end":{"line":60,"column":57}},"21":{"start":{"line":61,"column":38},"end":{"line":61,"column":53}},"22":{"start":{"line":62,"column":50},"end":{"line":62,"column":79}},"23":{"start":{"line":63,"column":48},"end":{"line":73,"column":4}},"24":{"start":{"line":75,"column":36},"end":{"line":75,"column":96}},"25":{"start":{"line":77,"column":17},"end":{"line":77,"column":36}},"26":{"start":{"line":78,"column":23},"end":{"line":78,"column":46}},"27":{"start":{"line":79,"column":18},"end":{"line":79,"column":55}},"28":{"start":{"line":81,"column":24},"end":{"line":100,"column":3}},"29":{"start":{"line":82,"column":4},"end":{"line":82,"column":21}},"30":{"start":{"line":83,"column":4},"end":{"line":83,"column":19}},"31":{"start":{"line":84,"column":4},"end":{"line":99,"column":5}},"32":{"start":{"line":85,"column":23},"end":{"line":85,"column":42}},"33":{"start":{"line":86,"column":6},"end":{"line":93,"column":7}},"34":{"start":{"line":87,"column":8},"end":{"line":87,"column":66}},"35":{"start":{"line":88,"column":8},"end":{"line":88,"column":38}},"36":{"start":{"line":89,"column":8},"end":{"line":89,"column":40}},"37":{"start":{"line":91,"column":8},"end":{"line":91,"column":68}},"38":{"start":{"line":92,"column":8},"end":{"line":92,"column":35}},"39":{"start":{"line":95,"column":6},"end":{"line":95,"column":57}},"40":{"start":{"line":96,"column":6},"end":{"line":96,"column":43}},"41":{"start":{"line":98,"column":6},"end":{"line":98,"column":24}},"42":{"start":{"line":102,"column":24},"end":{"line":136,"column":3}},"43":{"start":{"line":103,"column":20},"end":{"line":108,"column":5}},"44":{"start":{"line":110,"column":4},"end":{"line":125,"column":7}},"45":{"start":{"line":111,"column":6},"end":{"line":124,"column":7}},"46":{"start":{"line":112,"column":8},"end":{"line":112,"column":39}},"47":{"start":{"line":113,"column":13},"end":{"line":124,"column":7}},"48":{"start":{"line":114,"column":8},"end":{"line":114,"column":38}},"49":{"start":{"line":116,"column":32},"end":{"line":116,"column":72}},"50":{"start":{"line":117,"column":8},"end":{"line":123,"column":9}},"51":{"start":{"line":118,"column":10},"end":{"line":118,"column":45}},"52":{"start":{"line":119,"column":15},"end":{"line":123,"column":9}},"53":{"start":{"line":120,"column":10},"end":{"line":120,"column":38}},"54":{"start":{"line":122,"column":10},"end":{"line":122,"column":40}},"55":{"start":{"line":128,"column":4},"end":{"line":128,"column":113}},"56":{"start":{"line":128,"column":40},"end":{"line":128,"column":111}},"57":{"start":{"line":129,"column":4},"end":{"line":129,"column":106}},"58":{"start":{"line":129,"column":33},"end":{"line":129,"column":104}},"59":{"start":{"line":133,"column":4},"end":{"line":133,"column":64}},"60":{"start":{"line":133,"column":36},"end":{"line":133,"column":62}},"61":{"start":{"line":135,"column":4},"end":{"line":135,"column":32}},"62":{"start":{"line":138,"column":20},"end":{"line":142,"column":8}},"63":{"start":{"line":139,"column":4},"end":{"line":139,"column":24}},"64":{"start":{"line":140,"column":4},"end":{"line":140,"column":26}},"65":{"start":{"line":141,"column":4},"end":{"line":141,"column":25}},"66":{"start":{"line":144,"column":2},"end":{"line":146,"column":9}},"67":{"start":{"line":145,"column":4},"end":{"line":145,"column":20}},"68":{"start":{"line":148,"column":23},"end":{"line":180,"column":3}},"69":{"start":{"line":149,"column":4},"end":{"line":179,"column":6}},"70":{"start":{"line":157,"column":12},"end":{"line":174,"column":13}},"71":{"start":{"line":158,"column":14},"end":{"line":158,"column":45}},"72":{"start":{"line":159,"column":31},"end":{"line":159,"column":61}},"73":{"start":{"line":160,"column":14},"end":{"line":168,"column":15}},"74":{"start":{"line":161,"column":16},"end":{"line":161,"column":72}},"75":{"start":{"line":162,"column":40},"end":{"line":162,"column":95}},"76":{"start":{"line":162,"column":69},"end":{"line":162,"column":94}},"77":{"start":{"line":163,"column":16},"end":{"line":163,"column":45}},"78":{"start":{"line":164,"column":16},"end":{"line":164,"column":47}},"79":{"start":{"line":166,"column":16},"end":{"line":166,"column":75}},"80":{"start":{"line":167,"column":16},"end":{"line":167,"column":55}},"81":{"start":{"line":170,"column":14},"end":{"line":170,"column":66}},"82":{"start":{"line":171,"column":14},"end":{"line":171,"column":63}},"83":{"start":{"line":173,"column":14},"end":{"line":173,"column":40}},"84":{"start":{"line":182,"column":25},"end":{"line":214,"column":3}},"85":{"start":{"line":183,"column":4},"end":{"line":213,"column":5}},"86":{"start":{"line":184,"column":6},"end":{"line":184,"column":37}},"87":{"start":{"line":185,"column":6},"end":{"line":185,"column":61}},"88":{"start":{"line":188,"column":23},"end":{"line":188,"column":71}},"89":{"start":{"line":190,"column":6},"end":{"line":207,"column":7}},"90":{"start":{"line":191,"column":8},"end":{"line":191,"column":75}},"91":{"start":{"line":193,"column":32},"end":{"line":197,"column":9}},"92":{"start":{"line":194,"column":10},"end":{"line":196,"column":21}},"93":{"start":{"line":199,"column":8},"end":{"line":199,"column":37}},"94":{"start":{"line":200,"column":8},"end":{"line":200,"column":39}},"95":{"start":{"line":203,"column":8},"end":{"line":203,"column":61}},"96":{"start":{"line":205,"column":8},"end":{"line":205,"column":82}},"97":{"start":{"line":206,"column":8},"end":{"line":206,"column":87}},"98":{"start":{"line":209,"column":6},"end":{"line":209,"column":69}},"99":{"start":{"line":210,"column":6},"end":{"line":210,"column":65}},"100":{"start":{"line":212,"column":6},"end":{"line":212,"column":32}},"101":{"start":{"line":216,"column":28},"end":{"line":316,"column":3}},"102":{"start":{"line":218,"column":28},"end":{"line":218,"column":65}},"103":{"start":{"line":221,"column":22},"end":{"line":221,"column":31}},"104":{"start":{"line":222,"column":22},"end":{"line":222,"column":29}},"105":{"start":{"line":224,"column":4},"end":{"line":235,"column":5}},"106":{"start":{"line":225,"column":6},"end":{"line":225,"column":30}},"107":{"start":{"line":226,"column":6},"end":{"line":226,"column":31}},"108":{"start":{"line":227,"column":11},"end":{"line":235,"column":5}},"109":{"start":{"line":228,"column":6},"end":{"line":228,"column":30}},"110":{"start":{"line":229,"column":6},"end":{"line":229,"column":30}},"111":{"start":{"line":230,"column":11},"end":{"line":235,"column":5}},"112":{"start":{"line":231,"column":6},"end":{"line":231,"column":30}},"113":{"start":{"line":232,"column":6},"end":{"line":232,"column":85}},"114":{"start":{"line":234,"column":6},"end":{"line":234,"column":51}},"115":{"start":{"line":238,"column":25},"end":{"line":238,"column":70}},"116":{"start":{"line":241,"column":24},"end":{"line":241,"column":50}},"117":{"start":{"line":242,"column":25},"end":{"line":242,"column":54}},"118":{"start":{"line":244,"column":4},"end":{"line":315,"column":6}},"119":{"start":{"line":278,"column":29},"end":{"line":278,"column":53}},"120":{"start":{"line":290,"column":29},"end":{"line":290,"column":51}},"121":{"start":{"line":305,"column":29},"end":{"line":305,"column":51}},"122":{"start":{"line":318,"column":23},"end":{"line":400,"column":3}},"123":{"start":{"line":320,"column":26},"end":{"line":324,"column":6}},"124":{"start":{"line":326,"column":4},"end":{"line":399,"column":6}},"125":{"start":{"line":348,"column":29},"end":{"line":348,"column":48}},"126":{"start":{"line":357,"column":29},"end":{"line":357,"column":53}},"127":{"start":{"line":371,"column":29},"end":{"line":371,"column":52}},"128":{"start":{"line":385,"column":29},"end":{"line":385,"column":53}},"129":{"start":{"line":402,"column":30},"end":{"line":415,"column":3}},"130":{"start":{"line":403,"column":4},"end":{"line":414,"column":5}},"131":{"start":{"line":405,"column":8},"end":{"line":405,"column":44}},"132":{"start":{"line":407,"column":8},"end":{"line":407,"column":39}},"133":{"start":{"line":409,"column":8},"end":{"line":409,"column":40}},"134":{"start":{"line":413,"column":8},"end":{"line":413,"column":103}},"135":{"start":{"line":417,"column":2},"end":{"line":426,"column":3}},"136":{"start":{"line":418,"column":4},"end":{"line":425,"column":6}},"137":{"start":{"line":428,"column":2},"end":{"line":495,"column":4}},"138":{"start":{"line":445,"column":34},"end":{"line":445,"column":42}},"139":{"start":{"line":457,"column":12},"end":{"line":485,"column":19}},"140":{"start":{"line":498,"column":15},"end":{"line":733,"column":2}}},"fnMap":{"0":{"name":"(anonymous_0)","decl":{"start":{"line":33,"column":27},"end":{"line":33,"column":28}},"loc":{"start":{"line":33,"column":51},"end":{"line":40,"column":1}},"line":33},"1":{"name":"(anonymous_1)","decl":{"start":{"line":43,"column":24},"end":{"line":43,"column":25}},"loc":{"start":{"line":43,"column":69},"end":{"line":55,"column":1}},"line":43},"2":{"name":"HomeScreen","decl":{"start":{"line":57,"column":24},"end":{"line":57,"column":34}},"loc":{"start":{"line":57,"column":37},"end":{"line":496,"column":1}},"line":57},"3":{"name":"(anonymous_3)","decl":{"start":{"line":81,"column":24},"end":{"line":81,"column":25}},"loc":{"start":{"line":81,"column":36},"end":{"line":100,"column":3}},"line":81},"4":{"name":"(anonymous_4)","decl":{"start":{"line":102,"column":24},"end":{"line":102,"column":25}},"loc":{"start":{"line":102,"column":52},"end":{"line":136,"column":3}},"line":102},"5":{"name":"(anonymous_5)","decl":{"start":{"line":110,"column":24},"end":{"line":110,"column":25}},"loc":{"start":{"line":110,"column":35},"end":{"line":125,"column":5}},"line":110},"6":{"name":"(anonymous_6)","decl":{"start":{"line":128,"column":30},"end":{"line":128,"column":31}},"loc":{"start":{"line":128,"column":40},"end":{"line":128,"column":111}},"line":128},"7":{"name":"(anonymous_7)","decl":{"start":{"line":129,"column":23},"end":{"line":129,"column":24}},"loc":{"start":{"line":129,"column":33},"end":{"line":129,"column":104}},"line":129},"8":{"name":"(anonymous_8)","decl":{"start":{"line":133,"column":26},"end":{"line":133,"column":27}},"loc":{"start":{"line":133,"column":36},"end":{"line":133,"column":62}},"line":133},"9":{"name":"(anonymous_9)","decl":{"start":{"line":138,"column":32},"end":{"line":138,"column":33}},"loc":{"start":{"line":138,"column":44},"end":{"line":142,"column":3}},"line":138},"10":{"name":"(anonymous_10)","decl":{"start":{"line":144,"column":12},"end":{"line":144,"column":13}},"loc":{"start":{"line":144,"column":18},"end":{"line":146,"column":3}},"line":144},"11":{"name":"(anonymous_11)","decl":{"start":{"line":148,"column":23},"end":{"line":148,"column":24}},"loc":{"start":{"line":148,"column":52},"end":{"line":180,"column":3}},"line":148},"12":{"name":"(anonymous_12)","decl":{"start":{"line":156,"column":19},"end":{"line":156,"column":20}},"loc":{"start":{"line":156,"column":31},"end":{"line":175,"column":11}},"line":156},"13":{"name":"(anonymous_13)","decl":{"start":{"line":162,"column":56},"end":{"line":162,"column":57}},"loc":{"start":{"line":162,"column":69},"end":{"line":162,"column":94}},"line":162},"14":{"name":"(anonymous_14)","decl":{"start":{"line":182,"column":25},"end":{"line":182,"column":26}},"loc":{"start":{"line":182,"column":54},"end":{"line":214,"column":3}},"line":182},"15":{"name":"(anonymous_15)","decl":{"start":{"line":193,"column":45},"end":{"line":193,"column":46}},"loc":{"start":{"line":194,"column":10},"end":{"line":196,"column":21}},"line":194},"16":{"name":"(anonymous_16)","decl":{"start":{"line":216,"column":28},"end":{"line":216,"column":29}},"loc":{"start":{"line":216,"column":61},"end":{"line":316,"column":3}},"line":216},"17":{"name":"(anonymous_17)","decl":{"start":{"line":278,"column":23},"end":{"line":278,"column":24}},"loc":{"start":{"line":278,"column":29},"end":{"line":278,"column":53}},"line":278},"18":{"name":"(anonymous_18)","decl":{"start":{"line":290,"column":23},"end":{"line":290,"column":24}},"loc":{"start":{"line":290,"column":29},"end":{"line":290,"column":51}},"line":290},"19":{"name":"(anonymous_19)","decl":{"start":{"line":305,"column":23},"end":{"line":305,"column":24}},"loc":{"start":{"line":305,"column":29},"end":{"line":305,"column":51}},"line":305},"20":{"name":"(anonymous_20)","decl":{"start":{"line":318,"column":23},"end":{"line":318,"column":24}},"loc":{"start":{"line":318,"column":29},"end":{"line":400,"column":3}},"line":318},"21":{"name":"(anonymous_21)","decl":{"start":{"line":348,"column":23},"end":{"line":348,"column":24}},"loc":{"start":{"line":348,"column":29},"end":{"line":348,"column":48}},"line":348},"22":{"name":"(anonymous_22)","decl":{"start":{"line":357,"column":23},"end":{"line":357,"column":24}},"loc":{"start":{"line":357,"column":29},"end":{"line":357,"column":53}},"line":357},"23":{"name":"(anonymous_23)","decl":{"start":{"line":371,"column":23},"end":{"line":371,"column":24}},"loc":{"start":{"line":371,"column":29},"end":{"line":371,"column":52}},"line":371},"24":{"name":"(anonymous_24)","decl":{"start":{"line":385,"column":23},"end":{"line":385,"column":24}},"loc":{"start":{"line":385,"column":29},"end":{"line":385,"column":53}},"line":385},"25":{"name":"(anonymous_25)","decl":{"start":{"line":402,"column":30},"end":{"line":402,"column":31}},"loc":{"start":{"line":402,"column":36},"end":{"line":415,"column":3}},"line":402},"26":{"name":"(anonymous_26)","decl":{"start":{"line":445,"column":24},"end":{"line":445,"column":25}},"loc":{"start":{"line":445,"column":34},"end":{"line":445,"column":42}},"line":445},"27":{"name":"(anonymous_27)","decl":{"start":{"line":456,"column":30},"end":{"line":456,"column":31}},"loc":{"start":{"line":457,"column":12},"end":{"line":485,"column":19}},"line":457}},"branchMap":{"0":{"loc":{"start":{"line":44,"column":2},"end":{"line":54,"column":3}},"type":"if","locations":[{"start":{"line":44,"column":2},"end":{"line":54,"column":3}},{"start":{"line":46,"column":9},"end":{"line":54,"column":3}}],"line":44},"1":{"loc":{"start":{"line":46,"column":9},"end":{"line":54,"column":3}},"type":"if","locations":[{"start":{"line":46,"column":9},"end":{"line":54,"column":3}},{"start":{"line":48,"column":9},"end":{"line":54,"column":3}}],"line":46},"2":{"loc":{"start":{"line":46,"column":13},"end":{"line":46,"column":56}},"type":"binary-expr","locations":[{"start":{"line":46,"column":13},"end":{"line":46,"column":33}},{"start":{"line":46,"column":37},"end":{"line":46,"column":56}}],"line":46},"3":{"loc":{"start":{"line":48,"column":9},"end":{"line":54,"column":3}},"type":"if","locations":[{"start":{"line":48,"column":9},"end":{"line":54,"column":3}},{"start":{"line":50,"column":9},"end":{"line":54,"column":3}}],"line":48},"4":{"loc":{"start":{"line":50,"column":9},"end":{"line":54,"column":3}},"type":"if","locations":[{"start":{"line":50,"column":9},"end":{"line":54,"column":3}},{"start":{"line":52,"column":9},"end":{"line":54,"column":3}}],"line":50},"5":{"loc":{"start":{"line":86,"column":6},"end":{"line":93,"column":7}},"type":"if","locations":[{"start":{"line":86,"column":6},"end":{"line":93,"column":7}},{"start":{"line":90,"column":13},"end":{"line":93,"column":7}}],"line":86},"6":{"loc":{"start":{"line":111,"column":6},"end":{"line":124,"column":7}},"type":"if","locations":[{"start":{"line":111,"column":6},"end":{"line":124,"column":7}},{"start":{"line":113,"column":13},"end":{"line":124,"column":7}}],"line":111},"7":{"loc":{"start":{"line":113,"column":13},"end":{"line":124,"column":7}},"type":"if","locations":[{"start":{"line":113,"column":13},"end":{"line":124,"column":7}},{"start":{"line":115,"column":13},"end":{"line":124,"column":7}}],"line":113},"8":{"loc":{"start":{"line":117,"column":8},"end":{"line":123,"column":9}},"type":"if","locations":[{"start":{"line":117,"column":8},"end":{"line":123,"column":9}},{"start":{"line":119,"column":15},"end":{"line":123,"column":9}}],"line":117},"9":{"loc":{"start":{"line":117,"column":12},"end":{"line":117,"column":56}},"type":"binary-expr","locations":[{"start":{"line":117,"column":12},"end":{"line":117,"column":32}},{"start":{"line":117,"column":36},"end":{"line":117,"column":56}}],"line":117},"10":{"loc":{"start":{"line":119,"column":15},"end":{"line":123,"column":9}},"type":"if","locations":[{"start":{"line":119,"column":15},"end":{"line":123,"column":9}},{"start":{"line":121,"column":15},"end":{"line":123,"column":9}}],"line":119},"11":{"loc":{"start":{"line":160,"column":14},"end":{"line":168,"column":15}},"type":"if","locations":[{"start":{"line":160,"column":14},"end":{"line":168,"column":15}},{"start":{"line":165,"column":21},"end":{"line":168,"column":15}}],"line":160},"12":{"loc":{"start":{"line":190,"column":6},"end":{"line":207,"column":7}},"type":"if","locations":[{"start":{"line":190,"column":6},"end":{"line":207,"column":7}},{"start":{"line":204,"column":13},"end":{"line":207,"column":7}}],"line":190},"13":{"loc":{"start":{"line":194,"column":10},"end":{"line":196,"column":21}},"type":"cond-expr","locations":[{"start":{"line":195,"column":14},"end":{"line":195,"column":57}},{"start":{"line":196,"column":14},"end":{"line":196,"column":21}}],"line":194},"14":{"loc":{"start":{"line":206,"column":29},"end":{"line":206,"column":85}},"type":"binary-expr","locations":[{"start":{"line":206,"column":29},"end":{"line":206,"column":45}},{"start":{"line":206,"column":49},"end":{"line":206,"column":85}}],"line":206},"15":{"loc":{"start":{"line":224,"column":4},"end":{"line":235,"column":5}},"type":"if","locations":[{"start":{"line":224,"column":4},"end":{"line":235,"column":5}},{"start":{"line":227,"column":11},"end":{"line":235,"column":5}}],"line":224},"16":{"loc":{"start":{"line":227,"column":11},"end":{"line":235,"column":5}},"type":"if","locations":[{"start":{"line":227,"column":11},"end":{"line":235,"column":5}},{"start":{"line":230,"column":11},"end":{"line":235,"column":5}}],"line":227},"17":{"loc":{"start":{"line":227,"column":15},"end":{"line":227,"column":63}},"type":"binary-expr","locations":[{"start":{"line":227,"column":15},"end":{"line":227,"column":40}},{"start":{"line":227,"column":44},"end":{"line":227,"column":63}}],"line":227},"18":{"loc":{"start":{"line":230,"column":11},"end":{"line":235,"column":5}},"type":"if","locations":[{"start":{"line":230,"column":11},"end":{"line":235,"column":5}},{"start":{"line":233,"column":11},"end":{"line":235,"column":5}}],"line":230},"19":{"loc":{"start":{"line":232,"column":45},"end":{"line":232,"column":77}},"type":"cond-expr","locations":[{"start":{"line":232,"column":69},"end":{"line":232,"column":72}},{"start":{"line":232,"column":75},"end":{"line":232,"column":77}}],"line":232},"20":{"loc":{"start":{"line":274,"column":9},"end":{"line":298,"column":9}},"type":"binary-expr","locations":[{"start":{"line":274,"column":9},"end":{"line":274,"column":20}},{"start":{"line":275,"column":10},"end":{"line":297,"column":17}}],"line":274},"21":{"loc":{"start":{"line":281,"column":53},"end":{"line":281,"column":100}},"type":"binary-expr","locations":[{"start":{"line":281,"column":53},"end":{"line":281,"column":65}},{"start":{"line":281,"column":69},"end":{"line":281,"column":100}}],"line":281},"22":{"loc":{"start":{"line":282,"column":17},"end":{"line":282,"column":41}},"type":"cond-expr","locations":[{"start":{"line":282,"column":32},"end":{"line":282,"column":35}},{"start":{"line":282,"column":38},"end":{"line":282,"column":41}}],"line":282},"23":{"loc":{"start":{"line":293,"column":53},"end":{"line":293,"column":100}},"type":"binary-expr","locations":[{"start":{"line":293,"column":53},"end":{"line":293,"column":65}},{"start":{"line":293,"column":69},"end":{"line":293,"column":100}}],"line":293},"24":{"loc":{"start":{"line":294,"column":17},"end":{"line":294,"column":43}},"type":"cond-expr","locations":[{"start":{"line":294,"column":32},"end":{"line":294,"column":35}},{"start":{"line":294,"column":38},"end":{"line":294,"column":43}}],"line":294},"25":{"loc":{"start":{"line":301,"column":9},"end":{"line":313,"column":9}},"type":"binary-expr","locations":[{"start":{"line":301,"column":9},"end":{"line":301,"column":21}},{"start":{"line":302,"column":10},"end":{"line":312,"column":17}}],"line":301},"26":{"loc":{"start":{"line":308,"column":53},"end":{"line":308,"column":100}},"type":"binary-expr","locations":[{"start":{"line":308,"column":53},"end":{"line":308,"column":65}},{"start":{"line":308,"column":69},"end":{"line":308,"column":100}}],"line":308},"27":{"loc":{"start":{"line":309,"column":17},"end":{"line":309,"column":43}},"type":"cond-expr","locations":[{"start":{"line":309,"column":32},"end":{"line":309,"column":35}},{"start":{"line":309,"column":38},"end":{"line":309,"column":43}}],"line":309},"28":{"loc":{"start":{"line":347,"column":34},"end":{"line":347,"column":73}},"type":"binary-expr","locations":[{"start":{"line":347,"column":34},"end":{"line":347,"column":53}},{"start":{"line":347,"column":57},"end":{"line":347,"column":73}}],"line":347},"29":{"loc":{"start":{"line":350,"column":44},"end":{"line":350,"column":87}},"type":"binary-expr","locations":[{"start":{"line":350,"column":44},"end":{"line":350,"column":63}},{"start":{"line":350,"column":67},"end":{"line":350,"column":87}}],"line":350},"30":{"loc":{"start":{"line":356,"column":34},"end":{"line":356,"column":78}},"type":"binary-expr","locations":[{"start":{"line":356,"column":34},"end":{"line":356,"column":58}},{"start":{"line":356,"column":62},"end":{"line":356,"column":78}}],"line":356},"31":{"loc":{"start":{"line":359,"column":44},"end":{"line":359,"column":92}},"type":"binary-expr","locations":[{"start":{"line":359,"column":44},"end":{"line":359,"column":68}},{"start":{"line":359,"column":72},"end":{"line":359,"column":92}}],"line":359},"32":{"loc":{"start":{"line":362,"column":15},"end":{"line":366,"column":15}},"type":"binary-expr","locations":[{"start":{"line":362,"column":15},"end":{"line":362,"column":54}},{"start":{"line":363,"column":16},"end":{"line":365,"column":23}}],"line":362},"33":{"loc":{"start":{"line":370,"column":34},"end":{"line":370,"column":77}},"type":"binary-expr","locations":[{"start":{"line":370,"column":34},"end":{"line":370,"column":57}},{"start":{"line":370,"column":61},"end":{"line":370,"column":77}}],"line":370},"34":{"loc":{"start":{"line":373,"column":44},"end":{"line":373,"column":91}},"type":"binary-expr","locations":[{"start":{"line":373,"column":44},"end":{"line":373,"column":67}},{"start":{"line":373,"column":71},"end":{"line":373,"column":91}}],"line":373},"35":{"loc":{"start":{"line":376,"column":15},"end":{"line":380,"column":15}},"type":"binary-expr","locations":[{"start":{"line":376,"column":15},"end":{"line":376,"column":49}},{"start":{"line":377,"column":16},"end":{"line":379,"column":23}}],"line":376},"36":{"loc":{"start":{"line":384,"column":34},"end":{"line":384,"column":78}},"type":"binary-expr","locations":[{"start":{"line":384,"column":34},"end":{"line":384,"column":58}},{"start":{"line":384,"column":62},"end":{"line":384,"column":78}}],"line":384},"37":{"loc":{"start":{"line":387,"column":44},"end":{"line":387,"column":92}},"type":"binary-expr","locations":[{"start":{"line":387,"column":44},"end":{"line":387,"column":68}},{"start":{"line":387,"column":72},"end":{"line":387,"column":92}}],"line":387},"38":{"loc":{"start":{"line":390,"column":15},"end":{"line":394,"column":15}},"type":"binary-expr","locations":[{"start":{"line":390,"column":15},"end":{"line":390,"column":50}},{"start":{"line":391,"column":16},"end":{"line":393,"column":23}}],"line":390},"39":{"loc":{"start":{"line":403,"column":4},"end":{"line":414,"column":5}},"type":"switch","locations":[{"start":{"line":404,"column":6},"end":{"line":405,"column":44}},{"start":{"line":406,"column":6},"end":{"line":407,"column":39}},{"start":{"line":408,"column":6},"end":{"line":409,"column":40}},{"start":{"line":410,"column":6},"end":{"line":410,"column":17}},{"start":{"line":411,"column":6},"end":{"line":413,"column":103}}],"line":403},"40":{"loc":{"start":{"line":417,"column":2},"end":{"line":426,"column":3}},"type":"if","locations":[{"start":{"line":417,"column":2},"end":{"line":426,"column":3}},{"start":{},"end":{}}],"line":417},"41":{"loc":{"start":{"line":417,"column":6},"end":{"line":417,"column":28}},"type":"binary-expr","locations":[{"start":{"line":417,"column":6},"end":{"line":417,"column":13}},{"start":{"line":417,"column":17},"end":{"line":417,"column":28}}],"line":417},"42":{"loc":{"start":{"line":434,"column":7},"end":{"line":493,"column":7}},"type":"cond-expr","locations":[{"start":{"line":435,"column":8},"end":{"line":441,"column":15}},{"start":{"line":443,"column":8},"end":{"line":492,"column":10}}],"line":434},"43":{"loc":{"start":{"line":459,"column":17},"end":{"line":465,"column":29}},"type":"cond-expr","locations":[{"start":{"line":460,"column":20},"end":{"line":460,"column":24}},{"start":{"line":461,"column":20},"end":{"line":465,"column":29}}],"line":459},"44":{"loc":{"start":{"line":461,"column":20},"end":{"line":465,"column":29}},"type":"cond-expr","locations":[{"start":{"line":462,"column":22},"end":{"line":462,"column":26}},{"start":{"line":463,"column":22},"end":{"line":465,"column":29}}],"line":461},"45":{"loc":{"start":{"line":463,"column":22},"end":{"line":465,"column":29}},"type":"cond-expr","locations":[{"start":{"line":464,"column":24},"end":{"line":464,"column":28}},{"start":{"line":465,"column":24},"end":{"line":465,"column":29}}],"line":463},"46":{"loc":{"start":{"line":468,"column":17},"end":{"line":474,"column":43}},"type":"cond-expr","locations":[{"start":{"line":469,"column":20},"end":{"line":469,"column":42}},{"start":{"line":470,"column":20},"end":{"line":474,"column":43}}],"line":468},"47":{"loc":{"start":{"line":470,"column":20},"end":{"line":474,"column":43}},"type":"cond-expr","locations":[{"start":{"line":471,"column":22},"end":{"line":471,"column":46}},{"start":{"line":472,"column":22},"end":{"line":474,"column":43}}],"line":470},"48":{"loc":{"start":{"line":472,"column":22},"end":{"line":474,"column":43}},"type":"cond-expr","locations":[{"start":{"line":473,"column":24},"end":{"line":473,"column":42}},{"start":{"line":474,"column":24},"end":{"line":474,"column":43}}],"line":472},"49":{"loc":{"start":{"line":477,"column":17},"end":{"line":483,"column":69}},"type":"cond-expr","locations":[{"start":{"line":478,"column":20},"end":{"line":478,"column":63}},{"start":{"line":479,"column":20},"end":{"line":483,"column":69}}],"line":477},"50":{"loc":{"start":{"line":479,"column":20},"end":{"line":483,"column":69}},"type":"cond-expr","locations":[{"start":{"line":480,"column":22},"end":{"line":480,"column":48}},{"start":{"line":481,"column":22},"end":{"line":483,"column":69}}],"line":479},"51":{"loc":{"start":{"line":481,"column":22},"end":{"line":483,"column":69}},"type":"cond-expr","locations":[{"start":{"line":482,"column":24},"end":{"line":482,"column":62}},{"start":{"line":483,"column":24},"end":{"line":483,"column":69}}],"line":481}},"s":{"0":1,"1":1,"2":8,"3":8,"4":8,"5":8,"6":8,"7":8,"8":1,"9":5,"10":0,"11":5,"12":5,"13":0,"14":0,"15":0,"16":0,"17":0,"18":10,"19":10,"20":10,"21":10,"22":10,"23":10,"24":10,"25":10,"26":10,"27":10,"28":10,"29":3,"30":3,"31":3,"32":3,"33":3,"34":3,"35":3,"36":3,"37":0,"38":0,"39":0,"40":0,"41":3,"42":10,"43":5,"44":5,"45":4,"46":1,"47":3,"48":0,"49":3,"50":3,"51":0,"52":3,"53":0,"54":3,"55":5,"56":0,"57":5,"58":0,"59":5,"60":0,"61":5,"62":10,"63":0,"64":0,"65":0,"66":10,"67":3,"68":10,"69":1,"70":1,"71":1,"72":1,"73":1,"74":1,"75":1,"76":1,"77":1,"78":1,"79":0,"80":0,"81":0,"82":0,"83":1,"84":10,"85":1,"86":1,"87":1,"88":1,"89":1,"90":1,"91":1,"92":1,"93":1,"94":1,"95":1,"96":0,"97":0,"98":0,"99":0,"100":1,"101":10,"102":5,"103":5,"104":5,"105":5,"106":0,"107":0,"108":5,"109":5,"110":5,"111":0,"112":0,"113":0,"114":0,"115":5,"116":5,"117":5,"118":5,"119":1,"120":1,"121":0,"122":10,"123":7,"124":7,"125":0,"126":0,"127":0,"128":0,"129":10,"130":7,"131":0,"132":0,"133":0,"134":7,"135":10,"136":3,"137":7,"138":8,"139":2,"140":1},"f":{"0":8,"1":5,"2":10,"3":3,"4":5,"5":4,"6":0,"7":0,"8":0,"9":0,"10":3,"11":1,"12":1,"13":1,"14":1,"15":1,"16":5,"17":1,"18":1,"19":0,"20":7,"21":0,"22":0,"23":0,"24":0,"25":7,"26":8,"27":2},"b":{"0":[0,5],"1":[5,0],"2":[5,5],"3":[0,0],"4":[0,0],"5":[3,0],"6":[1,3],"7":[0,3],"8":[0,3],"9":[3,3],"10":[0,3],"11":[1,0],"12":[1,0],"13":[1,0],"14":[0,0],"15":[0,5],"16":[5,0],"17":[5,5],"18":[0,0],"19":[0,0],"20":[5,5],"21":[5,2],"22":[2,3],"23":[5,2],"24":[2,3],"25":[5,0],"26":[0,0],"27":[0,0],"28":[7,7],"29":[7,7],"30":[7,0],"31":[7,0],"32":[7,0],"33":[7,0],"34":[7,0],"35":[7,5],"36":[7,0],"37":[7,0],"38":[7,1],"39":[0,0,0,7,7],"40":[3,7],"41":[10,3],"42":[0,7],"43":[2,0],"44":[0,0],"45":[0,0],"46":[2,0],"47":[0,0],"48":[0,0],"49":[2,0],"50":[0,0],"51":[0,0]},"_coverageSchema":"1a1c01bbd47fc00a2c39e90264f33305004495a9","hash":"be4b469c3aaaf0c0b41aeba7f8f64e770f02acff"}
,"C:\\Users\\chzba\\OneDrive\\Desktop\\University\\Year 2\\Software Engineering\\Coursework\\FridgeFriend\\frontend\\app\\(tabs)\\scan.tsx": {"path":"C:\\Users\\chzba\\OneDrive\\Desktop\\University\\Year 2\\Software Engineering\\Coursework\\FridgeFriend\\frontend\\app\\(tabs)\\scan.tsx","statementMap":{"0":{"start":{"line":24,"column":38},"end":{"line":24,"column":66}},"1":{"start":{"line":25,"column":44},"end":{"line":25,"column":74}},"2":{"start":{"line":26,"column":32},"end":{"line":26,"column":47}},"3":{"start":{"line":27,"column":34},"end":{"line":27,"column":49}},"4":{"start":{"line":28,"column":40},"end":{"line":28,"column":60}},"5":{"start":{"line":29,"column":34},"end":{"line":29,"column":45}},"6":{"start":{"line":30,"column":42},"end":{"line":30,"column":62}},"7":{"start":{"line":31,"column":46},"end":{"line":31,"column":61}},"8":{"start":{"line":32,"column":46},"end":{"line":32,"column":61}},"9":{"start":{"line":33,"column":36},"end":{"line":33,"column":51}},"10":{"start":{"line":35,"column":34},"end":{"line":35,"column":43}},"11":{"start":{"line":36,"column":17},"end":{"line":36,"column":36}},"12":{"start":{"line":37,"column":23},"end":{"line":37,"column":46}},"13":{"start":{"line":40,"column":2},"end":{"line":45,"column":9}},"14":{"start":{"line":41,"column":4},"end":{"line":44,"column":9}},"15":{"start":{"line":42,"column":25},"end":{"line":42,"column":69}},"16":{"start":{"line":43,"column":6},"end":{"line":43,"column":45}},"17":{"start":{"line":47,"column":31},"end":{"line":93,"column":3}},"18":{"start":{"line":49,"column":22},"end":{"line":49,"column":32}},"19":{"start":{"line":50,"column":4},"end":{"line":50,"column":80}},"20":{"start":{"line":50,"column":73},"end":{"line":50,"column":80}},"21":{"start":{"line":52,"column":4},"end":{"line":52,"column":48}},"22":{"start":{"line":53,"column":4},"end":{"line":53,"column":21}},"23":{"start":{"line":54,"column":4},"end":{"line":54,"column":23}},"24":{"start":{"line":55,"column":4},"end":{"line":55,"column":23}},"25":{"start":{"line":57,"column":4},"end":{"line":92,"column":5}},"26":{"start":{"line":58,"column":23},"end":{"line":58,"column":46}},"27":{"start":{"line":59,"column":6},"end":{"line":59,"column":26}},"28":{"start":{"line":61,"column":6},"end":{"line":85,"column":7}},"29":{"start":{"line":62,"column":8},"end":{"line":62,"column":54}},"30":{"start":{"line":63,"column":8},"end":{"line":63,"column":32}},"31":{"start":{"line":65,"column":8},"end":{"line":84,"column":10}},"32":{"start":{"line":72,"column":16},"end":{"line":72,"column":35}},"33":{"start":{"line":73,"column":16},"end":{"line":73,"column":40}},"34":{"start":{"line":79,"column":16},"end":{"line":79,"column":34}},"35":{"start":{"line":80,"column":16},"end":{"line":80,"column":34}},"36":{"start":{"line":87,"column":6},"end":{"line":87,"column":26}},"37":{"start":{"line":88,"column":6},"end":{"line":88,"column":51}},"38":{"start":{"line":89,"column":6},"end":{"line":89,"column":72}},"39":{"start":{"line":90,"column":6},"end":{"line":90,"column":24}},"40":{"start":{"line":91,"column":6},"end":{"line":91,"column":24}},"41":{"start":{"line":95,"column":34},"end":{"line":121,"column":3}},"42":{"start":{"line":96,"column":4},"end":{"line":99,"column":5}},"43":{"start":{"line":97,"column":6},"end":{"line":97,"column":55}},"44":{"start":{"line":98,"column":6},"end":{"line":98,"column":13}},"45":{"start":{"line":101,"column":4},"end":{"line":101,"column":23}},"46":{"start":{"line":102,"column":26},"end":{"line":102,"column":66}},"47":{"start":{"line":104,"column":4},"end":{"line":120,"column":5}},"48":{"start":{"line":105,"column":33},"end":{"line":105,"column":102}},"49":{"start":{"line":106,"column":6},"end":{"line":106,"column":26}},"50":{"start":{"line":108,"column":6},"end":{"line":116,"column":7}},"51":{"start":{"line":109,"column":8},"end":{"line":113,"column":10}},"52":{"start":{"line":115,"column":8},"end":{"line":115,"column":95}},"53":{"start":{"line":118,"column":6},"end":{"line":118,"column":26}},"54":{"start":{"line":119,"column":6},"end":{"line":119,"column":59}},"55":{"start":{"line":123,"column":20},"end":{"line":130,"column":3}},"56":{"start":{"line":124,"column":4},"end":{"line":124,"column":22}},"57":{"start":{"line":125,"column":4},"end":{"line":125,"column":22}},"58":{"start":{"line":126,"column":4},"end":{"line":126,"column":23}},"59":{"start":{"line":127,"column":4},"end":{"line":127,"column":19}},"60":{"start":{"line":128,"column":4},"end":{"line":128,"column":32}},"61":{"start":{"line":129,"column":4},"end":{"line":129,"column":29}},"62":{"start":{"line":132,"column":27},"end":{"line":134,"column":3}},"63":{"start":{"line":133,"column":4},"end":{"line":133,"column":70}},"64":{"start":{"line":133,"column":30},"end":{"line":133,"column":67}},"65":{"start":{"line":136,"column":24},"end":{"line":139,"column":3}},"66":{"start":{"line":137,"column":4},"end":{"line":137,"column":22}},"67":{"start":{"line":138,"column":4},"end":{"line":138,"column":22}},"68":{"start":{"line":142,"column":2},"end":{"line":148,"column":3}},"69":{"start":{"line":143,"column":4},"end":{"line":147,"column":6}},"70":{"start":{"line":150,"column":2},"end":{"line":165,"column":3}},"71":{"start":{"line":151,"column":4},"end":{"line":164,"column":6}},"72":{"start":{"line":157,"column":31},"end":{"line":157,"column":75}},"73":{"start":{"line":158,"column":12},"end":{"line":158,"column":51}},"74":{"start":{"line":167,"column":2},"end":{"line":321,"column":4}},"75":{"start":{"line":206,"column":16},"end":{"line":206,"column":35}},"76":{"start":{"line":207,"column":16},"end":{"line":207,"column":35}},"77":{"start":{"line":208,"column":16},"end":{"line":208,"column":40}},"78":{"start":{"line":233,"column":30},"end":{"line":233,"column":54}},"79":{"start":{"line":258,"column":37},"end":{"line":258,"column":75}},"80":{"start":{"line":265,"column":37},"end":{"line":265,"column":62}},"81":{"start":{"line":274,"column":35},"end":{"line":274,"column":58}},"82":{"start":{"line":289,"column":24},"end":{"line":289,"column":49}},"83":{"start":{"line":290,"column":24},"end":{"line":290,"column":72}},"84":{"start":{"line":290,"column":42},"end":{"line":290,"column":72}},"85":{"start":{"line":299,"column":24},"end":{"line":299,"column":49}},"86":{"start":{"line":300,"column":24},"end":{"line":300,"column":42}},"87":{"start":{"line":301,"column":24},"end":{"line":301,"column":42}},"88":{"start":{"line":324,"column":15},"end":{"line":567,"column":2}}},"fnMap":{"0":{"name":"Scan","decl":{"start":{"line":23,"column":24},"end":{"line":23,"column":28}},"loc":{"start":{"line":23,"column":31},"end":{"line":322,"column":1}},"line":23},"1":{"name":"(anonymous_1)","decl":{"start":{"line":40,"column":12},"end":{"line":40,"column":13}},"loc":{"start":{"line":40,"column":18},"end":{"line":45,"column":3}},"line":40},"2":{"name":"(anonymous_2)","decl":{"start":{"line":41,"column":5},"end":{"line":41,"column":6}},"loc":{"start":{"line":41,"column":17},"end":{"line":44,"column":5}},"line":41},"3":{"name":"(anonymous_3)","decl":{"start":{"line":47,"column":31},"end":{"line":47,"column":32}},"loc":{"start":{"line":47,"column":89},"end":{"line":93,"column":3}},"line":47},"4":{"name":"(anonymous_4)","decl":{"start":{"line":71,"column":23},"end":{"line":71,"column":24}},"loc":{"start":{"line":71,"column":29},"end":{"line":74,"column":15}},"line":71},"5":{"name":"(anonymous_5)","decl":{"start":{"line":78,"column":23},"end":{"line":78,"column":24}},"loc":{"start":{"line":78,"column":29},"end":{"line":81,"column":15}},"line":78},"6":{"name":"(anonymous_6)","decl":{"start":{"line":95,"column":34},"end":{"line":95,"column":35}},"loc":{"start":{"line":95,"column":46},"end":{"line":121,"column":3}},"line":95},"7":{"name":"(anonymous_7)","decl":{"start":{"line":123,"column":20},"end":{"line":123,"column":21}},"loc":{"start":{"line":123,"column":26},"end":{"line":130,"column":3}},"line":123},"8":{"name":"(anonymous_8)","decl":{"start":{"line":132,"column":27},"end":{"line":132,"column":28}},"loc":{"start":{"line":132,"column":33},"end":{"line":134,"column":3}},"line":132},"9":{"name":"(anonymous_9)","decl":{"start":{"line":133,"column":18},"end":{"line":133,"column":19}},"loc":{"start":{"line":133,"column":30},"end":{"line":133,"column":67}},"line":133},"10":{"name":"(anonymous_10)","decl":{"start":{"line":136,"column":24},"end":{"line":136,"column":25}},"loc":{"start":{"line":136,"column":30},"end":{"line":139,"column":3}},"line":136},"11":{"name":"(anonymous_11)","decl":{"start":{"line":156,"column":19},"end":{"line":156,"column":20}},"loc":{"start":{"line":156,"column":31},"end":{"line":159,"column":11}},"line":156},"12":{"name":"(anonymous_12)","decl":{"start":{"line":205,"column":23},"end":{"line":205,"column":24}},"loc":{"start":{"line":205,"column":29},"end":{"line":209,"column":15}},"line":205},"13":{"name":"(anonymous_13)","decl":{"start":{"line":233,"column":24},"end":{"line":233,"column":25}},"loc":{"start":{"line":233,"column":30},"end":{"line":233,"column":54}},"line":233},"14":{"name":"(anonymous_14)","decl":{"start":{"line":258,"column":31},"end":{"line":258,"column":32}},"loc":{"start":{"line":258,"column":37},"end":{"line":258,"column":75}},"line":258},"15":{"name":"(anonymous_15)","decl":{"start":{"line":265,"column":31},"end":{"line":265,"column":32}},"loc":{"start":{"line":265,"column":37},"end":{"line":265,"column":62}},"line":265},"16":{"name":"(anonymous_16)","decl":{"start":{"line":274,"column":29},"end":{"line":274,"column":30}},"loc":{"start":{"line":274,"column":35},"end":{"line":274,"column":58}},"line":274},"17":{"name":"(anonymous_17)","decl":{"start":{"line":288,"column":32},"end":{"line":288,"column":33}},"loc":{"start":{"line":288,"column":57},"end":{"line":291,"column":23}},"line":288},"18":{"name":"(anonymous_18)","decl":{"start":{"line":298,"column":31},"end":{"line":298,"column":32}},"loc":{"start":{"line":298,"column":37},"end":{"line":302,"column":23}},"line":298}},"branchMap":{"0":{"loc":{"start":{"line":50,"column":4},"end":{"line":50,"column":80}},"type":"if","locations":[{"start":{"line":50,"column":4},"end":{"line":50,"column":80}},{"start":{},"end":{}}],"line":50},"1":{"loc":{"start":{"line":50,"column":8},"end":{"line":50,"column":71}},"type":"binary-expr","locations":[{"start":{"line":50,"column":8},"end":{"line":50,"column":15}},{"start":{"line":50,"column":20},"end":{"line":50,"column":70}}],"line":50},"2":{"loc":{"start":{"line":61,"column":6},"end":{"line":85,"column":7}},"type":"if","locations":[{"start":{"line":61,"column":6},"end":{"line":85,"column":7}},{"start":{"line":64,"column":13},"end":{"line":85,"column":7}}],"line":61},"3":{"loc":{"start":{"line":61,"column":10},"end":{"line":61,"column":61}},"type":"binary-expr","locations":[{"start":{"line":61,"column":10},"end":{"line":61,"column":27}},{"start":{"line":61,"column":31},"end":{"line":61,"column":61}}],"line":61},"4":{"loc":{"start":{"line":96,"column":4},"end":{"line":99,"column":5}},"type":"if","locations":[{"start":{"line":96,"column":4},"end":{"line":99,"column":5}},{"start":{},"end":{}}],"line":96},"5":{"loc":{"start":{"line":108,"column":6},"end":{"line":116,"column":7}},"type":"if","locations":[{"start":{"line":108,"column":6},"end":{"line":116,"column":7}},{"start":{"line":114,"column":13},"end":{"line":116,"column":7}}],"line":108},"6":{"loc":{"start":{"line":133,"column":30},"end":{"line":133,"column":67}},"type":"cond-expr","locations":[{"start":{"line":133,"column":51},"end":{"line":133,"column":58}},{"start":{"line":133,"column":61},"end":{"line":133,"column":67}}],"line":133},"7":{"loc":{"start":{"line":142,"column":2},"end":{"line":148,"column":3}},"type":"if","locations":[{"start":{"line":142,"column":2},"end":{"line":148,"column":3}},{"start":{},"end":{}}],"line":142},"8":{"loc":{"start":{"line":150,"column":2},"end":{"line":165,"column":3}},"type":"if","locations":[{"start":{"line":150,"column":2},"end":{"line":165,"column":3}},{"start":{},"end":{}}],"line":150},"9":{"loc":{"start":{"line":169,"column":7},"end":{"line":226,"column":7}},"type":"cond-expr","locations":[{"start":{"line":170,"column":8},"end":{"line":214,"column":15}},{"start":{"line":216,"column":8},"end":{"line":225,"column":15}}],"line":169},"10":{"loc":{"start":{"line":174,"column":30},"end":{"line":174,"column":72}},"type":"cond-expr","locations":[{"start":{"line":174,"column":40},"end":{"line":174,"column":49}},{"start":{"line":174,"column":52},"end":{"line":174,"column":72}}],"line":174},"11":{"loc":{"start":{"line":217,"column":11},"end":{"line":224,"column":11}},"type":"binary-expr","locations":[{"start":{"line":217,"column":11},"end":{"line":217,"column":26}},{"start":{"line":218,"column":12},"end":{"line":223,"column":15}}],"line":217},"12":{"loc":{"start":{"line":236,"column":20},"end":{"line":236,"column":64}},"type":"cond-expr","locations":[{"start":{"line":236,"column":44},"end":{"line":236,"column":53}},{"start":{"line":236,"column":56},"end":{"line":236,"column":64}}],"line":236},"13":{"loc":{"start":{"line":243,"column":15},"end":{"line":315,"column":15}},"type":"cond-expr","locations":[{"start":{"line":244,"column":16},"end":{"line":244,"column":79}},{"start":{"line":246,"column":16},"end":{"line":314,"column":19}}],"line":243},"14":{"loc":{"start":{"line":282,"column":19},"end":{"line":293,"column":19}},"type":"binary-expr","locations":[{"start":{"line":282,"column":19},"end":{"line":282,"column":33}},{"start":{"line":283,"column":20},"end":{"line":292,"column":22}}],"line":282},"15":{"loc":{"start":{"line":290,"column":24},"end":{"line":290,"column":72}},"type":"if","locations":[{"start":{"line":290,"column":24},"end":{"line":290,"column":72}},{"start":{},"end":{}}],"line":290}},"s":{"0":33,"1":33,"2":33,"3":33,"4":33,"5":33,"6":33,"7":33,"8":33,"9":33,"10":33,"11":33,"12":33,"13":33,"14":6,"15":6,"16":6,"17":33,"18":3,"19":3,"20":0,"21":3,"22":3,"23":3,"24":3,"25":3,"26":3,"27":2,"28":2,"29":1,"30":1,"31":1,"32":0,"33":0,"34":0,"35":0,"36":1,"37":1,"38":1,"39":1,"40":1,"41":33,"42":1,"43":0,"44":0,"45":1,"46":1,"47":1,"48":1,"49":1,"50":1,"51":1,"52":0,"53":0,"54":0,"55":33,"56":0,"57":0,"58":0,"59":0,"60":0,"61":0,"62":33,"63":0,"64":0,"65":33,"66":6,"67":6,"68":33,"69":6,"70":27,"71":0,"72":0,"73":0,"74":27,"75":3,"76":3,"77":3,"78":0,"79":1,"80":2,"81":0,"82":0,"83":0,"84":0,"85":0,"86":0,"87":0,"88":1},"f":{"0":33,"1":6,"2":6,"3":3,"4":0,"5":0,"6":1,"7":0,"8":0,"9":0,"10":6,"11":0,"12":3,"13":0,"14":1,"15":2,"16":0,"17":0,"18":0},"b":{"0":[0,3],"1":[3,3],"2":[1,1],"3":[2,1],"4":[0,1],"5":[1,0],"6":[0,0],"7":[6,27],"8":[0,27],"9":[7,20],"10":[0,7],"11":[20,10],"12":[27,0],"13":[4,23],"14":[23,0],"15":[0,0]},"_coverageSchema":"1a1c01bbd47fc00a2c39e90264f33305004495a9","hash":"8ba2c626051f367545af6ccdd0646e3f76a885f4"}
,"C:\\Users\\chzba\\OneDrive\\Desktop\\University\\Year 2\\Software Engineering\\Coursework\\FridgeFriend\\frontend\\components\\ThemedText.tsx": {"path":"C:\\Users\\chzba\\OneDrive\\Desktop\\University\\Year 2\\Software Engineering\\Coursework\\FridgeFriend\\frontend\\components\\ThemedText.tsx","statementMap":{"0":{"start":{"line":18,"column":16},"end":{"line":18,"column":77}},"1":{"start":{"line":20,"column":2},"end":{"line":33,"column":4}},"2":{"start":{"line":36,"column":15},"end":{"line":60,"column":2}}},"fnMap":{"0":{"name":"ThemedText","decl":{"start":{"line":11,"column":16},"end":{"line":11,"column":26}},"loc":{"start":{"line":17,"column":20},"end":{"line":34,"column":1}},"line":17}},"branchMap":{"0":{"loc":{"start":{"line":15,"column":2},"end":{"line":15,"column":18}},"type":"default-arg","locations":[{"start":{"line":15,"column":9},"end":{"line":15,"column":18}}],"line":15},"1":{"loc":{"start":{"line":24,"column":8},"end":{"line":24,"column":55}},"type":"cond-expr","locations":[{"start":{"line":24,"column":29},"end":{"line":24,"column":43}},{"start":{"line":24,"column":46},"end":{"line":24,"column":55}}],"line":24},"2":{"loc":{"start":{"line":25,"column":8},"end":{"line":25,"column":51}},"type":"cond-expr","locations":[{"start":{"line":25,"column":27},"end":{"line":25,"column":39}},{"start":{"line":25,"column":42},"end":{"line":25,"column":51}}],"line":25},"3":{"loc":{"start":{"line":26,"column":8},"end":{"line":26,"column":71}},"type":"cond-expr","locations":[{"start":{"line":26,"column":37},"end":{"line":26,"column":59}},{"start":{"line":26,"column":62},"end":{"line":26,"column":71}}],"line":26},"4":{"loc":{"start":{"line":27,"column":8},"end":{"line":27,"column":57}},"type":"cond-expr","locations":[{"start":{"line":27,"column":30},"end":{"line":27,"column":45}},{"start":{"line":27,"column":48},"end":{"line":27,"column":57}}],"line":27},"5":{"loc":{"start":{"line":28,"column":8},"end":{"line":28,"column":49}},"type":"cond-expr","locations":[{"start":{"line":28,"column":26},"end":{"line":28,"column":37}},{"start":{"line":28,"column":40},"end":{"line":28,"column":49}}],"line":28}},"s":{"0":1,"1":1,"2":1},"f":{"0":1},"b":{"0":[1],"1":[1,0],"2":[0,1],"3":[0,1],"4":[0,1],"5":[0,1]},"_coverageSchema":"1a1c01bbd47fc00a2c39e90264f33305004495a9","hash":"85e43b0bd5fb062edf99606803d39f289ef1be24"}
,"C:\\Users\\chzba\\OneDrive\\Desktop\\University\\Year 2\\Software Engineering\\Coursework\\FridgeFriend\\frontend\\components\\ui\\IconSymbol.ios.tsx": {"path":"C:\\Users\\chzba\\OneDrive\\Desktop\\University\\Year 2\\Software Engineering\\Coursework\\FridgeFriend\\frontend\\components\\ui\\IconSymbol.ios.tsx","statementMap":{"0":{"start":{"line":17,"column":2},"end":{"line":31,"column":4}}},"fnMap":{"0":{"name":"IconSymbol","decl":{"start":{"line":4,"column":16},"end":{"line":4,"column":26}},"loc":{"start":{"line":16,"column":3},"end":{"line":32,"column":1}},"line":16}},"branchMap":{"0":{"loc":{"start":{"line":6,"column":2},"end":{"line":6,"column":11}},"type":"default-arg","locations":[{"start":{"line":6,"column":9},"end":{"line":6,"column":11}}],"line":6},"1":{"loc":{"start":{"line":9,"column":2},"end":{"line":9,"column":20}},"type":"default-arg","locations":[{"start":{"line":9,"column":11},"end":{"line":9,"column":20}}],"line":9}},"s":{"0":7},"f":{"0":7},"b":{"0":[0],"1":[7]},"_coverageSchema":"1a1c01bbd47fc00a2c39e90264f33305004495a9","hash":"97c7d702d15c08c25be5beb001cfdba329e7c3db"}
,"C:\\Users\\chzba\\OneDrive\\Desktop\\University\\Year 2\\Software Engineering\\Coursework\\FridgeFriend\\frontend\\constants\\Colors.ts": {"path":"C:\\Users\\chzba\\OneDrive\\Desktop\\University\\Year 2\\Software Engineering\\Coursework\\FridgeFriend\\frontend\\constants\\Colors.ts","statementMap":{"0":{"start":{"line":6,"column":23},"end":{"line":6,"column":32}},"1":{"start":{"line":7,"column":22},"end":{"line":7,"column":28}},"2":{"start":{"line":9,"column":22},"end":{"line":26,"column":1}}},"fnMap":{},"branchMap":{},"s":{"0":1,"1":1,"2":1},"f":{},"b":{},"_coverageSchema":"1a1c01bbd47fc00a2c39e90264f33305004495a9","hash":"ea16f019c8051c008ccc97bfafa6ea8195ec4320"}
,"C:\\Users\\chzba\\OneDrive\\Desktop\\University\\Year 2\\Software Engineering\\Coursework\\FridgeFriend\\frontend\\constants\\theme.tsx": {"path":"C:\\Users\\chzba\\OneDrive\\Desktop\\University\\Year 2\\Software Engineering\\Coursework\\FridgeFriend\\frontend\\constants\\theme.tsx","statementMap":{"0":{"start":{"line":9,"column":21},"end":{"line":38,"column":3}}},"fnMap":{},"branchMap":{},"s":{"0":3},"f":{},"b":{},"_coverageSchema":"1a1c01bbd47fc00a2c39e90264f33305004495a9","hash":"84800baffb789e7a3e3e1c1672a48c6a22fc7481"}
,"C:\\Users\\chzba\\OneDrive\\Desktop\\University\\Year 2\\Software Engineering\\Coursework\\FridgeFriend\\frontend\\hooks\\useColorScheme.ts": {"path":"C:\\Users\\chzba\\OneDrive\\Desktop\\University\\Year 2\\Software Engineering\\Coursework\\FridgeFriend\\frontend\\hooks\\useColorScheme.ts","statementMap":{},"fnMap":{},"branchMap":{},"s":{},"f":{},"b":{},"_coverageSchema":"1a1c01bbd47fc00a2c39e90264f33305004495a9","hash":"bc3f10de55a64df03512f9a86b6862fe6ddc0689"}
,"C:\\Users\\chzba\\OneDrive\\Desktop\\University\\Year 2\\Software Engineering\\Coursework\\FridgeFriend\\frontend\\hooks\\useThemeColor.ts": {"path":"C:\\Users\\chzba\\OneDrive\\Desktop\\University\\Year 2\\Software Engineering\\Coursework\\FridgeFriend\\frontend\\hooks\\useThemeColor.ts","statementMap":{"0":{"start":{"line":13,"column":16},"end":{"line":13,"column":43}},"1":{"start":{"line":14,"column":25},"end":{"line":14,"column":37}},"2":{"start":{"line":16,"column":2},"end":{"line":20,"column":3}},"3":{"start":{"line":17,"column":4},"end":{"line":17,"column":26}},"4":{"start":{"line":19,"column":4},"end":{"line":19,"column":36}}},"fnMap":{"0":{"name":"useThemeColor","decl":{"start":{"line":9,"column":16},"end":{"line":9,"column":29}},"loc":{"start":{"line":12,"column":2},"end":{"line":21,"column":1}},"line":12}},"branchMap":{"0":{"loc":{"start":{"line":13,"column":16},"end":{"line":13,"column":43}},"type":"binary-expr","locations":[{"start":{"line":13,"column":16},"end":{"line":13,"column":32}},{"start":{"line":13,"column":36},"end":{"line":13,"column":43}}],"line":13},"1":{"loc":{"start":{"line":16,"column":2},"end":{"line":20,"column":3}},"type":"if","locations":[{"start":{"line":16,"column":2},"end":{"line":20,"column":3}},{"start":{"line":18,"column":9},"end":{"line":20,"column":3}}],"line":16}},"s":{"0":1,"1":1,"2":1,"3":0,"4":1},"f":{"0":1},"b":{"0":[1,0],"1":[0,1]},"_coverageSchema":"1a1c01bbd47fc00a2c39e90264f33305004495a9","hash":"7d0862e5a96ce9644a01d1077e2e3c0407fff8f6"}
,"C:\\Users\\chzba\\OneDrive\\Desktop\\University\\Year 2\\Software Engineering\\Coursework\\FridgeFriend\\frontend\\utils\\api.ts": {"path":"C:\\Users\\chzba\\OneDrive\\Desktop\\University\\Year 2\\Software Engineering\\Coursework\\FridgeFriend\\frontend\\utils\\api.ts","statementMap":{"0":{"start":{"line":6,"column":16},"end":{"line":6,"column":74}},"1":{"start":{"line":9,"column":28},"end":{"line":36,"column":1}},"2":{"start":{"line":10,"column":2},"end":{"line":35,"column":3}},"3":{"start":{"line":11,"column":21},"end":{"line":15,"column":6}},"4":{"start":{"line":17,"column":17},"end":{"line":17,"column":38}},"5":{"start":{"line":19,"column":4},"end":{"line":21,"column":5}},"6":{"start":{"line":20,"column":6},"end":{"line":20,"column":61}},"7":{"start":{"line":24,"column":4},"end":{"line":30,"column":5}},"8":{"start":{"line":25,"column":6},"end":{"line":25,"column":58}},"9":{"start":{"line":26,"column":6},"end":{"line":26,"column":67}},"10":{"start":{"line":28,"column":6},"end":{"line":28,"column":67}},"11":{"start":{"line":29,"column":6},"end":{"line":29,"column":61}},"12":{"start":{"line":33,"column":4},"end":{"line":33,"column":56}},"13":{"start":{"line":34,"column":4},"end":{"line":34,"column":82}},"14":{"start":{"line":39,"column":25},"end":{"line":72,"column":1}},"15":{"start":{"line":40,"column":2},"end":{"line":71,"column":3}},"16":{"start":{"line":41,"column":4},"end":{"line":41,"column":60}},"17":{"start":{"line":43,"column":21},"end":{"line":47,"column":6}},"18":{"start":{"line":49,"column":17},"end":{"line":49,"column":38}},"19":{"start":{"line":50,"column":4},"end":{"line":50,"column":57}},"20":{"start":{"line":52,"column":4},"end":{"line":54,"column":5}},"21":{"start":{"line":53,"column":6},"end":{"line":53,"column":54}},"22":{"start":{"line":57,"column":4},"end":{"line":66,"column":5}},"23":{"start":{"line":58,"column":6},"end":{"line":58,"column":58}},"24":{"start":{"line":59,"column":6},"end":{"line":62,"column":8}},"25":{"start":{"line":64,"column":6},"end":{"line":64,"column":61}},"26":{"start":{"line":65,"column":6},"end":{"line":65,"column":66}},"27":{"start":{"line":69,"column":4},"end":{"line":69,"column":49}},"28":{"start":{"line":70,"column":4},"end":{"line":70,"column":76}},"29":{"start":{"line":75,"column":29},"end":{"line":103,"column":1}},"30":{"start":{"line":76,"column":2},"end":{"line":102,"column":3}},"31":{"start":{"line":77,"column":18},"end":{"line":77,"column":57}},"32":{"start":{"line":78,"column":4},"end":{"line":81,"column":5}},"33":{"start":{"line":79,"column":6},"end":{"line":79,"column":63}},"34":{"start":{"line":80,"column":6},"end":{"line":80,"column":57}},"35":{"start":{"line":83,"column":21},"end":{"line":89,"column":6}},"36":{"start":{"line":91,"column":17},"end":{"line":91,"column":38}},"37":{"start":{"line":93,"column":4},"end":{"line":95,"column":5}},"38":{"start":{"line":94,"column":6},"end":{"line":94,"column":67}},"39":{"start":{"line":97,"column":4},"end":{"line":97,"column":54}},"40":{"start":{"line":100,"column":4},"end":{"line":100,"column":62}},"41":{"start":{"line":101,"column":4},"end":{"line":101,"column":84}},"42":{"start":{"line":106,"column":26},"end":{"line":114,"column":1}},"43":{"start":{"line":107,"column":2},"end":{"line":113,"column":3}},"44":{"start":{"line":108,"column":4},"end":{"line":108,"column":47}},"45":{"start":{"line":109,"column":4},"end":{"line":109,"column":29}},"46":{"start":{"line":111,"column":4},"end":{"line":111,"column":50}},"47":{"start":{"line":112,"column":4},"end":{"line":112,"column":54}},"48":{"start":{"line":118,"column":27},"end":{"line":135,"column":1}},"49":{"start":{"line":119,"column":2},"end":{"line":134,"column":3}},"50":{"start":{"line":120,"column":18},"end":{"line":120,"column":57}},"51":{"start":{"line":121,"column":4},"end":{"line":121,"column":67}},"52":{"start":{"line":121,"column":16},"end":{"line":121,"column":67}},"53":{"start":{"line":123,"column":21},"end":{"line":126,"column":6}},"54":{"start":{"line":128,"column":17},"end":{"line":128,"column":38}},"55":{"start":{"line":129,"column":4},"end":{"line":129,"column":70}},"56":{"start":{"line":129,"column":22},"end":{"line":129,"column":70}},"57":{"start":{"line":131,"column":4},"end":{"line":131,"column":44}},"58":{"start":{"line":133,"column":4},"end":{"line":133,"column":82}},"59":{"start":{"line":139,"column":26},"end":{"line":165,"column":1}},"60":{"start":{"line":145,"column":2},"end":{"line":164,"column":3}},"61":{"start":{"line":146,"column":18},"end":{"line":146,"column":57}},"62":{"start":{"line":147,"column":4},"end":{"line":147,"column":67}},"63":{"start":{"line":147,"column":16},"end":{"line":147,"column":67}},"64":{"start":{"line":149,"column":21},"end":{"line":156,"column":6}},"65":{"start":{"line":158,"column":17},"end":{"line":158,"column":38}},"66":{"start":{"line":159,"column":4},"end":{"line":159,"column":79}},"67":{"start":{"line":159,"column":22},"end":{"line":159,"column":79}},"68":{"start":{"line":161,"column":4},"end":{"line":161,"column":44}},"69":{"start":{"line":163,"column":4},"end":{"line":163,"column":80}},"70":{"start":{"line":168,"column":27},"end":{"line":185,"column":1}},"71":{"start":{"line":169,"column":2},"end":{"line":184,"column":3}},"72":{"start":{"line":170,"column":18},"end":{"line":170,"column":57}},"73":{"start":{"line":171,"column":4},"end":{"line":171,"column":67}},"74":{"start":{"line":171,"column":16},"end":{"line":171,"column":67}},"75":{"start":{"line":173,"column":21},"end":{"line":176,"column":6}},"76":{"start":{"line":178,"column":17},"end":{"line":178,"column":38}},"77":{"start":{"line":179,"column":4},"end":{"line":179,"column":84}},"78":{"start":{"line":179,"column":22},"end":{"line":179,"column":84}},"79":{"start":{"line":181,"column":4},"end":{"line":181,"column":44}},"80":{"start":{"line":183,"column":4},"end":{"line":183,"column":85}},"81":{"start":{"line":188,"column":29},"end":{"line":205,"column":1}},"82":{"start":{"line":189,"column":2},"end":{"line":204,"column":3}},"83":{"start":{"line":190,"column":18},"end":{"line":190,"column":57}},"84":{"start":{"line":191,"column":4},"end":{"line":191,"column":67}},"85":{"start":{"line":191,"column":16},"end":{"line":191,"column":67}},"86":{"start":{"line":193,"column":21},"end":{"line":196,"column":6}},"87":{"start":{"line":198,"column":17},"end":{"line":198,"column":38}},"88":{"start":{"line":199,"column":4},"end":{"line":199,"column":80}},"89":{"start":{"line":199,"column":22},"end":{"line":199,"column":80}},"90":{"start":{"line":201,"column":4},"end":{"line":201,"column":71}},"91":{"start":{"line":203,"column":4},"end":{"line":203,"column":82}},"92":{"start":{"line":208,"column":25},"end":{"line":225,"column":1}},"93":{"start":{"line":209,"column":2},"end":{"line":224,"column":3}},"94":{"start":{"line":210,"column":18},"end":{"line":210,"column":57}},"95":{"start":{"line":211,"column":4},"end":{"line":211,"column":67}},"96":{"start":{"line":211,"column":16},"end":{"line":211,"column":67}},"97":{"start":{"line":213,"column":21},"end":{"line":216,"column":6}},"98":{"start":{"line":218,"column":17},"end":{"line":218,"column":38}},"99":{"start":{"line":219,"column":4},"end":{"line":219,"column":81}},"100":{"start":{"line":219,"column":22},"end":{"line":219,"column":81}},"101":{"start":{"line":221,"column":4},"end":{"line":221,"column":43}},"102":{"start":{"line":223,"column":4},"end":{"line":223,"column":83}},"103":{"start":{"line":228,"column":27},"end":{"line":249,"column":1}},"104":{"start":{"line":229,"column":2},"end":{"line":248,"column":3}},"105":{"start":{"line":230,"column":18},"end":{"line":230,"column":57}},"106":{"start":{"line":231,"column":4},"end":{"line":231,"column":67}},"107":{"start":{"line":231,"column":16},"end":{"line":231,"column":67}},"108":{"start":{"line":233,"column":21},"end":{"line":240,"column":6}},"109":{"start":{"line":242,"column":17},"end":{"line":242,"column":38}},"110":{"start":{"line":243,"column":4},"end":{"line":243,"column":78}},"111":{"start":{"line":243,"column":22},"end":{"line":243,"column":78}},"112":{"start":{"line":245,"column":4},"end":{"line":245,"column":48}},"113":{"start":{"line":247,"column":4},"end":{"line":247,"column":80}},"114":{"start":{"line":252,"column":25},"end":{"line":273,"column":1}},"115":{"start":{"line":253,"column":2},"end":{"line":272,"column":3}},"116":{"start":{"line":254,"column":18},"end":{"line":254,"column":57}},"117":{"start":{"line":255,"column":4},"end":{"line":255,"column":67}},"118":{"start":{"line":255,"column":16},"end":{"line":255,"column":67}},"119":{"start":{"line":257,"column":21},"end":{"line":264,"column":6}},"120":{"start":{"line":266,"column":17},"end":{"line":266,"column":38}},"121":{"start":{"line":267,"column":4},"end":{"line":267,"column":77}},"122":{"start":{"line":267,"column":22},"end":{"line":267,"column":77}},"123":{"start":{"line":269,"column":4},"end":{"line":269,"column":52}},"124":{"start":{"line":271,"column":4},"end":{"line":271,"column":79}},"125":{"start":{"line":276,"column":28},"end":{"line":293,"column":1}},"126":{"start":{"line":277,"column":2},"end":{"line":292,"column":3}},"127":{"start":{"line":278,"column":18},"end":{"line":278,"column":57}},"128":{"start":{"line":279,"column":4},"end":{"line":279,"column":67}},"129":{"start":{"line":279,"column":16},"end":{"line":279,"column":67}},"130":{"start":{"line":281,"column":21},"end":{"line":284,"column":6}},"131":{"start":{"line":286,"column":17},"end":{"line":286,"column":38}},"132":{"start":{"line":287,"column":4},"end":{"line":287,"column":80}},"133":{"start":{"line":287,"column":22},"end":{"line":287,"column":80}},"134":{"start":{"line":289,"column":4},"end":{"line":289,"column":48}},"135":{"start":{"line":291,"column":4},"end":{"line":291,"column":82}},"136":{"start":{"line":298,"column":35},"end":{"line":319,"column":1}},"137":{"start":{"line":299,"column":2},"end":{"line":318,"column":3}},"138":{"start":{"line":300,"column":18},"end":{"line":300,"column":57}},"139":{"start":{"line":301,"column":4},"end":{"line":301,"column":67}},"140":{"start":{"line":301,"column":16},"end":{"line":301,"column":67}},"141":{"start":{"line":303,"column":21},"end":{"line":310,"column":6}},"142":{"start":{"line":312,"column":17},"end":{"line":312,"column":38}},"143":{"start":{"line":313,"column":4},"end":{"line":313,"column":89}},"144":{"start":{"line":313,"column":22},"end":{"line":313,"column":89}},"145":{"start":{"line":315,"column":4},"end":{"line":315,"column":44}},"146":{"start":{"line":317,"column":4},"end":{"line":317,"column":89}}},"fnMap":{"0":{"name":"(anonymous_0)","decl":{"start":{"line":9,"column":28},"end":{"line":9,"column":29}},"loc":{"start":{"line":9,"column":85},"end":{"line":36,"column":1}},"line":9},"1":{"name":"(anonymous_1)","decl":{"start":{"line":39,"column":25},"end":{"line":39,"column":26}},"loc":{"start":{"line":39,"column":68},"end":{"line":72,"column":1}},"line":39},"2":{"name":"(anonymous_2)","decl":{"start":{"line":75,"column":29},"end":{"line":75,"column":30}},"loc":{"start":{"line":75,"column":41},"end":{"line":103,"column":1}},"line":75},"3":{"name":"(anonymous_3)","decl":{"start":{"line":106,"column":26},"end":{"line":106,"column":27}},"loc":{"start":{"line":106,"column":38},"end":{"line":114,"column":1}},"line":106},"4":{"name":"(anonymous_4)","decl":{"start":{"line":118,"column":27},"end":{"line":118,"column":28}},"loc":{"start":{"line":118,"column":54},"end":{"line":135,"column":1}},"line":118},"5":{"name":"(anonymous_5)","decl":{"start":{"line":139,"column":26},"end":{"line":139,"column":27}},"loc":{"start":{"line":144,"column":5},"end":{"line":165,"column":1}},"line":144},"6":{"name":"(anonymous_6)","decl":{"start":{"line":168,"column":27},"end":{"line":168,"column":28}},"loc":{"start":{"line":168,"column":39},"end":{"line":185,"column":1}},"line":168},"7":{"name":"(anonymous_7)","decl":{"start":{"line":188,"column":29},"end":{"line":188,"column":30}},"loc":{"start":{"line":188,"column":58},"end":{"line":205,"column":1}},"line":188},"8":{"name":"(anonymous_8)","decl":{"start":{"line":208,"column":25},"end":{"line":208,"column":26}},"loc":{"start":{"line":208,"column":37},"end":{"line":225,"column":1}},"line":208},"9":{"name":"(anonymous_9)","decl":{"start":{"line":228,"column":27},"end":{"line":228,"column":28}},"loc":{"start":{"line":228,"column":56},"end":{"line":249,"column":1}},"line":228},"10":{"name":"(anonymous_10)","decl":{"start":{"line":252,"column":25},"end":{"line":252,"column":26}},"loc":{"start":{"line":252,"column":54},"end":{"line":273,"column":1}},"line":252},"11":{"name":"(anonymous_11)","decl":{"start":{"line":276,"column":28},"end":{"line":276,"column":29}},"loc":{"start":{"line":276,"column":40},"end":{"line":293,"column":1}},"line":276},"12":{"name":"(anonymous_12)","decl":{"start":{"line":298,"column":35},"end":{"line":298,"column":36}},"loc":{"start":{"line":298,"column":80},"end":{"line":319,"column":1}},"line":298}},"branchMap":{"0":{"loc":{"start":{"line":6,"column":16},"end":{"line":6,"column":74}},"type":"binary-expr","locations":[{"start":{"line":6,"column":16},"end":{"line":6,"column":47}},{"start":{"line":6,"column":51},"end":{"line":6,"column":74}}],"line":6},"1":{"loc":{"start":{"line":19,"column":4},"end":{"line":21,"column":5}},"type":"if","locations":[{"start":{"line":19,"column":4},"end":{"line":21,"column":5}},{"start":{},"end":{}}],"line":19},"2":{"loc":{"start":{"line":20,"column":22},"end":{"line":20,"column":59}},"type":"binary-expr","locations":[{"start":{"line":20,"column":22},"end":{"line":20,"column":34}},{"start":{"line":20,"column":38},"end":{"line":20,"column":59}}],"line":20},"3":{"loc":{"start":{"line":24,"column":4},"end":{"line":30,"column":5}},"type":"if","locations":[{"start":{"line":24,"column":4},"end":{"line":30,"column":5}},{"start":{"line":27,"column":11},"end":{"line":30,"column":5}}],"line":24},"4":{"loc":{"start":{"line":34,"column":38},"end":{"line":34,"column":79}},"type":"binary-expr","locations":[{"start":{"line":34,"column":38},"end":{"line":34,"column":51}},{"start":{"line":34,"column":55},"end":{"line":34,"column":79}}],"line":34},"5":{"loc":{"start":{"line":52,"column":4},"end":{"line":54,"column":5}},"type":"if","locations":[{"start":{"line":52,"column":4},"end":{"line":54,"column":5}},{"start":{},"end":{}}],"line":52},"6":{"loc":{"start":{"line":53,"column":22},"end":{"line":53,"column":52}},"type":"binary-expr","locations":[{"start":{"line":53,"column":22},"end":{"line":53,"column":34}},{"start":{"line":53,"column":38},"end":{"line":53,"column":52}}],"line":53},"7":{"loc":{"start":{"line":57,"column":4},"end":{"line":66,"column":5}},"type":"if","locations":[{"start":{"line":57,"column":4},"end":{"line":66,"column":5}},{"start":{"line":63,"column":11},"end":{"line":66,"column":5}}],"line":57},"8":{"loc":{"start":{"line":70,"column":38},"end":{"line":70,"column":73}},"type":"binary-expr","locations":[{"start":{"line":70,"column":38},"end":{"line":70,"column":51}},{"start":{"line":70,"column":55},"end":{"line":70,"column":73}}],"line":70},"9":{"loc":{"start":{"line":78,"column":4},"end":{"line":81,"column":5}},"type":"if","locations":[{"start":{"line":78,"column":4},"end":{"line":81,"column":5}},{"start":{},"end":{}}],"line":78},"10":{"loc":{"start":{"line":93,"column":4},"end":{"line":95,"column":5}},"type":"if","locations":[{"start":{"line":93,"column":4},"end":{"line":95,"column":5}},{"start":{},"end":{}}],"line":93},"11":{"loc":{"start":{"line":94,"column":22},"end":{"line":94,"column":65}},"type":"binary-expr","locations":[{"start":{"line":94,"column":22},"end":{"line":94,"column":34}},{"start":{"line":94,"column":38},"end":{"line":94,"column":65}}],"line":94},"12":{"loc":{"start":{"line":97,"column":34},"end":{"line":97,"column":51}},"type":"binary-expr","locations":[{"start":{"line":97,"column":34},"end":{"line":97,"column":43}},{"start":{"line":97,"column":47},"end":{"line":97,"column":51}}],"line":97},"13":{"loc":{"start":{"line":101,"column":38},"end":{"line":101,"column":81}},"type":"binary-expr","locations":[{"start":{"line":101,"column":38},"end":{"line":101,"column":51}},{"start":{"line":101,"column":55},"end":{"line":101,"column":81}}],"line":101},"14":{"loc":{"start":{"line":121,"column":4},"end":{"line":121,"column":67}},"type":"if","locations":[{"start":{"line":121,"column":4},"end":{"line":121,"column":67}},{"start":{},"end":{}}],"line":121},"15":{"loc":{"start":{"line":129,"column":4},"end":{"line":129,"column":70}},"type":"if","locations":[{"start":{"line":129,"column":4},"end":{"line":129,"column":70}},{"start":{},"end":{}}],"line":129},"16":{"loc":{"start":{"line":129,"column":38},"end":{"line":129,"column":67}},"type":"binary-expr","locations":[{"start":{"line":129,"column":38},"end":{"line":129,"column":50}},{"start":{"line":129,"column":54},"end":{"line":129,"column":67}}],"line":129},"17":{"loc":{"start":{"line":133,"column":38},"end":{"line":133,"column":79}},"type":"binary-expr","locations":[{"start":{"line":133,"column":38},"end":{"line":133,"column":51}},{"start":{"line":133,"column":55},"end":{"line":133,"column":79}}],"line":133},"18":{"loc":{"start":{"line":147,"column":4},"end":{"line":147,"column":67}},"type":"if","locations":[{"start":{"line":147,"column":4},"end":{"line":147,"column":67}},{"start":{},"end":{}}],"line":147},"19":{"loc":{"start":{"line":159,"column":4},"end":{"line":159,"column":79}},"type":"if","locations":[{"start":{"line":159,"column":4},"end":{"line":159,"column":79}},{"start":{},"end":{}}],"line":159},"20":{"loc":{"start":{"line":159,"column":38},"end":{"line":159,"column":77}},"type":"binary-expr","locations":[{"start":{"line":159,"column":38},"end":{"line":159,"column":50}},{"start":{"line":159,"column":54},"end":{"line":159,"column":77}}],"line":159},"21":{"loc":{"start":{"line":163,"column":38},"end":{"line":163,"column":77}},"type":"binary-expr","locations":[{"start":{"line":163,"column":38},"end":{"line":163,"column":51}},{"start":{"line":163,"column":55},"end":{"line":163,"column":77}}],"line":163},"22":{"loc":{"start":{"line":171,"column":4},"end":{"line":171,"column":67}},"type":"if","locations":[{"start":{"line":171,"column":4},"end":{"line":171,"column":67}},{"start":{},"end":{}}],"line":171},"23":{"loc":{"start":{"line":179,"column":4},"end":{"line":179,"column":84}},"type":"if","locations":[{"start":{"line":179,"column":4},"end":{"line":179,"column":84}},{"start":{},"end":{}}],"line":179},"24":{"loc":{"start":{"line":179,"column":38},"end":{"line":179,"column":81}},"type":"binary-expr","locations":[{"start":{"line":179,"column":38},"end":{"line":179,"column":50}},{"start":{"line":179,"column":54},"end":{"line":179,"column":81}}],"line":179},"25":{"loc":{"start":{"line":183,"column":38},"end":{"line":183,"column":82}},"type":"binary-expr","locations":[{"start":{"line":183,"column":38},"end":{"line":183,"column":51}},{"start":{"line":183,"column":55},"end":{"line":183,"column":82}}],"line":183},"26":{"loc":{"start":{"line":191,"column":4},"end":{"line":191,"column":67}},"type":"if","locations":[{"start":{"line":191,"column":4},"end":{"line":191,"column":67}},{"start":{},"end":{}}],"line":191},"27":{"loc":{"start":{"line":199,"column":4},"end":{"line":199,"column":80}},"type":"if","locations":[{"start":{"line":199,"column":4},"end":{"line":199,"column":80}},{"start":{},"end":{}}],"line":199},"28":{"loc":{"start":{"line":199,"column":38},"end":{"line":199,"column":78}},"type":"binary-expr","locations":[{"start":{"line":199,"column":38},"end":{"line":199,"column":50}},{"start":{"line":199,"column":54},"end":{"line":199,"column":78}}],"line":199},"29":{"loc":{"start":{"line":203,"column":38},"end":{"line":203,"column":79}},"type":"binary-expr","locations":[{"start":{"line":203,"column":38},"end":{"line":203,"column":51}},{"start":{"line":203,"column":55},"end":{"line":203,"column":79}}],"line":203},"30":{"loc":{"start":{"line":211,"column":4},"end":{"line":211,"column":67}},"type":"if","locations":[{"start":{"line":211,"column":4},"end":{"line":211,"column":67}},{"start":{},"end":{}}],"line":211},"31":{"loc":{"start":{"line":219,"column":4},"end":{"line":219,"column":81}},"type":"if","locations":[{"start":{"line":219,"column":4},"end":{"line":219,"column":81}},{"start":{},"end":{}}],"line":219},"32":{"loc":{"start":{"line":219,"column":38},"end":{"line":219,"column":79}},"type":"binary-expr","locations":[{"start":{"line":219,"column":38},"end":{"line":219,"column":50}},{"start":{"line":219,"column":54},"end":{"line":219,"column":79}}],"line":219},"33":{"loc":{"start":{"line":223,"column":38},"end":{"line":223,"column":80}},"type":"binary-expr","locations":[{"start":{"line":223,"column":38},"end":{"line":223,"column":51}},{"start":{"line":223,"column":55},"end":{"line":223,"column":80}}],"line":223},"34":{"loc":{"start":{"line":231,"column":4},"end":{"line":231,"column":67}},"type":"if","locations":[{"start":{"line":231,"column":4},"end":{"line":231,"column":67}},{"start":{},"end":{}}],"line":231},"35":{"loc":{"start":{"line":243,"column":4},"end":{"line":243,"column":78}},"type":"if","locations":[{"start":{"line":243,"column":4},"end":{"line":243,"column":78}},{"start":{},"end":{}}],"line":243},"36":{"loc":{"start":{"line":243,"column":38},"end":{"line":243,"column":76}},"type":"binary-expr","locations":[{"start":{"line":243,"column":38},"end":{"line":243,"column":50}},{"start":{"line":243,"column":54},"end":{"line":243,"column":76}}],"line":243},"37":{"loc":{"start":{"line":247,"column":38},"end":{"line":247,"column":77}},"type":"binary-expr","locations":[{"start":{"line":247,"column":38},"end":{"line":247,"column":51}},{"start":{"line":247,"column":55},"end":{"line":247,"column":77}}],"line":247},"38":{"loc":{"start":{"line":255,"column":4},"end":{"line":255,"column":67}},"type":"if","locations":[{"start":{"line":255,"column":4},"end":{"line":255,"column":67}},{"start":{},"end":{}}],"line":255},"39":{"loc":{"start":{"line":267,"column":4},"end":{"line":267,"column":77}},"type":"if","locations":[{"start":{"line":267,"column":4},"end":{"line":267,"column":77}},{"start":{},"end":{}}],"line":267},"40":{"loc":{"start":{"line":267,"column":38},"end":{"line":267,"column":75}},"type":"binary-expr","locations":[{"start":{"line":267,"column":38},"end":{"line":267,"column":50}},{"start":{"line":267,"column":54},"end":{"line":267,"column":75}}],"line":267},"41":{"loc":{"start":{"line":271,"column":38},"end":{"line":271,"column":76}},"type":"binary-expr","locations":[{"start":{"line":271,"column":38},"end":{"line":271,"column":51}},{"start":{"line":271,"column":55},"end":{"line":271,"column":76}}],"line":271},"42":{"loc":{"start":{"line":279,"column":4},"end":{"line":279,"column":67}},"type":"if","locations":[{"start":{"line":279,"column":4},"end":{"line":279,"column":67}},{"start":{},"end":{}}],"line":279},"43":{"loc":{"start":{"line":287,"column":4},"end":{"line":287,"column":80}},"type":"if","locations":[{"start":{"line":287,"column":4},"end":{"line":287,"column":80}},{"start":{},"end":{}}],"line":287},"44":{"loc":{"start":{"line":287,"column":38},"end":{"line":287,"column":78}},"type":"binary-expr","locations":[{"start":{"line":287,"column":38},"end":{"line":287,"column":50}},{"start":{"line":287,"column":54},"end":{"line":287,"column":78}}],"line":287},"45":{"loc":{"start":{"line":291,"column":38},"end":{"line":291,"column":79}},"type":"binary-expr","locations":[{"start":{"line":291,"column":38},"end":{"line":291,"column":51}},{"start":{"line":291,"column":55},"end":{"line":291,"column":79}}],"line":291},"46":{"loc":{"start":{"line":301,"column":4},"end":{"line":301,"column":67}},"type":"if","locations":[{"start":{"line":301,"column":4},"end":{"line":301,"column":67}},{"start":{},"end":{}}],"line":301},"47":{"loc":{"start":{"line":313,"column":4},"end":{"line":313,"column":89}},"type":"if","locations":[{"start":{"line":313,"column":4},"end":{"line":313,"column":89}},{"start":{},"end":{}}],"line":313},"48":{"loc":{"start":{"line":313,"column":38},"end":{"line":313,"column":87}},"type":"binary-expr","locations":[{"start":{"line":313,"column":38},"end":{"line":313,"column":50}},{"start":{"line":313,"column":54},"end":{"line":313,"column":87}}],"line":313},"49":{"loc":{"start":{"line":317,"column":38},"end":{"line":317,"column":86}},"type":"binary-expr","locations":[{"start":{"line":317,"column":38},"end":{"line":317,"column":51}},{"start":{"line":317,"column":55},"end":{"line":317,"column":86}}],"line":317}},"s":{"0":1,"1":1,"2":0,"3":0,"4":0,"5":0,"6":0,"7":0,"8":0,"9":0,"10":0,"11":0,"12":0,"13":0,"14":1,"15":0,"16":0,"17":0,"18":0,"19":0,"20":0,"21":0,"22":0,"23":0,"24":0,"25":0,"26":0,"27":0,"28":0,"29":1,"30":0,"31":0,"32":0,"33":0,"34":0,"35":0,"36":0,"37":0,"38":0,"39":0,"40":0,"41":0,"42":1,"43":0,"44":0,"45":0,"46":0,"47":0,"48":1,"49":0,"50":0,"51":0,"52":0,"53":0,"54":0,"55":0,"56":0,"57":0,"58":0,"59":1,"60":0,"61":0,"62":0,"63":0,"64":0,"65":0,"66":0,"67":0,"68":0,"69":0,"70":1,"71":0,"72":0,"73":0,"74":0,"75":0,"76":0,"77":0,"78":0,"79":0,"80":0,"81":1,"82":0,"83":0,"84":0,"85":0,"86":0,"87":0,"88":0,"89":0,"90":0,"91":0,"92":1,"93":0,"94":0,"95":0,"96":0,"97":0,"98":0,"99":0,"100":0,"101":0,"102":0,"103":1,"104":0,"105":0,"106":0,"107":0,"108":0,"109":0,"110":0,"111":0,"112":0,"113":0,"114":1,"115":0,"116":0,"117":0,"118":0,"119":0,"120":0,"121":0,"122":0,"123":0,"124":0,"125":1,"126":0,"127":0,"128":0,"129":0,"130":0,"131":0,"132":0,"133":0,"134":0,"135":0,"136":1,"137":0,"138":0,"139":0,"140":0,"141":0,"142":0,"143":0,"144":0,"145":0,"146":0},"f":{"0":0,"1":0,"2":0,"3":0,"4":0,"5":0,"6":0,"7":0,"8":0,"9":0,"10":0,"11":0,"12":0},"b":{"0":[1,1],"1":[0,0],"2":[0,0],"3":[0,0],"4":[0,0],"5":[0,0],"6":[0,0],"7":[0,0],"8":[0,0],"9":[0,0],"10":[0,0],"11":[0,0],"12":[0,0],"13":[0,0],"14":[0,0],"15":[0,0],"16":[0,0],"17":[0,0],"18":[0,0],"19":[0,0],"20":[0,0],"21":[0,0],"22":[0,0],"23":[0,0],"24":[0,0],"25":[0,0],"26":[0,0],"27":[0,0],"28":[0,0],"29":[0,0],"30":[0,0],"31":[0,0],"32":[0,0],"33":[0,0],"34":[0,0],"35":[0,0],"36":[0,0],"37":[0,0],"38":[0,0],"39":[0,0],"40":[0,0],"41":[0,0],"42":[0,0],"43":[0,0],"44":[0,0],"45":[0,0],"46":[0,0],"47":[0,0],"48":[0,0],"49":[0,0]},"_coverageSchema":"1a1c01bbd47fc00a2c39e90264f33305004495a9","hash":"5f49620edf76ca1f79fd3bf5c6bf7b4ba5e0140a"}
}
