TN:
SF:app\(tabs)\groups.tsx
FN:39,GroupsScreen
FN:54,(anonymous_1)
FN:71,(anonymous_2)
FN:77,(anonymous_3)
FN:81,(anonymous_4)
FN:94,(anonymous_5)
FN:103,(anonymous_6)
FN:126,(anonymous_7)
FN:140,(anonymous_8)
FN:160,(anonymous_9)
FN:202,(anonymous_10)
FN:218,(anonymous_11)
FN:224,(anonymous_12)
FN:235,(anonymous_13)
FN:244,(anonymous_14)
FN:267,(anonymous_15)
FN:276,(anonymous_16)
FNF:17
FNH:11
FNDA:21,GroupsScreen
FNDA:6,(anonymous_1)
FNDA:0,(anonymous_2)
FNDA:5,(anonymous_3)
FNDA:2,(anonymous_4)
FNDA:2,(anonymous_5)
FNDA:2,(anonymous_6)
FNDA:19,(anonymous_7)
FNDA:57,(anonymous_8)
FNDA:0,(anonymous_9)
FNDA:26,(anonymous_10)
FNDA:2,(anonymous_11)
FNDA:2,(anonymous_12)
FNDA:0,(anonymous_13)
FNDA:0,(anonymous_14)
FNDA:0,(anonymous_15)
FNDA:0,(anonymous_16)
DA:23,1
DA:40,21
DA:41,21
DA:42,21
DA:43,21
DA:46,21
DA:47,21
DA:48,21
DA:49,21
DA:51,21
DA:52,21
DA:54,21
DA:55,6
DA:56,6
DA:57,6
DA:58,6
DA:59,5
DA:60,5
DA:62,0
DA:65,1
DA:67,6
DA:71,21
DA:72,0
DA:73,0
DA:74,0
DA:77,21
DA:78,5
DA:81,21
DA:82,2
DA:83,0
DA:84,0
DA:87,2
DA:88,2
DA:89,2
DA:90,2
DA:91,2
DA:92,2
DA:94,2
DA:96,0
DA:99,0
DA:103,21
DA:104,2
DA:105,0
DA:106,0
DA:109,2
DA:110,2
DA:111,2
DA:112,1
DA:113,1
DA:114,1
DA:116,1
DA:118,1
DA:121,0
DA:126,21
DA:127,19
DA:141,57
DA:160,21
DA:161,0
DA:168,21
DA:169,5
DA:177,16
DA:178,1
DA:188,15
DA:202,26
DA:218,2
DA:224,2
DA:235,0
DA:244,0
DA:267,0
DA:276,0
DA:298,1
LF:71
LH:55
BRDA:59,0,0,5
BRDA:59,0,1,0
BRDA:82,1,0,0
BRDA:82,1,1,2
BRDA:89,2,0,2
BRDA:89,2,1,0
BRDA:104,3,0,0
BRDA:104,3,1,2
BRDA:111,4,0,1
BRDA:111,4,1,1
BRDA:139,5,0,19
BRDA:139,5,1,0
BRDA:141,6,0,57
BRDA:141,6,1,0
BRDA:141,7,0,57
BRDA:141,7,1,57
BRDA:143,8,0,19
BRDA:143,8,1,38
BRDA:143,9,0,19
BRDA:143,9,1,19
BRDA:143,10,0,19
BRDA:143,10,1,0
BRDA:168,11,0,5
BRDA:168,11,1,16
BRDA:168,12,0,21
BRDA:168,12,1,5
BRDA:177,13,0,1
BRDA:177,13,1,15
BRDA:177,14,0,16
BRDA:177,14,1,1
BRDA:193,15,0,15
BRDA:193,15,1,15
BRDA:194,16,0,15
BRDA:194,16,1,0
BRDA:210,17,0,15
BRDA:210,17,1,0
BRDA:238,18,0,15
BRDA:238,18,1,0
BRDA:270,19,0,15
BRDA:270,19,1,0
BRF:40
BRH:29
end_of_record
TN:
SF:app\(tabs)\index.tsx
FN:33,(anonymous_0)
FN:43,(anonymous_1)
FN:57,HomeScreen
FN:81,(anonymous_3)
FN:102,(anonymous_4)
FN:110,(anonymous_5)
FN:128,(anonymous_6)
FN:129,(anonymous_7)
FN:133,(anonymous_8)
FN:138,(anonymous_9)
FN:144,(anonymous_10)
FN:148,(anonymous_11)
FN:156,(anonymous_12)
FN:162,(anonymous_13)
FN:182,(anonymous_14)
FN:193,(anonymous_15)
FN:216,(anonymous_16)
FN:278,(anonymous_17)
FN:290,(anonymous_18)
FN:305,(anonymous_19)
FN:318,(anonymous_20)
FN:348,(anonymous_21)
FN:357,(anonymous_22)
FN:371,(anonymous_23)
FN:385,(anonymous_24)
FN:402,(anonymous_25)
FN:445,(anonymous_26)
FN:456,(anonymous_27)
FNF:28
FNH:19
FNDA:8,(anonymous_0)
FNDA:5,(anonymous_1)
FNDA:10,HomeScreen
FNDA:3,(anonymous_3)
FNDA:5,(anonymous_4)
FNDA:4,(anonymous_5)
FNDA:0,(anonymous_6)
FNDA:0,(anonymous_7)
FNDA:0,(anonymous_8)
FNDA:0,(anonymous_9)
FNDA:3,(anonymous_10)
FNDA:1,(anonymous_11)
FNDA:1,(anonymous_12)
FNDA:1,(anonymous_13)
FNDA:1,(anonymous_14)
FNDA:1,(anonymous_15)
FNDA:5,(anonymous_16)
FNDA:1,(anonymous_17)
FNDA:1,(anonymous_18)
FNDA:0,(anonymous_19)
FNDA:7,(anonymous_20)
FNDA:0,(anonymous_21)
FNDA:0,(anonymous_22)
FNDA:0,(anonymous_23)
FNDA:0,(anonymous_24)
FNDA:7,(anonymous_25)
FNDA:8,(anonymous_26)
FNDA:2,(anonymous_27)
DA:21,1
DA:33,1
DA:34,8
DA:35,8
DA:36,8
DA:37,8
DA:38,8
DA:39,8
DA:43,1
DA:44,5
DA:45,0
DA:46,5
DA:47,5
DA:48,0
DA:49,0
DA:50,0
DA:51,0
DA:53,0
DA:58,10
DA:59,10
DA:60,10
DA:61,10
DA:62,10
DA:63,10
DA:75,10
DA:77,10
DA:78,10
DA:79,10
DA:81,10
DA:82,3
DA:83,3
DA:84,3
DA:85,3
DA:86,3
DA:87,3
DA:88,3
DA:89,3
DA:91,0
DA:92,0
DA:95,0
DA:96,0
DA:98,3
DA:102,10
DA:103,5
DA:110,5
DA:111,4
DA:112,1
DA:113,3
DA:114,0
DA:116,3
DA:117,3
DA:118,0
DA:119,3
DA:120,0
DA:122,3
DA:128,5
DA:129,5
DA:133,5
DA:135,5
DA:138,10
DA:139,0
DA:140,0
DA:141,0
DA:144,10
DA:145,3
DA:148,10
DA:149,1
DA:157,1
DA:158,1
DA:159,1
DA:160,1
DA:161,1
DA:162,1
DA:163,1
DA:164,1
DA:166,0
DA:167,0
DA:170,0
DA:171,0
DA:173,1
DA:182,10
DA:183,1
DA:184,1
DA:185,1
DA:188,1
DA:190,1
DA:191,1
DA:193,1
DA:194,1
DA:199,1
DA:200,1
DA:203,1
DA:205,0
DA:206,0
DA:209,0
DA:210,0
DA:212,1
DA:216,10
DA:218,5
DA:221,5
DA:222,5
DA:224,5
DA:225,0
DA:226,0
DA:227,5
DA:228,5
DA:229,5
DA:230,0
DA:231,0
DA:232,0
DA:234,0
DA:238,5
DA:241,5
DA:242,5
DA:244,5
DA:278,1
DA:290,1
DA:305,0
DA:318,10
DA:320,7
DA:326,7
DA:348,0
DA:357,0
DA:371,0
DA:385,0
DA:402,10
DA:403,7
DA:405,0
DA:407,0
DA:409,0
DA:413,7
DA:417,10
DA:418,3
DA:428,7
DA:445,8
DA:457,2
DA:498,1
LF:137
LH:99
BRDA:44,0,0,0
BRDA:44,0,1,5
BRDA:46,1,0,5
BRDA:46,1,1,0
BRDA:46,2,0,5
BRDA:46,2,1,5
BRDA:48,3,0,0
BRDA:48,3,1,0
BRDA:50,4,0,0
BRDA:50,4,1,0
BRDA:86,5,0,3
BRDA:86,5,1,0
BRDA:111,6,0,1
BRDA:111,6,1,3
BRDA:113,7,0,0
BRDA:113,7,1,3
BRDA:117,8,0,0
BRDA:117,8,1,3
BRDA:117,9,0,3
BRDA:117,9,1,3
BRDA:119,10,0,0
BRDA:119,10,1,3
BRDA:160,11,0,1
BRDA:160,11,1,0
BRDA:190,12,0,1
BRDA:190,12,1,0
BRDA:194,13,0,1
BRDA:194,13,1,0
BRDA:206,14,0,0
BRDA:206,14,1,0
BRDA:224,15,0,0
BRDA:224,15,1,5
BRDA:227,16,0,5
BRDA:227,16,1,0
BRDA:227,17,0,5
BRDA:227,17,1,5
BRDA:230,18,0,0
BRDA:230,18,1,0
BRDA:232,19,0,0
BRDA:232,19,1,0
BRDA:274,20,0,5
BRDA:274,20,1,5
BRDA:281,21,0,5
BRDA:281,21,1,2
BRDA:282,22,0,2
BRDA:282,22,1,3
BRDA:293,23,0,5
BRDA:293,23,1,2
BRDA:294,24,0,2
BRDA:294,24,1,3
BRDA:301,25,0,5
BRDA:301,25,1,0
BRDA:308,26,0,0
BRDA:308,26,1,0
BRDA:309,27,0,0
BRDA:309,27,1,0
BRDA:347,28,0,7
BRDA:347,28,1,7
BRDA:350,29,0,7
BRDA:350,29,1,7
BRDA:356,30,0,7
BRDA:356,30,1,0
BRDA:359,31,0,7
BRDA:359,31,1,0
BRDA:362,32,0,7
BRDA:362,32,1,0
BRDA:370,33,0,7
BRDA:370,33,1,0
BRDA:373,34,0,7
BRDA:373,34,1,0
BRDA:376,35,0,7
BRDA:376,35,1,5
BRDA:384,36,0,7
BRDA:384,36,1,0
BRDA:387,37,0,7
BRDA:387,37,1,0
BRDA:390,38,0,7
BRDA:390,38,1,1
BRDA:403,39,0,0
BRDA:403,39,1,0
BRDA:403,39,2,0
BRDA:403,39,3,7
BRDA:403,39,4,7
BRDA:417,40,0,3
BRDA:417,40,1,7
BRDA:417,41,0,10
BRDA:417,41,1,3
BRDA:434,42,0,0
BRDA:434,42,1,7
BRDA:459,43,0,2
BRDA:459,43,1,0
BRDA:461,44,0,0
BRDA:461,44,1,0
BRDA:463,45,0,0
BRDA:463,45,1,0
BRDA:468,46,0,2
BRDA:468,46,1,0
BRDA:470,47,0,0
BRDA:470,47,1,0
BRDA:472,48,0,0
BRDA:472,48,1,0
BRDA:477,49,0,2
BRDA:477,49,1,0
BRDA:479,50,0,0
BRDA:479,50,1,0
BRDA:481,51,0,0
BRDA:481,51,1,0
BRF:107
BRH:55
end_of_record
TN:
SF:app\(tabs)\scan.tsx
FN:23,Scan
FN:40,(anonymous_1)
FN:41,(anonymous_2)
FN:47,(anonymous_3)
FN:71,(anonymous_4)
FN:78,(anonymous_5)
FN:95,(anonymous_6)
FN:123,(anonymous_7)
FN:132,(anonymous_8)
FN:133,(anonymous_9)
FN:136,(anonymous_10)
FN:156,(anonymous_11)
FN:205,(anonymous_12)
FN:233,(anonymous_13)
FN:258,(anonymous_14)
FN:265,(anonymous_15)
FN:274,(anonymous_16)
FN:288,(anonymous_17)
FN:298,(anonymous_18)
FNF:19
FNH:9
FNDA:33,Scan
FNDA:6,(anonymous_1)
FNDA:6,(anonymous_2)
FNDA:3,(anonymous_3)
FNDA:0,(anonymous_4)
FNDA:0,(anonymous_5)
FNDA:1,(anonymous_6)
FNDA:0,(anonymous_7)
FNDA:0,(anonymous_8)
FNDA:0,(anonymous_9)
FNDA:6,(anonymous_10)
FNDA:0,(anonymous_11)
FNDA:3,(anonymous_12)
FNDA:0,(anonymous_13)
FNDA:1,(anonymous_14)
FNDA:2,(anonymous_15)
FNDA:0,(anonymous_16)
FNDA:0,(anonymous_17)
FNDA:0,(anonymous_18)
DA:24,33
DA:25,33
DA:26,33
DA:27,33
DA:28,33
DA:29,33
DA:30,33
DA:31,33
DA:32,33
DA:33,33
DA:35,33
DA:36,33
DA:37,33
DA:40,33
DA:41,6
DA:42,6
DA:43,6
DA:47,33
DA:49,3
DA:50,3
DA:52,3
DA:53,3
DA:54,3
DA:55,3
DA:57,3
DA:58,3
DA:59,2
DA:61,2
DA:62,1
DA:63,1
DA:65,1
DA:72,0
DA:73,0
DA:79,0
DA:80,0
DA:87,1
DA:88,1
DA:89,1
DA:90,1
DA:91,1
DA:95,33
DA:96,1
DA:97,0
DA:98,0
DA:101,1
DA:102,1
DA:104,1
DA:105,1
DA:106,1
DA:108,1
DA:109,1
DA:115,0
DA:118,0
DA:119,0
DA:123,33
DA:124,0
DA:125,0
DA:126,0
DA:127,0
DA:128,0
DA:129,0
DA:132,33
DA:133,0
DA:136,33
DA:137,6
DA:138,6
DA:142,33
DA:143,6
DA:150,27
DA:151,0
DA:157,0
DA:158,0
DA:167,27
DA:206,3
DA:207,3
DA:208,3
DA:233,0
DA:258,1
DA:265,2
DA:274,0
DA:289,0
DA:290,0
DA:299,0
DA:300,0
DA:301,0
DA:324,1
LF:86
LH:60
BRDA:50,0,0,0
BRDA:50,0,1,3
BRDA:50,1,0,3
BRDA:50,1,1,3
BRDA:61,2,0,1
BRDA:61,2,1,1
BRDA:61,3,0,2
BRDA:61,3,1,1
BRDA:96,4,0,0
BRDA:96,4,1,1
BRDA:108,5,0,1
BRDA:108,5,1,0
BRDA:133,6,0,0
BRDA:133,6,1,0
BRDA:142,7,0,6
BRDA:142,7,1,27
BRDA:150,8,0,0
BRDA:150,8,1,27
BRDA:169,9,0,7
BRDA:169,9,1,20
BRDA:174,10,0,0
BRDA:174,10,1,7
BRDA:217,11,0,20
BRDA:217,11,1,10
BRDA:236,12,0,27
BRDA:236,12,1,0
BRDA:243,13,0,4
BRDA:243,13,1,23
BRDA:282,14,0,23
BRDA:282,14,1,0
BRDA:290,15,0,0
BRDA:290,15,1,0
BRF:32
BRH:21
end_of_record
TN:
SF:components\ThemedText.tsx
FN:11,ThemedText
FNF:1
FNH:1
FNDA:1,ThemedText
DA:18,1
DA:20,1
DA:36,1
LF:3
LH:3
BRDA:15,0,0,1
BRDA:24,1,0,1
BRDA:24,1,1,0
BRDA:25,2,0,0
BRDA:25,2,1,1
BRDA:26,3,0,0
BRDA:26,3,1,1
BRDA:27,4,0,0
BRDA:27,4,1,1
BRDA:28,5,0,0
BRDA:28,5,1,1
BRF:11
BRH:6
end_of_record
TN:
SF:components\ui\IconSymbol.ios.tsx
FN:4,IconSymbol
FNF:1
FNH:1
FNDA:7,IconSymbol
DA:17,7
LF:1
LH:1
BRDA:6,0,0,0
BRDA:9,1,0,7
BRF:2
BRH:1
end_of_record
TN:
SF:constants\Colors.ts
FNF:0
FNH:0
DA:6,1
DA:7,1
DA:9,1
LF:3
LH:3
BRF:0
BRH:0
end_of_record
TN:
SF:constants\theme.tsx
FNF:0
FNH:0
DA:9,3
LF:1
LH:1
BRF:0
BRH:0
end_of_record
TN:
SF:hooks\useColorScheme.ts
FNF:0
FNH:0
LF:0
LH:0
BRF:0
BRH:0
end_of_record
TN:
SF:hooks\useThemeColor.ts
FN:9,useThemeColor
FNF:1
FNH:1
FNDA:1,useThemeColor
DA:13,1
DA:14,1
DA:16,1
DA:17,0
DA:19,1
LF:5
LH:4
BRDA:13,0,0,1
BRDA:13,0,1,0
BRDA:16,1,0,0
BRDA:16,1,1,1
BRF:4
BRH:2
end_of_record
TN:
SF:utils\api.ts
FN:9,(anonymous_0)
FN:39,(anonymous_1)
FN:75,(anonymous_2)
FN:106,(anonymous_3)
FN:118,(anonymous_4)
FN:139,(anonymous_5)
FN:168,(anonymous_6)
FN:188,(anonymous_7)
FN:208,(anonymous_8)
FN:228,(anonymous_9)
FN:252,(anonymous_10)
FN:276,(anonymous_11)
FN:298,(anonymous_12)
FNF:13
FNH:0
FNDA:0,(anonymous_0)
FNDA:0,(anonymous_1)
FNDA:0,(anonymous_2)
FNDA:0,(anonymous_3)
FNDA:0,(anonymous_4)
FNDA:0,(anonymous_5)
FNDA:0,(anonymous_6)
FNDA:0,(anonymous_7)
FNDA:0,(anonymous_8)
FNDA:0,(anonymous_9)
FNDA:0,(anonymous_10)
FNDA:0,(anonymous_11)
FNDA:0,(anonymous_12)
DA:6,1
DA:9,1
DA:10,0
DA:11,0
DA:17,0
DA:19,0
DA:20,0
DA:24,0
DA:25,0
DA:26,0
DA:28,0
DA:29,0
DA:33,0
DA:34,0
DA:39,1
DA:40,0
DA:41,0
DA:43,0
DA:49,0
DA:50,0
DA:52,0
DA:53,0
DA:57,0
DA:58,0
DA:59,0
DA:64,0
DA:65,0
DA:69,0
DA:70,0
DA:75,1
DA:76,0
DA:77,0
DA:78,0
DA:79,0
DA:80,0
DA:83,0
DA:91,0
DA:93,0
DA:94,0
DA:97,0
DA:100,0
DA:101,0
DA:106,1
DA:107,0
DA:108,0
DA:109,0
DA:111,0
DA:112,0
DA:118,1
DA:119,0
DA:120,0
DA:121,0
DA:123,0
DA:128,0
DA:129,0
DA:131,0
DA:133,0
DA:139,1
DA:145,0
DA:146,0
DA:147,0
DA:149,0
DA:158,0
DA:159,0
DA:161,0
DA:163,0
DA:168,1
DA:169,0
DA:170,0
DA:171,0
DA:173,0
DA:178,0
DA:179,0
DA:181,0
DA:183,0
DA:188,1
DA:189,0
DA:190,0
DA:191,0
DA:193,0
DA:198,0
DA:199,0
DA:201,0
DA:203,0
DA:208,1
DA:209,0
DA:210,0
DA:211,0
DA:213,0
DA:218,0
DA:219,0
DA:221,0
DA:223,0
DA:228,1
DA:229,0
DA:230,0
DA:231,0
DA:233,0
DA:242,0
DA:243,0
DA:245,0
DA:247,0
DA:252,1
DA:253,0
DA:254,0
DA:255,0
DA:257,0
DA:266,0
DA:267,0
DA:269,0
DA:271,0
DA:276,1
DA:277,0
DA:278,0
DA:279,0
DA:281,0
DA:286,0
DA:287,0
DA:289,0
DA:291,0
DA:298,1
DA:299,0
DA:300,0
DA:301,0
DA:303,0
DA:312,0
DA:313,0
DA:315,0
DA:317,0
LF:129
LH:14
BRDA:6,0,0,1
BRDA:6,0,1,1
BRDA:19,1,0,0
BRDA:19,1,1,0
BRDA:20,2,0,0
BRDA:20,2,1,0
BRDA:24,3,0,0
BRDA:24,3,1,0
BRDA:34,4,0,0
BRDA:34,4,1,0
BRDA:52,5,0,0
BRDA:52,5,1,0
BRDA:53,6,0,0
BRDA:53,6,1,0
BRDA:57,7,0,0
BRDA:57,7,1,0
BRDA:70,8,0,0
BRDA:70,8,1,0
BRDA:78,9,0,0
BRDA:78,9,1,0
BRDA:93,10,0,0
BRDA:93,10,1,0
BRDA:94,11,0,0
BRDA:94,11,1,0
BRDA:97,12,0,0
BRDA:97,12,1,0
BRDA:101,13,0,0
BRDA:101,13,1,0
BRDA:121,14,0,0
BRDA:121,14,1,0
BRDA:129,15,0,0
BRDA:129,15,1,0
BRDA:129,16,0,0
BRDA:129,16,1,0
BRDA:133,17,0,0
BRDA:133,17,1,0
BRDA:147,18,0,0
BRDA:147,18,1,0
BRDA:159,19,0,0
BRDA:159,19,1,0
BRDA:159,20,0,0
BRDA:159,20,1,0
BRDA:163,21,0,0
BRDA:163,21,1,0
BRDA:171,22,0,0
BRDA:171,22,1,0
BRDA:179,23,0,0
BRDA:179,23,1,0
BRDA:179,24,0,0
BRDA:179,24,1,0
BRDA:183,25,0,0
BRDA:183,25,1,0
BRDA:191,26,0,0
BRDA:191,26,1,0
BRDA:199,27,0,0
BRDA:199,27,1,0
BRDA:199,28,0,0
BRDA:199,28,1,0
BRDA:203,29,0,0
BRDA:203,29,1,0
BRDA:211,30,0,0
BRDA:211,30,1,0
BRDA:219,31,0,0
BRDA:219,31,1,0
BRDA:219,32,0,0
BRDA:219,32,1,0
BRDA:223,33,0,0
BRDA:223,33,1,0
BRDA:231,34,0,0
BRDA:231,34,1,0
BRDA:243,35,0,0
BRDA:243,35,1,0
BRDA:243,36,0,0
BRDA:243,36,1,0
BRDA:247,37,0,0
BRDA:247,37,1,0
BRDA:255,38,0,0
BRDA:255,38,1,0
BRDA:267,39,0,0
BRDA:267,39,1,0
BRDA:267,40,0,0
BRDA:267,40,1,0
BRDA:271,41,0,0
BRDA:271,41,1,0
BRDA:279,42,0,0
BRDA:279,42,1,0
BRDA:287,43,0,0
BRDA:287,43,1,0
BRDA:287,44,0,0
BRDA:287,44,1,0
BRDA:291,45,0,0
BRDA:291,45,1,0
BRDA:301,46,0,0
BRDA:301,46,1,0
BRDA:313,47,0,0
BRDA:313,47,1,0
BRDA:313,48,0,0
BRDA:313,48,1,0
BRDA:317,49,0,0
BRDA:317,49,1,0
BRF:100
BRH:2
end_of_record
