{"/Users/aryanchegini/Desktop/CW/FridgeFriend/backend/src/app.js": {"path":"/Users/aryanchegini/Desktop/CW/FridgeFriend/backend/src/app.js","statementMap":{"0":{"start":{"line":1,"column":16},"end":{"line":1,"column":34}},"1":{"start":{"line":2,"column":13},"end":{"line":2,"column":28}},"2":{"start":{"line":3,"column":15},"end":{"line":3,"column":41}},"3":{"start":{"line":4,"column":15},"end":{"line":4,"column":32}},"4":{"start":{"line":5,"column":15},"end":{"line":5,"column":32}},"5":{"start":{"line":8,"column":15},"end":{"line":8,"column":43}},"6":{"start":{"line":9,"column":21},"end":{"line":9,"column":64}},"7":{"start":{"line":10,"column":39},"end":{"line":10,"column":87}},"8":{"start":{"line":11,"column":32},"end":{"line":11,"column":75}},"9":{"start":{"line":13,"column":12},"end":{"line":13,"column":21}},"10":{"start":{"line":14,"column":0},"end":{"line":14,"column":29}},"11":{"start":{"line":15,"column":0},"end":{"line":15,"column":22}},"12":{"start":{"line":18,"column":0},"end":{"line":18,"column":24}},"13":{"start":{"line":19,"column":0},"end":{"line":19,"column":49}},"14":{"start":{"line":20,"column":0},"end":{"line":20,"column":18}},"15":{"start":{"line":21,"column":0},"end":{"line":21,"column":16}},"16":{"start":{"line":24,"column":0},"end":{"line":26,"column":3}},"17":{"start":{"line":25,"column":2},"end":{"line":25,"column":42}},"18":{"start":{"line":29,"column":0},"end":{"line":34,"column":3}},"19":{"start":{"line":30,"column":2},"end":{"line":30,"column":60}},"20":{"start":{"line":31,"column":2},"end":{"line":31,"column":66}},"21":{"start":{"line":32,"column":2},"end":{"line":32,"column":60}},"22":{"start":{"line":33,"column":2},"end":{"line":33,"column":9}},"23":{"start":{"line":36,"column":0},"end":{"line":36,"column":61}},"24":{"start":{"line":37,"column":0},"end":{"line":37,"column":57}},"25":{"start":{"line":38,"column":0},"end":{"line":38,"column":53}},"26":{"start":{"line":39,"column":0},"end":{"line":39,"column":57}},"27":{"start":{"line":40,"column":0},"end":{"line":40,"column":71}},"28":{"start":{"line":42,"column":0},"end":{"line":42,"column":22}},"29":{"start":{"line":44,"column":0},"end":{"line":44,"column":21}}},"fnMap":{"0":{"name":"(anonymous_0)","decl":{"start":{"line":24,"column":13},"end":{"line":24,"column":14}},"loc":{"start":{"line":24,"column":27},"end":{"line":26,"column":1}},"line":24},"1":{"name":"(anonymous_1)","decl":{"start":{"line":29,"column":8},"end":{"line":29,"column":9}},"loc":{"start":{"line":29,"column":28},"end":{"line":34,"column":1}},"line":29}},"branchMap":{},"s":{"0":5,"1":5,"2":5,"3":5,"4":5,"5":5,"6":5,"7":5,"8":5,"9":5,"10":5,"11":5,"12":5,"13":5,"14":5,"15":5,"16":5,"17":0,"18":5,"19":78,"20":78,"21":78,"22":78,"23":5,"24":5,"25":5,"26":5,"27":5,"28":5,"29":5},"f":{"0":0,"1":78},"b":{},"_coverageSchema":"1a1c01bbd47fc00a2c39e90264f33305004495a9","hash":"1bbe38dede7032f199c0731abbeed1eb361aecf5"}
,"/Users/aryanchegini/Desktop/CW/FridgeFriend/backend/src/config/mongoose.config.js": {"path":"/Users/aryanchegini/Desktop/CW/FridgeFriend/backend/src/config/mongoose.config.js","statementMap":{"0":{"start":{"line":1,"column":17},"end":{"line":1,"column":36}},"1":{"start":{"line":3,"column":18},"end":{"line":12,"column":1}},"2":{"start":{"line":4,"column":2},"end":{"line":11,"column":3}},"3":{"start":{"line":5,"column":17},"end":{"line":5,"column":64}},"4":{"start":{"line":7,"column":4},"end":{"line":7,"column":61}},"5":{"start":{"line":9,"column":4},"end":{"line":9,"column":22}},"6":{"start":{"line":10,"column":4},"end":{"line":10,"column":19}},"7":{"start":{"line":14,"column":0},"end":{"line":14,"column":27}}},"fnMap":{"0":{"name":"(anonymous_0)","decl":{"start":{"line":3,"column":18},"end":{"line":3,"column":19}},"loc":{"start":{"line":3,"column":30},"end":{"line":12,"column":1}},"line":3}},"branchMap":{},"s":{"0":2,"1":2,"2":0,"3":0,"4":0,"5":0,"6":0,"7":2},"f":{"0":0},"b":{},"_coverageSchema":"1a1c01bbd47fc00a2c39e90264f33305004495a9","hash":"7e717ae3192aae23954fb9aaa52e22a402ae23f6"}
,"/Users/aryanchegini/Desktop/CW/FridgeFriend/backend/src/controllers/auth.controller.js": {"path":"/Users/aryanchegini/Desktop/CW/FridgeFriend/backend/src/controllers/auth.controller.js","statementMap":{"0":{"start":{"line":1,"column":12},"end":{"line":1,"column":35}},"1":{"start":{"line":2,"column":15},"end":{"line":2,"column":32}},"2":{"start":{"line":3,"column":21},"end":{"line":3,"column":53}},"3":{"start":{"line":4,"column":13},"end":{"line":4,"column":44}},"4":{"start":{"line":5,"column":22},"end":{"line":5,"column":62}},"5":{"start":{"line":10,"column":0},"end":{"line":59,"column":3}},"6":{"start":{"line":11,"column":36},"end":{"line":11,"column":44}},"7":{"start":{"line":14,"column":2},"end":{"line":19,"column":3}},"8":{"start":{"line":15,"column":4},"end":{"line":18,"column":7}},"9":{"start":{"line":22,"column":21},"end":{"line":22,"column":50}},"10":{"start":{"line":23,"column":2},"end":{"line":28,"column":3}},"11":{"start":{"line":24,"column":4},"end":{"line":27,"column":7}},"12":{"start":{"line":31,"column":15},"end":{"line":31,"column":39}},"13":{"start":{"line":32,"column":25},"end":{"line":32,"column":58}},"14":{"start":{"line":35,"column":22},"end":{"line":39,"column":4}},"15":{"start":{"line":42,"column":27},"end":{"line":46,"column":4}},"16":{"start":{"line":48,"column":16},"end":{"line":48,"column":44}},"17":{"start":{"line":50,"column":2},"end":{"line":58,"column":5}},"18":{"start":{"line":65,"column":0},"end":{"line":106,"column":3}},"19":{"start":{"line":66,"column":30},"end":{"line":66,"column":38}},"20":{"start":{"line":69,"column":2},"end":{"line":74,"column":3}},"21":{"start":{"line":70,"column":4},"end":{"line":73,"column":7}},"22":{"start":{"line":77,"column":15},"end":{"line":77,"column":64}},"23":{"start":{"line":78,"column":2},"end":{"line":83,"column":3}},"24":{"start":{"line":79,"column":4},"end":{"line":82,"column":7}},"25":{"start":{"line":86,"column":18},"end":{"line":86,"column":63}},"26":{"start":{"line":87,"column":2},"end":{"line":92,"column":3}},"27":{"start":{"line":88,"column":4},"end":{"line":91,"column":7}},"28":{"start":{"line":95,"column":16},"end":{"line":95,"column":37}},"29":{"start":{"line":97,"column":2},"end":{"line":105,"column":5}},"30":{"start":{"line":111,"column":0},"end":{"line":122,"column":3}},"31":{"start":{"line":112,"column":15},"end":{"line":112,"column":47}},"32":{"start":{"line":114,"column":2},"end":{"line":121,"column":5}},"33":{"start":{"line":127,"column":0},"end":{"line":132,"column":3}},"34":{"start":{"line":128,"column":2},"end":{"line":131,"column":5}},"35":{"start":{"line":134,"column":20},"end":{"line":136,"column":1}},"36":{"start":{"line":135,"column":2},"end":{"line":135,"column":71}}},"fnMap":{"0":{"name":"(anonymous_0)","decl":{"start":{"line":10,"column":32},"end":{"line":10,"column":33}},"loc":{"start":{"line":10,"column":52},"end":{"line":59,"column":1}},"line":10},"1":{"name":"(anonymous_1)","decl":{"start":{"line":65,"column":29},"end":{"line":65,"column":30}},"loc":{"start":{"line":65,"column":49},"end":{"line":106,"column":1}},"line":65},"2":{"name":"(anonymous_2)","decl":{"start":{"line":111,"column":29},"end":{"line":111,"column":30}},"loc":{"start":{"line":111,"column":49},"end":{"line":122,"column":1}},"line":111},"3":{"name":"(anonymous_3)","decl":{"start":{"line":127,"column":30},"end":{"line":127,"column":31}},"loc":{"start":{"line":127,"column":50},"end":{"line":132,"column":1}},"line":127},"4":{"name":"(anonymous_4)","decl":{"start":{"line":134,"column":20},"end":{"line":134,"column":21}},"loc":{"start":{"line":134,"column":28},"end":{"line":136,"column":1}},"line":134}},"branchMap":{"0":{"loc":{"start":{"line":14,"column":2},"end":{"line":19,"column":3}},"type":"if","locations":[{"start":{"line":14,"column":2},"end":{"line":19,"column":3}},{"start":{},"end":{}}],"line":14},"1":{"loc":{"start":{"line":14,"column":6},"end":{"line":14,"column":34}},"type":"binary-expr","locations":[{"start":{"line":14,"column":6},"end":{"line":14,"column":12}},{"start":{"line":14,"column":16},"end":{"line":14,"column":25}},{"start":{"line":14,"column":29},"end":{"line":14,"column":34}}],"line":14},"2":{"loc":{"start":{"line":23,"column":2},"end":{"line":28,"column":3}},"type":"if","locations":[{"start":{"line":23,"column":2},"end":{"line":28,"column":3}},{"start":{},"end":{}}],"line":23},"3":{"loc":{"start":{"line":69,"column":2},"end":{"line":74,"column":3}},"type":"if","locations":[{"start":{"line":69,"column":2},"end":{"line":74,"column":3}},{"start":{},"end":{}}],"line":69},"4":{"loc":{"start":{"line":69,"column":6},"end":{"line":69,"column":25}},"type":"binary-expr","locations":[{"start":{"line":69,"column":6},"end":{"line":69,"column":12}},{"start":{"line":69,"column":16},"end":{"line":69,"column":25}}],"line":69},"5":{"loc":{"start":{"line":78,"column":2},"end":{"line":83,"column":3}},"type":"if","locations":[{"start":{"line":78,"column":2},"end":{"line":83,"column":3}},{"start":{},"end":{}}],"line":78},"6":{"loc":{"start":{"line":87,"column":2},"end":{"line":92,"column":3}},"type":"if","locations":[{"start":{"line":87,"column":2},"end":{"line":92,"column":3}},{"start":{},"end":{}}],"line":87}},"s":{"0":5,"1":5,"2":5,"3":5,"4":5,"5":5,"6":16,"7":16,"8":0,"9":16,"10":16,"11":0,"12":16,"13":16,"14":16,"15":16,"16":16,"17":16,"18":5,"19":16,"20":16,"21":0,"22":16,"23":16,"24":1,"25":15,"26":15,"27":0,"28":15,"29":15,"30":5,"31":0,"32":0,"33":5,"34":0,"35":5,"36":31},"f":{"0":16,"1":16,"2":0,"3":0,"4":31},"b":{"0":[0,16],"1":[16,16,16],"2":[0,16],"3":[0,16],"4":[16,16],"5":[1,15],"6":[0,15]},"_coverageSchema":"1a1c01bbd47fc00a2c39e90264f33305004495a9","hash":"91b15b33df4effa400678fbb8313f7c8921bd634"}
,"/Users/aryanchegini/Desktop/CW/FridgeFriend/backend/src/controllers/group.controller.js": {"path":"/Users/aryanchegini/Desktop/CW/FridgeFriend/backend/src/controllers/group.controller.js","statementMap":{"0":{"start":{"line":1,"column":17},"end":{"line":1,"column":36}},"1":{"start":{"line":2,"column":14},"end":{"line":2,"column":46}},"2":{"start":{"line":3,"column":22},"end":{"line":3,"column":62}},"3":{"start":{"line":4,"column":24},"end":{"line":4,"column":66}},"4":{"start":{"line":5,"column":23},"end":{"line":5,"column":38}},"5":{"start":{"line":10,"column":0},"end":{"line":66,"column":2}},"6":{"start":{"line":11,"column":2},"end":{"line":65,"column":3}},"7":{"start":{"line":12,"column":19},"end":{"line":12,"column":31}},"8":{"start":{"line":13,"column":24},"end":{"line":13,"column":33}},"9":{"start":{"line":15,"column":21},"end":{"line":15,"column":23}},"10":{"start":{"line":17,"column":4},"end":{"line":25,"column":5}},"11":{"start":{"line":18,"column":6},"end":{"line":18,"column":31}},"12":{"start":{"line":20,"column":26},"end":{"line":22,"column":7}},"13":{"start":{"line":23,"column":23},"end":{"line":23,"column":74}},"14":{"start":{"line":23,"column":55},"end":{"line":23,"column":73}},"15":{"start":{"line":24,"column":6},"end":{"line":24,"column":41}},"16":{"start":{"line":27,"column":19},"end":{"line":27,"column":47}},"17":{"start":{"line":29,"column":22},"end":{"line":59,"column":5}},"18":{"start":{"line":31,"column":28},"end":{"line":33,"column":37}},"19":{"start":{"line":34,"column":24},"end":{"line":34,"column":78}},"20":{"start":{"line":34,"column":56},"end":{"line":34,"column":77}},"21":{"start":{"line":35,"column":23},"end":{"line":37,"column":33}},"22":{"start":{"line":39,"column":28},"end":{"line":50,"column":44}},"23":{"start":{"line":41,"column":30},"end":{"line":43,"column":29}},"24":{"start":{"line":42,"column":21},"end":{"line":42,"column":77}},"25":{"start":{"line":44,"column":12},"end":{"line":48,"column":14}},"26":{"start":{"line":50,"column":26},"end":{"line":50,"column":43}},"27":{"start":{"line":52,"column":8},"end":{"line":57,"column":10}},"28":{"start":{"line":61,"column":4},"end":{"line":61,"column":24}},"29":{"start":{"line":63,"column":4},"end":{"line":63,"column":25}},"30":{"start":{"line":64,"column":4},"end":{"line":64,"column":61}},"31":{"start":{"line":71,"column":0},"end":{"line":116,"column":2}},"32":{"start":{"line":72,"column":2},"end":{"line":115,"column":3}},"33":{"start":{"line":73,"column":27},"end":{"line":73,"column":35}},"34":{"start":{"line":74,"column":19},"end":{"line":74,"column":31}},"35":{"start":{"line":76,"column":4},"end":{"line":78,"column":5}},"36":{"start":{"line":77,"column":6},"end":{"line":77,"column":71}},"37":{"start":{"line":81,"column":19},"end":{"line":81,"column":24}},"38":{"start":{"line":83,"column":4},"end":{"line":87,"column":5}},"39":{"start":{"line":84,"column":6},"end":{"line":84,"column":53}},"40":{"start":{"line":85,"column":28},"end":{"line":85,"column":62}},"41":{"start":{"line":86,"column":6},"end":{"line":86,"column":42}},"42":{"start":{"line":86,"column":26},"end":{"line":86,"column":42}},"43":{"start":{"line":90,"column":21},"end":{"line":94,"column":6}},"44":{"start":{"line":96,"column":4},"end":{"line":96,"column":26}},"45":{"start":{"line":99,"column":4},"end":{"line":102,"column":7}},"46":{"start":{"line":104,"column":4},"end":{"line":111,"column":7}},"47":{"start":{"line":113,"column":4},"end":{"line":113,"column":23}},"48":{"start":{"line":114,"column":4},"end":{"line":114,"column":61}},"49":{"start":{"line":121,"column":0},"end":{"line":156,"column":2}},"50":{"start":{"line":122,"column":2},"end":{"line":155,"column":3}},"51":{"start":{"line":123,"column":27},"end":{"line":123,"column":35}},"52":{"start":{"line":124,"column":19},"end":{"line":124,"column":31}},"53":{"start":{"line":126,"column":4},"end":{"line":128,"column":5}},"54":{"start":{"line":127,"column":6},"end":{"line":127,"column":71}},"55":{"start":{"line":131,"column":18},"end":{"line":131,"column":64}},"56":{"start":{"line":132,"column":4},"end":{"line":134,"column":5}},"57":{"start":{"line":133,"column":6},"end":{"line":133,"column":64}},"58":{"start":{"line":137,"column":31},"end":{"line":140,"column":6}},"59":{"start":{"line":141,"column":4},"end":{"line":143,"column":5}},"60":{"start":{"line":142,"column":6},"end":{"line":142,"column":78}},"61":{"start":{"line":146,"column":4},"end":{"line":149,"column":7}},"62":{"start":{"line":151,"column":4},"end":{"line":151,"column":76}},"63":{"start":{"line":153,"column":4},"end":{"line":153,"column":23}},"64":{"start":{"line":154,"column":4},"end":{"line":154,"column":68}}},"fnMap":{"0":{"name":"(anonymous_0)","decl":{"start":{"line":10,"column":20},"end":{"line":10,"column":21}},"loc":{"start":{"line":10,"column":40},"end":{"line":66,"column":1}},"line":10},"1":{"name":"(anonymous_1)","decl":{"start":{"line":23,"column":39},"end":{"line":23,"column":40}},"loc":{"start":{"line":23,"column":55},"end":{"line":23,"column":73}},"line":23},"2":{"name":"(anonymous_2)","decl":{"start":{"line":30,"column":17},"end":{"line":30,"column":18}},"loc":{"start":{"line":30,"column":34},"end":{"line":58,"column":7}},"line":30},"3":{"name":"(anonymous_3)","decl":{"start":{"line":34,"column":40},"end":{"line":34,"column":41}},"loc":{"start":{"line":34,"column":56},"end":{"line":34,"column":77}},"line":34},"4":{"name":"(anonymous_4)","decl":{"start":{"line":40,"column":15},"end":{"line":40,"column":16}},"loc":{"start":{"line":40,"column":31},"end":{"line":49,"column":11}},"line":40},"5":{"name":"(anonymous_5)","decl":{"start":{"line":42,"column":14},"end":{"line":42,"column":15}},"loc":{"start":{"line":42,"column":21},"end":{"line":42,"column":77}},"line":42},"6":{"name":"(anonymous_6)","decl":{"start":{"line":50,"column":16},"end":{"line":50,"column":17}},"loc":{"start":{"line":50,"column":26},"end":{"line":50,"column":43}},"line":50},"7":{"name":"(anonymous_7)","decl":{"start":{"line":71,"column":22},"end":{"line":71,"column":23}},"loc":{"start":{"line":71,"column":42},"end":{"line":116,"column":1}},"line":71},"8":{"name":"(anonymous_8)","decl":{"start":{"line":121,"column":26},"end":{"line":121,"column":27}},"loc":{"start":{"line":121,"column":46},"end":{"line":156,"column":1}},"line":121}},"branchMap":{"0":{"loc":{"start":{"line":17,"column":4},"end":{"line":25,"column":5}},"type":"if","locations":[{"start":{"line":17,"column":4},"end":{"line":25,"column":5}},{"start":{"line":19,"column":11},"end":{"line":25,"column":5}}],"line":17},"1":{"loc":{"start":{"line":41,"column":30},"end":{"line":43,"column":29}},"type":"binary-expr","locations":[{"start":{"line":41,"column":30},"end":{"line":43,"column":13}},{"start":{"line":43,"column":17},"end":{"line":43,"column":29}}],"line":41},"2":{"loc":{"start":{"line":76,"column":4},"end":{"line":78,"column":5}},"type":"if","locations":[{"start":{"line":76,"column":4},"end":{"line":78,"column":5}},{"start":{},"end":{}}],"line":76},"3":{"loc":{"start":{"line":86,"column":6},"end":{"line":86,"column":42}},"type":"if","locations":[{"start":{"line":86,"column":6},"end":{"line":86,"column":42}},{"start":{},"end":{}}],"line":86},"4":{"loc":{"start":{"line":126,"column":4},"end":{"line":128,"column":5}},"type":"if","locations":[{"start":{"line":126,"column":4},"end":{"line":128,"column":5}},{"start":{},"end":{}}],"line":126},"5":{"loc":{"start":{"line":132,"column":4},"end":{"line":134,"column":5}},"type":"if","locations":[{"start":{"line":132,"column":4},"end":{"line":134,"column":5}},{"start":{},"end":{}}],"line":132},"6":{"loc":{"start":{"line":141,"column":4},"end":{"line":143,"column":5}},"type":"if","locations":[{"start":{"line":141,"column":4},"end":{"line":143,"column":5}},{"start":{},"end":{}}],"line":141}},"s":{"0":5,"1":5,"2":5,"3":5,"4":5,"5":5,"6":1,"7":1,"8":1,"9":1,"10":1,"11":0,"12":1,"13":1,"14":0,"15":1,"16":1,"17":1,"18":0,"19":0,"20":0,"21":0,"22":0,"23":0,"24":0,"25":0,"26":0,"27":0,"28":1,"29":0,"30":0,"31":5,"32":2,"33":2,"34":2,"35":2,"36":1,"37":1,"38":1,"39":1,"40":1,"41":1,"42":1,"43":1,"44":1,"45":1,"46":1,"47":0,"48":0,"49":5,"50":4,"51":4,"52":4,"53":4,"54":1,"55":3,"56":3,"57":1,"58":2,"59":2,"60":1,"61":1,"62":1,"63":0,"64":0},"f":{"0":1,"1":0,"2":0,"3":0,"4":0,"5":0,"6":0,"7":2,"8":4},"b":{"0":[0,1],"1":[0,0],"2":[1,1],"3":[1,0],"4":[1,3],"5":[1,2],"6":[1,1]},"_coverageSchema":"1a1c01bbd47fc00a2c39e90264f33305004495a9","hash":"96cc3197721f532f531e2c5166b4e9aa493b8295"}
,"/Users/aryanchegini/Desktop/CW/FridgeFriend/backend/src/controllers/notification.controller.js": {"path":"/Users/aryanchegini/Desktop/CW/FridgeFriend/backend/src/controllers/notification.controller.js","statementMap":{"0":{"start":{"line":1,"column":13},"end":{"line":1,"column":44}},"1":{"start":{"line":2,"column":16},"end":{"line":2,"column":50}},"2":{"start":{"line":3,"column":22},"end":{"line":3,"column":62}},"3":{"start":{"line":4,"column":24},"end":{"line":4,"column":66}},"4":{"start":{"line":5,"column":14},"end":{"line":5,"column":46}},"5":{"start":{"line":6,"column":15},"end":{"line":6,"column":41}},"6":{"start":{"line":7,"column":13},"end":{"line":7,"column":33}},"7":{"start":{"line":8,"column":21},"end":{"line":8,"column":53}},"8":{"start":{"line":9,"column":28},"end":{"line":9,"column":71}},"9":{"start":{"line":15,"column":32},"end":{"line":95,"column":2}},"10":{"start":{"line":16,"column":2},"end":{"line":94,"column":3}},"11":{"start":{"line":17,"column":4},"end":{"line":17,"column":58}},"12":{"start":{"line":20,"column":24},"end":{"line":20,"column":34}},"13":{"start":{"line":21,"column":24},"end":{"line":21,"column":45}},"14":{"start":{"line":22,"column":4},"end":{"line":22,"column":51}},"15":{"start":{"line":25,"column":29},"end":{"line":31,"column":6}},"16":{"start":{"line":33,"column":4},"end":{"line":33,"column":75}},"17":{"start":{"line":35,"column":4},"end":{"line":37,"column":5}},"18":{"start":{"line":36,"column":6},"end":{"line":36,"column":53}},"19":{"start":{"line":40,"column":28},"end":{"line":40,"column":30}},"20":{"start":{"line":42,"column":4},"end":{"line":48,"column":5}},"21":{"start":{"line":43,"column":21},"end":{"line":43,"column":46}},"22":{"start":{"line":44,"column":6},"end":{"line":46,"column":7}},"23":{"start":{"line":45,"column":8},"end":{"line":45,"column":37}},"24":{"start":{"line":47,"column":6},"end":{"line":47,"column":44}},"25":{"start":{"line":51,"column":21},"end":{"line":51,"column":23}},"26":{"start":{"line":54,"column":4},"end":{"line":81,"column":5}},"27":{"start":{"line":56,"column":19},"end":{"line":56,"column":46}},"28":{"start":{"line":60,"column":6},"end":{"line":62,"column":7}},"29":{"start":{"line":61,"column":8},"end":{"line":61,"column":17}},"30":{"start":{"line":65,"column":6},"end":{"line":80,"column":7}},"31":{"start":{"line":67,"column":30},"end":{"line":69,"column":9}},"32":{"start":{"line":73,"column":10},"end":{"line":78,"column":12}},"33":{"start":{"line":84,"column":4},"end":{"line":88,"column":5}},"34":{"start":{"line":85,"column":21},"end":{"line":85,"column":74}},"35":{"start":{"line":86,"column":6},"end":{"line":86,"column":70}},"36":{"start":{"line":87,"column":6},"end":{"line":87,"column":71}},"37":{"start":{"line":90,"column":4},"end":{"line":90,"column":51}},"38":{"start":{"line":92,"column":4},"end":{"line":92,"column":73}},"39":{"start":{"line":93,"column":4},"end":{"line":93,"column":52}},"40":{"start":{"line":100,"column":37},"end":{"line":205,"column":2}},"41":{"start":{"line":101,"column":2},"end":{"line":204,"column":3}},"42":{"start":{"line":102,"column":4},"end":{"line":102,"column":63}},"43":{"start":{"line":105,"column":19},"end":{"line":105,"column":39}},"44":{"start":{"line":106,"column":28},"end":{"line":106,"column":29}},"45":{"start":{"line":108,"column":4},"end":{"line":197,"column":5}},"46":{"start":{"line":110,"column":26},"end":{"line":112,"column":8}},"47":{"start":{"line":115,"column":22},"end":{"line":115,"column":70}},"48":{"start":{"line":115,"column":52},"end":{"line":115,"column":69}},"49":{"start":{"line":118,"column":21},"end":{"line":120,"column":31}},"50":{"start":{"line":123,"column":20},"end":{"line":125,"column":59}},"51":{"start":{"line":128,"column":30},"end":{"line":143,"column":42}},"52":{"start":{"line":131,"column":28},"end":{"line":133,"column":11}},"53":{"start":{"line":132,"column":17},"end":{"line":132,"column":60}},"54":{"start":{"line":135,"column":10},"end":{"line":141,"column":12}},"55":{"start":{"line":143,"column":24},"end":{"line":143,"column":41}},"56":{"start":{"line":146,"column":23},"end":{"line":146,"column":25}},"57":{"start":{"line":148,"column":6},"end":{"line":190,"column":9}},"58":{"start":{"line":150,"column":8},"end":{"line":152,"column":9}},"59":{"start":{"line":151,"column":10},"end":{"line":151,"column":17}},"60":{"start":{"line":154,"column":21},"end":{"line":154,"column":30}},"61":{"start":{"line":157,"column":8},"end":{"line":189,"column":9}},"62":{"start":{"line":158,"column":28},"end":{"line":158,"column":54}},"63":{"start":{"line":159,"column":31},"end":{"line":159,"column":59}},"64":{"start":{"line":162,"column":10},"end":{"line":175,"column":11}},"65":{"start":{"line":164,"column":12},"end":{"line":174,"column":13}},"66":{"start":{"line":165,"column":30},"end":{"line":171,"column":15}},"67":{"start":{"line":173,"column":14},"end":{"line":173,"column":37}},"68":{"start":{"line":176,"column":15},"end":{"line":189,"column":9}},"69":{"start":{"line":178,"column":10},"end":{"line":188,"column":11}},"70":{"start":{"line":179,"column":28},"end":{"line":185,"column":13}},"71":{"start":{"line":187,"column":12},"end":{"line":187,"column":35}},"72":{"start":{"line":193,"column":6},"end":{"line":196,"column":7}},"73":{"start":{"line":194,"column":23},"end":{"line":194,"column":76}},"74":{"start":{"line":195,"column":8},"end":{"line":195,"column":49}},"75":{"start":{"line":199,"column":4},"end":{"line":199,"column":71}},"76":{"start":{"line":200,"column":4},"end":{"line":200,"column":67}},"77":{"start":{"line":202,"column":4},"end":{"line":202,"column":78}},"78":{"start":{"line":203,"column":4},"end":{"line":203,"column":52}},"79":{"start":{"line":210,"column":35},"end":{"line":222,"column":1}},"80":{"start":{"line":212,"column":2},"end":{"line":214,"column":5}},"81":{"start":{"line":213,"column":4},"end":{"line":213,"column":36}},"82":{"start":{"line":217,"column":2},"end":{"line":219,"column":5}},"83":{"start":{"line":218,"column":4},"end":{"line":218,"column":41}},"84":{"start":{"line":221,"column":2},"end":{"line":221,"column":53}},"85":{"start":{"line":224,"column":0},"end":{"line":228,"column":2}}},"fnMap":{"0":{"name":"(anonymous_0)","decl":{"start":{"line":15,"column":45},"end":{"line":15,"column":46}},"loc":{"start":{"line":15,"column":57},"end":{"line":95,"column":1}},"line":15},"1":{"name":"(anonymous_1)","decl":{"start":{"line":100,"column":50},"end":{"line":100,"column":51}},"loc":{"start":{"line":100,"column":62},"end":{"line":205,"column":1}},"line":100},"2":{"name":"(anonymous_2)","decl":{"start":{"line":115,"column":38},"end":{"line":115,"column":39}},"loc":{"start":{"line":115,"column":52},"end":{"line":115,"column":69}},"line":115},"3":{"name":"(anonymous_3)","decl":{"start":{"line":129,"column":13},"end":{"line":129,"column":14}},"loc":{"start":{"line":129,"column":21},"end":{"line":142,"column":9}},"line":129},"4":{"name":"(anonymous_4)","decl":{"start":{"line":132,"column":12},"end":{"line":132,"column":13}},"loc":{"start":{"line":132,"column":17},"end":{"line":132,"column":60}},"line":132},"5":{"name":"(anonymous_5)","decl":{"start":{"line":143,"column":14},"end":{"line":143,"column":15}},"loc":{"start":{"line":143,"column":24},"end":{"line":143,"column":41}},"line":143},"6":{"name":"(anonymous_6)","decl":{"start":{"line":148,"column":30},"end":{"line":148,"column":31}},"loc":{"start":{"line":148,"column":47},"end":{"line":190,"column":7}},"line":148},"7":{"name":"(anonymous_7)","decl":{"start":{"line":210,"column":35},"end":{"line":210,"column":36}},"loc":{"start":{"line":210,"column":41},"end":{"line":222,"column":1}},"line":210},"8":{"name":"(anonymous_8)","decl":{"start":{"line":212,"column":30},"end":{"line":212,"column":31}},"loc":{"start":{"line":212,"column":42},"end":{"line":214,"column":3}},"line":212},"9":{"name":"(anonymous_9)","decl":{"start":{"line":217,"column":30},"end":{"line":217,"column":31}},"loc":{"start":{"line":217,"column":42},"end":{"line":219,"column":3}},"line":217}},"branchMap":{"0":{"loc":{"start":{"line":35,"column":4},"end":{"line":37,"column":5}},"type":"if","locations":[{"start":{"line":35,"column":4},"end":{"line":37,"column":5}},{"start":{},"end":{}}],"line":35},"1":{"loc":{"start":{"line":44,"column":6},"end":{"line":46,"column":7}},"type":"if","locations":[{"start":{"line":44,"column":6},"end":{"line":46,"column":7}},{"start":{},"end":{}}],"line":44},"2":{"loc":{"start":{"line":60,"column":6},"end":{"line":62,"column":7}},"type":"if","locations":[{"start":{"line":60,"column":6},"end":{"line":62,"column":7}},{"start":{},"end":{}}],"line":60},"3":{"loc":{"start":{"line":60,"column":10},"end":{"line":60,"column":59}},"type":"binary-expr","locations":[{"start":{"line":60,"column":10},"end":{"line":60,"column":15}},{"start":{"line":60,"column":19},"end":{"line":60,"column":59}}],"line":60},"4":{"loc":{"start":{"line":84,"column":4},"end":{"line":88,"column":5}},"type":"if","locations":[{"start":{"line":84,"column":4},"end":{"line":88,"column":5}},{"start":{},"end":{}}],"line":84},"5":{"loc":{"start":{"line":138,"column":24},"end":{"line":138,"column":45}},"type":"binary-expr","locations":[{"start":{"line":138,"column":24},"end":{"line":138,"column":39}},{"start":{"line":138,"column":43},"end":{"line":138,"column":45}}],"line":138},"6":{"loc":{"start":{"line":140,"column":19},"end":{"line":140,"column":50}},"type":"cond-expr","locations":[{"start":{"line":140,"column":31},"end":{"line":140,"column":46}},{"start":{"line":140,"column":49},"end":{"line":140,"column":50}}],"line":140},"7":{"loc":{"start":{"line":150,"column":8},"end":{"line":152,"column":9}},"type":"if","locations":[{"start":{"line":150,"column":8},"end":{"line":152,"column":9}},{"start":{},"end":{}}],"line":150},"8":{"loc":{"start":{"line":150,"column":12},"end":{"line":150,"column":70}},"type":"binary-expr","locations":[{"start":{"line":150,"column":12},"end":{"line":150,"column":38}},{"start":{"line":150,"column":42},"end":{"line":150,"column":70}}],"line":150},"9":{"loc":{"start":{"line":157,"column":8},"end":{"line":189,"column":9}},"type":"if","locations":[{"start":{"line":157,"column":8},"end":{"line":189,"column":9}},{"start":{"line":176,"column":15},"end":{"line":189,"column":9}}],"line":157},"10":{"loc":{"start":{"line":162,"column":10},"end":{"line":175,"column":11}},"type":"if","locations":[{"start":{"line":162,"column":10},"end":{"line":175,"column":11}},{"start":{},"end":{}}],"line":162},"11":{"loc":{"start":{"line":176,"column":15},"end":{"line":189,"column":9}},"type":"if","locations":[{"start":{"line":176,"column":15},"end":{"line":189,"column":9}},{"start":{},"end":{}}],"line":176},"12":{"loc":{"start":{"line":193,"column":6},"end":{"line":196,"column":7}},"type":"if","locations":[{"start":{"line":193,"column":6},"end":{"line":196,"column":7}},{"start":{},"end":{}}],"line":193}},"s":{"0":5,"1":5,"2":5,"3":5,"4":5,"5":5,"6":5,"7":5,"8":5,"9":5,"10":0,"11":0,"12":0,"13":0,"14":0,"15":0,"16":0,"17":0,"18":0,"19":0,"20":0,"21":0,"22":0,"23":0,"24":0,"25":0,"26":0,"27":0,"28":0,"29":0,"30":0,"31":0,"32":0,"33":0,"34":0,"35":0,"36":0,"37":0,"38":0,"39":0,"40":5,"41":0,"42":0,"43":0,"44":0,"45":0,"46":0,"47":0,"48":0,"49":0,"50":0,"51":0,"52":0,"53":0,"54":0,"55":0,"56":0,"57":0,"58":0,"59":0,"60":0,"61":0,"62":0,"63":0,"64":0,"65":0,"66":0,"67":0,"68":0,"69":0,"70":0,"71":0,"72":0,"73":0,"74":0,"75":0,"76":0,"77":0,"78":0,"79":5,"80":5,"81":0,"82":5,"83":0,"84":5,"85":5},"f":{"0":0,"1":0,"2":0,"3":0,"4":0,"5":0,"6":0,"7":5,"8":0,"9":0},"b":{"0":[0,0],"1":[0,0],"2":[0,0],"3":[0,0],"4":[0,0],"5":[0,0],"6":[0,0],"7":[0,0],"8":[0,0],"9":[0,0],"10":[0,0],"11":[0,0],"12":[0,0]},"_coverageSchema":"1a1c01bbd47fc00a2c39e90264f33305004495a9","hash":"b3631eda1202a8f116b63eadcea2369ea6059caf"}
,"/Users/aryanchegini/Desktop/CW/FridgeFriend/backend/src/controllers/product.controller.js": {"path":"/Users/aryanchegini/Desktop/CW/FridgeFriend/backend/src/controllers/product.controller.js","statementMap":{"0":{"start":{"line":2,"column":21},"end":{"line":2,"column":53}},"1":{"start":{"line":3,"column":21},"end":{"line":3,"column":55}},"2":{"start":{"line":4,"column":23},"end":{"line":4,"column":63}},"3":{"start":{"line":6,"column":13},"end":{"line":6,"column":33}},"4":{"start":{"line":8,"column":22},"end":{"line":8,"column":60}},"5":{"start":{"line":11,"column":20},"end":{"line":16,"column":2}},"6":{"start":{"line":12,"column":19},"end":{"line":12,"column":68}},"7":{"start":{"line":14,"column":2},"end":{"line":14,"column":18}},"8":{"start":{"line":15,"column":2},"end":{"line":15,"column":21}},"9":{"start":{"line":19,"column":22},"end":{"line":83,"column":2}},"10":{"start":{"line":22,"column":20},"end":{"line":22,"column":74}},"11":{"start":{"line":23,"column":2},"end":{"line":26,"column":3}},"12":{"start":{"line":24,"column":4},"end":{"line":24,"column":20}},"13":{"start":{"line":25,"column":4},"end":{"line":25,"column":43}},"14":{"start":{"line":29,"column":2},"end":{"line":32,"column":3}},"15":{"start":{"line":30,"column":4},"end":{"line":30,"column":20}},"16":{"start":{"line":31,"column":4},"end":{"line":31,"column":47}},"17":{"start":{"line":34,"column":50},"end":{"line":34,"column":58}},"18":{"start":{"line":37,"column":15},"end":{"line":37,"column":28}},"19":{"start":{"line":38,"column":2},"end":{"line":44,"column":3}},"20":{"start":{"line":39,"column":4},"end":{"line":42,"column":5}},"21":{"start":{"line":40,"column":6},"end":{"line":40,"column":22}},"22":{"start":{"line":41,"column":6},"end":{"line":41,"column":40}},"23":{"start":{"line":43,"column":4},"end":{"line":43,"column":29}},"24":{"start":{"line":47,"column":2},"end":{"line":50,"column":3}},"25":{"start":{"line":48,"column":4},"end":{"line":48,"column":20}},"26":{"start":{"line":49,"column":4},"end":{"line":49,"column":43}},"27":{"start":{"line":53,"column":2},"end":{"line":56,"column":3}},"28":{"start":{"line":54,"column":4},"end":{"line":54,"column":20}},"29":{"start":{"line":55,"column":4},"end":{"line":55,"column":58}},"30":{"start":{"line":59,"column":18},"end":{"line":67,"column":4}},"31":{"start":{"line":71,"column":24},"end":{"line":71,"column":70}},"32":{"start":{"line":72,"column":23},"end":{"line":72,"column":67}},"33":{"start":{"line":74,"column":2},"end":{"line":77,"column":3}},"34":{"start":{"line":75,"column":4},"end":{"line":75,"column":36}},"35":{"start":{"line":76,"column":4},"end":{"line":76,"column":27}},"36":{"start":{"line":80,"column":2},"end":{"line":80,"column":18}},"37":{"start":{"line":81,"column":2},"end":{"line":81,"column":20}},"38":{"start":{"line":85,"column":28},"end":{"line":124,"column":2}},"39":{"start":{"line":86,"column":20},"end":{"line":86,"column":40}},"40":{"start":{"line":88,"column":17},"end":{"line":88,"column":32}},"41":{"start":{"line":92,"column":18},"end":{"line":95,"column":4}},"42":{"start":{"line":96,"column":2},"end":{"line":100,"column":3}},"43":{"start":{"line":97,"column":4},"end":{"line":99,"column":72}},"44":{"start":{"line":102,"column":20},"end":{"line":102,"column":34}},"45":{"start":{"line":105,"column":2},"end":{"line":123,"column":3}},"46":{"start":{"line":106,"column":4},"end":{"line":106,"column":20}},"47":{"start":{"line":107,"column":4},"end":{"line":107,"column":38}},"48":{"start":{"line":109,"column":4},"end":{"line":109,"column":28}},"49":{"start":{"line":110,"column":4},"end":{"line":110,"column":25}},"50":{"start":{"line":113,"column":27},"end":{"line":113,"column":28}},"51":{"start":{"line":114,"column":4},"end":{"line":116,"column":5}},"52":{"start":{"line":115,"column":6},"end":{"line":115,"column":65}},"53":{"start":{"line":118,"column":4},"end":{"line":118,"column":20}},"54":{"start":{"line":119,"column":4},"end":{"line":122,"column":7}},"55":{"start":{"line":126,"column":22},"end":{"line":175,"column":2}},"56":{"start":{"line":127,"column":20},"end":{"line":127,"column":40}},"57":{"start":{"line":131,"column":18},"end":{"line":134,"column":4}},"58":{"start":{"line":135,"column":2},"end":{"line":174,"column":3}},"59":{"start":{"line":136,"column":4},"end":{"line":141,"column":9}},"60":{"start":{"line":145,"column":4},"end":{"line":169,"column":5}},"61":{"start":{"line":146,"column":29},"end":{"line":146,"column":30}},"62":{"start":{"line":148,"column":6},"end":{"line":160,"column":7}},"63":{"start":{"line":150,"column":30},"end":{"line":150,"column":74}},"64":{"start":{"line":151,"column":8},"end":{"line":155,"column":9}},"65":{"start":{"line":153,"column":36},"end":{"line":153,"column":76}},"66":{"start":{"line":154,"column":10},"end":{"line":154,"column":51}},"67":{"start":{"line":158,"column":30},"end":{"line":158,"column":74}},"68":{"start":{"line":159,"column":8},"end":{"line":159,"column":80}},"69":{"start":{"line":162,"column":6},"end":{"line":168,"column":7}},"70":{"start":{"line":163,"column":26},"end":{"line":163,"column":80}},"71":{"start":{"line":164,"column":8},"end":{"line":167,"column":9}},"72":{"start":{"line":165,"column":10},"end":{"line":165,"column":46}},"73":{"start":{"line":166,"column":10},"end":{"line":166,"column":33}},"74":{"start":{"line":171,"column":4},"end":{"line":171,"column":52}},"75":{"start":{"line":172,"column":4},"end":{"line":172,"column":20}},"76":{"start":{"line":173,"column":4},"end":{"line":173,"column":59}},"77":{"start":{"line":179,"column":31},"end":{"line":187,"column":1}},"78":{"start":{"line":180,"column":22},"end":{"line":180,"column":32}},"79":{"start":{"line":181,"column":2},"end":{"line":181,"column":35}},"80":{"start":{"line":183,"column":17},"end":{"line":183,"column":37}},"81":{"start":{"line":184,"column":2},"end":{"line":184,"column":30}},"82":{"start":{"line":186,"column":2},"end":{"line":186,"column":67}},"83":{"start":{"line":189,"column":30},"end":{"line":211,"column":1}},"84":{"start":{"line":191,"column":2},"end":{"line":193,"column":3}},"85":{"start":{"line":192,"column":4},"end":{"line":192,"column":13}},"86":{"start":{"line":195,"column":2},"end":{"line":197,"column":3}},"87":{"start":{"line":196,"column":4},"end":{"line":196,"column":15}},"88":{"start":{"line":199,"column":2},"end":{"line":210,"column":3}},"89":{"start":{"line":200,"column":4},"end":{"line":200,"column":13}},"90":{"start":{"line":202,"column":7},"end":{"line":210,"column":3}},"91":{"start":{"line":203,"column":4},"end":{"line":203,"column":25}},"92":{"start":{"line":205,"column":7},"end":{"line":210,"column":3}},"93":{"start":{"line":206,"column":4},"end":{"line":206,"column":14}},"94":{"start":{"line":209,"column":4},"end":{"line":209,"column":13}},"95":{"start":{"line":213,"column":31},"end":{"line":235,"column":2}},"96":{"start":{"line":215,"column":18},"end":{"line":215,"column":56}},"97":{"start":{"line":216,"column":2},"end":{"line":216,"column":25}},"98":{"start":{"line":216,"column":16},"end":{"line":216,"column":25}},"99":{"start":{"line":218,"column":24},"end":{"line":218,"column":68}},"100":{"start":{"line":219,"column":25},"end":{"line":219,"column":26}},"101":{"start":{"line":222,"column":2},"end":{"line":232,"column":3}},"102":{"start":{"line":223,"column":19},"end":{"line":223,"column":70}},"103":{"start":{"line":224,"column":4},"end":{"line":224,"column":25}},"104":{"start":{"line":227,"column":22},"end":{"line":227,"column":78}},"105":{"start":{"line":228,"column":4},"end":{"line":231,"column":5}},"106":{"start":{"line":229,"column":6},"end":{"line":229,"column":42}},"107":{"start":{"line":230,"column":6},"end":{"line":230,"column":29}},"108":{"start":{"line":234,"column":2},"end":{"line":234,"column":26}},"109":{"start":{"line":237,"column":30},"end":{"line":286,"column":2}},"110":{"start":{"line":238,"column":2},"end":{"line":285,"column":3}},"111":{"start":{"line":239,"column":4},"end":{"line":239,"column":63}},"112":{"start":{"line":242,"column":21},"end":{"line":244,"column":6}},"113":{"start":{"line":247,"column":23},"end":{"line":247,"column":25}},"114":{"start":{"line":250,"column":4},"end":{"line":268,"column":5}},"115":{"start":{"line":251,"column":29},"end":{"line":251,"column":43}},"116":{"start":{"line":252,"column":28},"end":{"line":252,"column":72}},"117":{"start":{"line":255,"column":6},"end":{"line":258,"column":7}},"118":{"start":{"line":256,"column":8},"end":{"line":256,"column":35}},"119":{"start":{"line":257,"column":8},"end":{"line":257,"column":29}},"120":{"start":{"line":261,"column":27},"end":{"line":261,"column":79}},"121":{"start":{"line":264,"column":6},"end":{"line":266,"column":7}},"122":{"start":{"line":265,"column":8},"end":{"line":265,"column":39}},"123":{"start":{"line":267,"column":6},"end":{"line":267,"column":49}},"124":{"start":{"line":271,"column":4},"end":{"line":279,"column":5}},"125":{"start":{"line":273,"column":24},"end":{"line":273,"column":64}},"126":{"start":{"line":274,"column":6},"end":{"line":278,"column":7}},"127":{"start":{"line":276,"column":8},"end":{"line":276,"column":45}},"128":{"start":{"line":277,"column":8},"end":{"line":277,"column":31}},"129":{"start":{"line":281,"column":4},"end":{"line":281,"column":84}},"130":{"start":{"line":284,"column":4},"end":{"line":284,"column":73}},"131":{"start":{"line":288,"column":23},"end":{"line":304,"column":2}},"132":{"start":{"line":289,"column":2},"end":{"line":303,"column":3}},"133":{"start":{"line":290,"column":4},"end":{"line":290,"column":47}},"134":{"start":{"line":292,"column":19},"end":{"line":294,"column":6}},"135":{"start":{"line":296,"column":4},"end":{"line":296,"column":76}},"136":{"start":{"line":298,"column":4},"end":{"line":298,"column":34}},"137":{"start":{"line":300,"column":4},"end":{"line":300,"column":45}},"138":{"start":{"line":302,"column":4},"end":{"line":302,"column":54}},"139":{"start":{"line":307,"column":28},"end":{"line":315,"column":1}},"140":{"start":{"line":309,"column":2},"end":{"line":309,"column":55}},"141":{"start":{"line":312,"column":2},"end":{"line":312,"column":45}},"142":{"start":{"line":314,"column":2},"end":{"line":314,"column":45}},"143":{"start":{"line":316,"column":0},"end":{"line":316,"column":22}},"144":{"start":{"line":321,"column":0},"end":{"line":331,"column":2}}},"fnMap":{"0":{"name":"(anonymous_0)","decl":{"start":{"line":11,"column":33},"end":{"line":11,"column":34}},"loc":{"start":{"line":11,"column":53},"end":{"line":16,"column":1}},"line":11},"1":{"name":"(anonymous_1)","decl":{"start":{"line":19,"column":35},"end":{"line":19,"column":36}},"loc":{"start":{"line":19,"column":55},"end":{"line":83,"column":1}},"line":19},"2":{"name":"(anonymous_2)","decl":{"start":{"line":85,"column":41},"end":{"line":85,"column":42}},"loc":{"start":{"line":85,"column":61},"end":{"line":124,"column":1}},"line":85},"3":{"name":"(anonymous_3)","decl":{"start":{"line":126,"column":35},"end":{"line":126,"column":36}},"loc":{"start":{"line":126,"column":55},"end":{"line":175,"column":1}},"line":126},"4":{"name":"(anonymous_4)","decl":{"start":{"line":179,"column":31},"end":{"line":179,"column":32}},"loc":{"start":{"line":179,"column":47},"end":{"line":187,"column":1}},"line":179},"5":{"name":"(anonymous_5)","decl":{"start":{"line":189,"column":30},"end":{"line":189,"column":31}},"loc":{"start":{"line":189,"column":57},"end":{"line":211,"column":1}},"line":189},"6":{"name":"(anonymous_6)","decl":{"start":{"line":213,"column":44},"end":{"line":213,"column":45}},"loc":{"start":{"line":213,"column":65},"end":{"line":235,"column":1}},"line":213},"7":{"name":"(anonymous_7)","decl":{"start":{"line":237,"column":43},"end":{"line":237,"column":44}},"loc":{"start":{"line":237,"column":55},"end":{"line":286,"column":1}},"line":237},"8":{"name":"(anonymous_8)","decl":{"start":{"line":288,"column":36},"end":{"line":288,"column":37}},"loc":{"start":{"line":288,"column":48},"end":{"line":304,"column":1}},"line":288},"9":{"name":"(anonymous_9)","decl":{"start":{"line":307,"column":28},"end":{"line":307,"column":29}},"loc":{"start":{"line":307,"column":34},"end":{"line":315,"column":1}},"line":307}},"branchMap":{"0":{"loc":{"start":{"line":23,"column":2},"end":{"line":26,"column":3}},"type":"if","locations":[{"start":{"line":23,"column":2},"end":{"line":26,"column":3}},{"start":{},"end":{}}],"line":23},"1":{"loc":{"start":{"line":29,"column":2},"end":{"line":32,"column":3}},"type":"if","locations":[{"start":{"line":29,"column":2},"end":{"line":32,"column":3}},{"start":{},"end":{}}],"line":29},"2":{"loc":{"start":{"line":29,"column":6},"end":{"line":29,"column":75}},"type":"binary-expr","locations":[{"start":{"line":29,"column":6},"end":{"line":29,"column":27}},{"start":{"line":29,"column":31},"end":{"line":29,"column":49}},{"start":{"line":29,"column":53},"end":{"line":29,"column":75}}],"line":29},"3":{"loc":{"start":{"line":38,"column":2},"end":{"line":44,"column":3}},"type":"if","locations":[{"start":{"line":38,"column":2},"end":{"line":44,"column":3}},{"start":{},"end":{}}],"line":38},"4":{"loc":{"start":{"line":39,"column":4},"end":{"line":42,"column":5}},"type":"if","locations":[{"start":{"line":39,"column":4},"end":{"line":42,"column":5}},{"start":{},"end":{}}],"line":39},"5":{"loc":{"start":{"line":47,"column":2},"end":{"line":50,"column":3}},"type":"if","locations":[{"start":{"line":47,"column":2},"end":{"line":50,"column":3}},{"start":{},"end":{}}],"line":47},"6":{"loc":{"start":{"line":53,"column":2},"end":{"line":56,"column":3}},"type":"if","locations":[{"start":{"line":53,"column":2},"end":{"line":56,"column":3}},{"start":{},"end":{}}],"line":53},"7":{"loc":{"start":{"line":53,"column":6},"end":{"line":53,"column":38}},"type":"binary-expr","locations":[{"start":{"line":53,"column":6},"end":{"line":53,"column":21}},{"start":{"line":53,"column":25},"end":{"line":53,"column":38}}],"line":53},"8":{"loc":{"start":{"line":74,"column":2},"end":{"line":77,"column":3}},"type":"if","locations":[{"start":{"line":74,"column":2},"end":{"line":77,"column":3}},{"start":{},"end":{}}],"line":74},"9":{"loc":{"start":{"line":96,"column":2},"end":{"line":100,"column":3}},"type":"if","locations":[{"start":{"line":96,"column":2},"end":{"line":100,"column":3}},{"start":{},"end":{}}],"line":96},"10":{"loc":{"start":{"line":105,"column":2},"end":{"line":123,"column":3}},"type":"if","locations":[{"start":{"line":105,"column":2},"end":{"line":123,"column":3}},{"start":{"line":108,"column":9},"end":{"line":123,"column":3}}],"line":105},"11":{"loc":{"start":{"line":114,"column":4},"end":{"line":116,"column":5}},"type":"if","locations":[{"start":{"line":114,"column":4},"end":{"line":116,"column":5}},{"start":{},"end":{}}],"line":114},"12":{"loc":{"start":{"line":114,"column":8},"end":{"line":114,"column":57}},"type":"binary-expr","locations":[{"start":{"line":114,"column":8},"end":{"line":114,"column":29}},{"start":{"line":114,"column":33},"end":{"line":114,"column":57}}],"line":114},"13":{"loc":{"start":{"line":135,"column":2},"end":{"line":174,"column":3}},"type":"if","locations":[{"start":{"line":135,"column":2},"end":{"line":174,"column":3}},{"start":{"line":142,"column":9},"end":{"line":174,"column":3}}],"line":135},"14":{"loc":{"start":{"line":145,"column":4},"end":{"line":169,"column":5}},"type":"if","locations":[{"start":{"line":145,"column":4},"end":{"line":169,"column":5}},{"start":{},"end":{}}],"line":145},"15":{"loc":{"start":{"line":148,"column":6},"end":{"line":160,"column":7}},"type":"if","locations":[{"start":{"line":148,"column":6},"end":{"line":160,"column":7}},{"start":{"line":156,"column":13},"end":{"line":160,"column":7}}],"line":148},"16":{"loc":{"start":{"line":151,"column":8},"end":{"line":155,"column":9}},"type":"if","locations":[{"start":{"line":151,"column":8},"end":{"line":155,"column":9}},{"start":{},"end":{}}],"line":151},"17":{"loc":{"start":{"line":162,"column":6},"end":{"line":168,"column":7}},"type":"if","locations":[{"start":{"line":162,"column":6},"end":{"line":168,"column":7}},{"start":{},"end":{}}],"line":162},"18":{"loc":{"start":{"line":164,"column":8},"end":{"line":167,"column":9}},"type":"if","locations":[{"start":{"line":164,"column":8},"end":{"line":167,"column":9}},{"start":{},"end":{}}],"line":164},"19":{"loc":{"start":{"line":191,"column":2},"end":{"line":193,"column":3}},"type":"if","locations":[{"start":{"line":191,"column":2},"end":{"line":193,"column":3}},{"start":{},"end":{}}],"line":191},"20":{"loc":{"start":{"line":195,"column":2},"end":{"line":197,"column":3}},"type":"if","locations":[{"start":{"line":195,"column":2},"end":{"line":197,"column":3}},{"start":{},"end":{}}],"line":195},"21":{"loc":{"start":{"line":195,"column":6},"end":{"line":195,"column":47}},"type":"binary-expr","locations":[{"start":{"line":195,"column":6},"end":{"line":195,"column":26}},{"start":{"line":195,"column":30},"end":{"line":195,"column":47}}],"line":195},"22":{"loc":{"start":{"line":199,"column":2},"end":{"line":210,"column":3}},"type":"if","locations":[{"start":{"line":199,"column":2},"end":{"line":210,"column":3}},{"start":{"line":202,"column":7},"end":{"line":210,"column":3}}],"line":199},"23":{"loc":{"start":{"line":202,"column":7},"end":{"line":210,"column":3}},"type":"if","locations":[{"start":{"line":202,"column":7},"end":{"line":210,"column":3}},{"start":{"line":205,"column":7},"end":{"line":210,"column":3}}],"line":202},"24":{"loc":{"start":{"line":202,"column":11},"end":{"line":202,"column":51}},"type":"binary-expr","locations":[{"start":{"line":202,"column":11},"end":{"line":202,"column":29}},{"start":{"line":202,"column":33},"end":{"line":202,"column":51}}],"line":202},"25":{"loc":{"start":{"line":205,"column":7},"end":{"line":210,"column":3}},"type":"if","locations":[{"start":{"line":205,"column":7},"end":{"line":210,"column":3}},{"start":{"line":208,"column":7},"end":{"line":210,"column":3}}],"line":205},"26":{"loc":{"start":{"line":216,"column":2},"end":{"line":216,"column":25}},"type":"if","locations":[{"start":{"line":216,"column":2},"end":{"line":216,"column":25}},{"start":{},"end":{}}],"line":216},"27":{"loc":{"start":{"line":222,"column":2},"end":{"line":232,"column":3}},"type":"if","locations":[{"start":{"line":222,"column":2},"end":{"line":232,"column":3}},{"start":{},"end":{}}],"line":222},"28":{"loc":{"start":{"line":228,"column":4},"end":{"line":231,"column":5}},"type":"if","locations":[{"start":{"line":228,"column":4},"end":{"line":231,"column":5}},{"start":{},"end":{}}],"line":228},"29":{"loc":{"start":{"line":255,"column":6},"end":{"line":258,"column":7}},"type":"if","locations":[{"start":{"line":255,"column":6},"end":{"line":258,"column":7}},{"start":{},"end":{}}],"line":255},"30":{"loc":{"start":{"line":255,"column":10},"end":{"line":255,"column":64}},"type":"binary-expr","locations":[{"start":{"line":255,"column":10},"end":{"line":255,"column":28}},{"start":{"line":255,"column":32},"end":{"line":255,"column":64}}],"line":255},"31":{"loc":{"start":{"line":264,"column":6},"end":{"line":266,"column":7}},"type":"if","locations":[{"start":{"line":264,"column":6},"end":{"line":266,"column":7}},{"start":{},"end":{}}],"line":264},"32":{"loc":{"start":{"line":274,"column":6},"end":{"line":278,"column":7}},"type":"if","locations":[{"start":{"line":274,"column":6},"end":{"line":278,"column":7}},{"start":{},"end":{}}],"line":274}},"s":{"0":5,"1":5,"2":5,"3":5,"4":5,"5":5,"6":1,"7":1,"8":1,"9":5,"10":4,"11":4,"12":0,"13":0,"14":4,"15":0,"16":0,"17":4,"18":4,"19":4,"20":0,"21":0,"22":0,"23":0,"24":4,"25":0,"26":0,"27":4,"28":0,"29":0,"30":4,"31":4,"32":4,"33":4,"34":4,"35":4,"36":4,"37":4,"38":5,"39":2,"40":2,"41":2,"42":2,"43":0,"44":2,"45":2,"46":1,"47":1,"48":1,"49":1,"50":1,"51":1,"52":1,"53":1,"54":1,"55":5,"56":3,"57":3,"58":3,"59":1,"60":2,"61":2,"62":2,"63":0,"64":0,"65":0,"66":0,"67":2,"68":2,"69":2,"70":2,"71":2,"72":2,"73":2,"74":2,"75":2,"76":2,"77":5,"78":7,"79":7,"80":7,"81":7,"82":7,"83":5,"84":7,"85":0,"86":7,"87":0,"88":7,"89":0,"90":7,"91":0,"92":7,"93":7,"94":0,"95":5,"96":1,"97":1,"98":0,"99":1,"100":1,"101":1,"102":1,"103":1,"104":1,"105":1,"106":1,"107":1,"108":1,"109":5,"110":0,"111":0,"112":0,"113":0,"114":0,"115":0,"116":0,"117":0,"118":0,"119":0,"120":0,"121":0,"122":0,"123":0,"124":0,"125":0,"126":0,"127":0,"128":0,"129":0,"130":0,"131":5,"132":0,"133":0,"134":0,"135":0,"136":0,"137":0,"138":0,"139":5,"140":10,"141":10,"142":10,"143":5,"144":5},"f":{"0":1,"1":4,"2":2,"3":3,"4":7,"5":7,"6":1,"7":0,"8":0,"9":10},"b":{"0":[0,4],"1":[0,4],"2":[4,4,4],"3":[0,4],"4":[0,0],"5":[0,4],"6":[0,4],"7":[4,4],"8":[4,0],"9":[0,2],"10":[1,1],"11":[1,0],"12":[1,1],"13":[1,2],"14":[2,0],"15":[0,2],"16":[0,0],"17":[2,0],"18":[2,0],"19":[0,7],"20":[0,7],"21":[7,7],"22":[0,7],"23":[0,7],"24":[7,7],"25":[7,0],"26":[0,1],"27":[1,0],"28":[1,0],"29":[0,0],"30":[0,0],"31":[0,0],"32":[0,0]},"_coverageSchema":"1a1c01bbd47fc00a2c39e90264f33305004495a9","hash":"f2b14a0edec32b59cfade47027c66137a2ed3b43"}
,"/Users/aryanchegini/Desktop/CW/FridgeFriend/backend/src/middleware/auth.middleware.js": {"path":"/Users/aryanchegini/Desktop/CW/FridgeFriend/backend/src/middleware/auth.middleware.js","statementMap":{"0":{"start":{"line":1,"column":12},"end":{"line":1,"column":35}},"1":{"start":{"line":2,"column":13},"end":{"line":2,"column":44}},"2":{"start":{"line":3,"column":19},"end":{"line":3,"column":57}},"3":{"start":{"line":10,"column":21},"end":{"line":35,"column":1}},"4":{"start":{"line":11,"column":4},"end":{"line":34,"column":5}},"5":{"start":{"line":12,"column":27},"end":{"line":12,"column":52}},"6":{"start":{"line":15,"column":8},"end":{"line":17,"column":9}},"7":{"start":{"line":16,"column":12},"end":{"line":16,"column":74}},"8":{"start":{"line":19,"column":22},"end":{"line":19,"column":46}},"9":{"start":{"line":20,"column":24},"end":{"line":20,"column":53}},"10":{"start":{"line":23,"column":21},"end":{"line":23,"column":72}},"11":{"start":{"line":25,"column":8},"end":{"line":27,"column":9}},"12":{"start":{"line":26,"column":12},"end":{"line":26,"column":71}},"13":{"start":{"line":29,"column":8},"end":{"line":29,"column":24}},"14":{"start":{"line":30,"column":8},"end":{"line":30,"column":15}},"15":{"start":{"line":32,"column":8},"end":{"line":32,"column":62}},"16":{"start":{"line":33,"column":8},"end":{"line":33,"column":77}},"17":{"start":{"line":37,"column":0},"end":{"line":37,"column":30}}},"fnMap":{"0":{"name":"(anonymous_0)","decl":{"start":{"line":10,"column":21},"end":{"line":10,"column":22}},"loc":{"start":{"line":10,"column":47},"end":{"line":35,"column":1}},"line":10}},"branchMap":{"0":{"loc":{"start":{"line":3,"column":19},"end":{"line":3,"column":57}},"type":"binary-expr","locations":[{"start":{"line":3,"column":19},"end":{"line":3,"column":41}},{"start":{"line":3,"column":45},"end":{"line":3,"column":57}}],"line":3},"1":{"loc":{"start":{"line":15,"column":8},"end":{"line":17,"column":9}},"type":"if","locations":[{"start":{"line":15,"column":8},"end":{"line":17,"column":9}},{"start":{},"end":{}}],"line":15},"2":{"loc":{"start":{"line":15,"column":12},"end":{"line":15,"column":60}},"type":"binary-expr","locations":[{"start":{"line":15,"column":12},"end":{"line":15,"column":23}},{"start":{"line":15,"column":27},"end":{"line":15,"column":60}}],"line":15},"3":{"loc":{"start":{"line":25,"column":8},"end":{"line":27,"column":9}},"type":"if","locations":[{"start":{"line":25,"column":8},"end":{"line":27,"column":9}},{"start":{},"end":{}}],"line":25}},"s":{"0":5,"1":5,"2":5,"3":5,"4":45,"5":45,"6":45,"7":2,"8":43,"9":43,"10":42,"11":41,"12":22,"13":19,"14":19,"15":2,"16":2,"17":5},"f":{"0":45},"b":{"0":[5,1],"1":[2,43],"2":[45,44],"3":[22,19]},"_coverageSchema":"1a1c01bbd47fc00a2c39e90264f33305004495a9","hash":"a97531407c95702a0be97a3a4f987d5b3cca49d1"}
,"/Users/aryanchegini/Desktop/CW/FridgeFriend/backend/src/middleware/error.middleware.js": {"path":"/Users/aryanchegini/Desktop/CW/FridgeFriend/backend/src/middleware/error.middleware.js","statementMap":{"0":{"start":{"line":1,"column":21},"end":{"line":9,"column":1}},"1":{"start":{"line":2,"column":23},"end":{"line":2,"column":60}},"2":{"start":{"line":3,"column":4},"end":{"line":3,"column":26}},"3":{"start":{"line":5,"column":4},"end":{"line":8,"column":7}},"4":{"start":{"line":11,"column":0},"end":{"line":11,"column":30}}},"fnMap":{"0":{"name":"(anonymous_0)","decl":{"start":{"line":1,"column":21},"end":{"line":1,"column":22}},"loc":{"start":{"line":1,"column":46},"end":{"line":9,"column":1}},"line":1}},"branchMap":{"0":{"loc":{"start":{"line":2,"column":23},"end":{"line":2,"column":60}},"type":"cond-expr","locations":[{"start":{"line":2,"column":40},"end":{"line":2,"column":54}},{"start":{"line":2,"column":57},"end":{"line":2,"column":60}}],"line":2},"1":{"loc":{"start":{"line":7,"column":15},"end":{"line":7,"column":71}},"type":"cond-expr","locations":[{"start":{"line":7,"column":55},"end":{"line":7,"column":59}},{"start":{"line":7,"column":62},"end":{"line":7,"column":71}}],"line":7}},"s":{"0":5,"1":1,"2":1,"3":1,"4":5},"f":{"0":1},"b":{"0":[1,0],"1":[0,1]},"_coverageSchema":"1a1c01bbd47fc00a2c39e90264f33305004495a9","hash":"fe322b761b0c0e15ade66b8599590075189326e1"}
,"/Users/aryanchegini/Desktop/CW/FridgeFriend/backend/src/models/group.model.js": {"path":"/Users/aryanchegini/Desktop/CW/FridgeFriend/backend/src/models/group.model.js","statementMap":{"0":{"start":{"line":1,"column":17},"end":{"line":1,"column":36}},"1":{"start":{"line":2,"column":15},"end":{"line":2,"column":30}},"2":{"start":{"line":4,"column":20},"end":{"line":19,"column":2}},"3":{"start":{"line":21,"column":0},"end":{"line":21,"column":54}}},"fnMap":{},"branchMap":{},"s":{"0":5,"1":5,"2":5,"3":5},"f":{},"b":{},"_coverageSchema":"1a1c01bbd47fc00a2c39e90264f33305004495a9","hash":"c76ff6e0ce04dadc8228e7d2e81cd767a646bb5c"}
,"/Users/aryanchegini/Desktop/CW/FridgeFriend/backend/src/models/groupMembership.model.js": {"path":"/Users/aryanchegini/Desktop/CW/FridgeFriend/backend/src/models/groupMembership.model.js","statementMap":{"0":{"start":{"line":1,"column":17},"end":{"line":1,"column":36}},"1":{"start":{"line":2,"column":15},"end":{"line":2,"column":30}},"2":{"start":{"line":4,"column":30},"end":{"line":19,"column":2}},"3":{"start":{"line":22,"column":0},"end":{"line":22,"column":73}},"4":{"start":{"line":24,"column":0},"end":{"line":24,"column":74}}},"fnMap":{},"branchMap":{},"s":{"0":5,"1":5,"2":5,"3":5,"4":5},"f":{},"b":{},"_coverageSchema":"1a1c01bbd47fc00a2c39e90264f33305004495a9","hash":"076d25b51ea702422a75a19c4a9d805ed5eae8ba"}
,"/Users/aryanchegini/Desktop/CW/FridgeFriend/backend/src/models/notification.model.js": {"path":"/Users/aryanchegini/Desktop/CW/FridgeFriend/backend/src/models/notification.model.js","statementMap":{"0":{"start":{"line":3,"column":17},"end":{"line":3,"column":36}},"1":{"start":{"line":5,"column":27},"end":{"line":13,"column":2}},"2":{"start":{"line":15,"column":0},"end":{"line":15,"column":68}}},"fnMap":{},"branchMap":{},"s":{"0":5,"1":5,"2":5},"f":{},"b":{},"_coverageSchema":"1a1c01bbd47fc00a2c39e90264f33305004495a9","hash":"a3352939a3bf3d789a42f24703a1389315be13a0"}
,"/Users/aryanchegini/Desktop/CW/FridgeFriend/backend/src/models/product.model.js": {"path":"/Users/aryanchegini/Desktop/CW/FridgeFriend/backend/src/models/product.model.js","statementMap":{"0":{"start":{"line":1,"column":17},"end":{"line":1,"column":36}},"1":{"start":{"line":2,"column":15},"end":{"line":2,"column":30}},"2":{"start":{"line":4,"column":22},"end":{"line":35,"column":2}},"3":{"start":{"line":37,"column":0},"end":{"line":37,"column":58}}},"fnMap":{},"branchMap":{},"s":{"0":5,"1":5,"2":5,"3":5},"f":{},"b":{},"_coverageSchema":"1a1c01bbd47fc00a2c39e90264f33305004495a9","hash":"e381ae72b0bfbc1357695cb8af14d03eedcb08a6"}
,"/Users/aryanchegini/Desktop/CW/FridgeFriend/backend/src/models/user.model.js": {"path":"/Users/aryanchegini/Desktop/CW/FridgeFriend/backend/src/models/user.model.js","statementMap":{"0":{"start":{"line":1,"column":17},"end":{"line":1,"column":36}},"1":{"start":{"line":2,"column":15},"end":{"line":2,"column":30}},"2":{"start":{"line":4,"column":19},"end":{"line":47,"column":2}},"3":{"start":{"line":49,"column":0},"end":{"line":49,"column":52}}},"fnMap":{},"branchMap":{},"s":{"0":6,"1":6,"2":6,"3":6},"f":{},"b":{},"_coverageSchema":"1a1c01bbd47fc00a2c39e90264f33305004495a9","hash":"e6ed9a12a2c4edd1a17dabc7088b618fec267b93"}
,"/Users/aryanchegini/Desktop/CW/FridgeFriend/backend/src/models/userInventory.model.js": {"path":"/Users/aryanchegini/Desktop/CW/FridgeFriend/backend/src/models/userInventory.model.js","statementMap":{"0":{"start":{"line":1,"column":17},"end":{"line":1,"column":36}},"1":{"start":{"line":2,"column":15},"end":{"line":2,"column":30}},"2":{"start":{"line":4,"column":28},"end":{"line":15,"column":2}},"3":{"start":{"line":17,"column":0},"end":{"line":17,"column":70}}},"fnMap":{},"branchMap":{},"s":{"0":5,"1":5,"2":5,"3":5},"f":{},"b":{},"_coverageSchema":"1a1c01bbd47fc00a2c39e90264f33305004495a9","hash":"7f225aec4e2070647bba7eb260a576d8caec335f"}
,"/Users/aryanchegini/Desktop/CW/FridgeFriend/backend/src/routes/auth.routes.js": {"path":"/Users/aryanchegini/Desktop/CW/FridgeFriend/backend/src/routes/auth.routes.js","statementMap":{"0":{"start":{"line":1,"column":16},"end":{"line":1,"column":34}},"1":{"start":{"line":7,"column":4},"end":{"line":7,"column":45}},"2":{"start":{"line":8,"column":21},"end":{"line":8,"column":61}},"3":{"start":{"line":9,"column":15},"end":{"line":9,"column":31}},"4":{"start":{"line":12,"column":0},"end":{"line":12,"column":29}},"5":{"start":{"line":15,"column":0},"end":{"line":15,"column":35}},"6":{"start":{"line":18,"column":0},"end":{"line":18,"column":45}},"7":{"start":{"line":21,"column":0},"end":{"line":21,"column":39}},"8":{"start":{"line":23,"column":0},"end":{"line":23,"column":24}}},"fnMap":{},"branchMap":{},"s":{"0":5,"1":5,"2":5,"3":5,"4":5,"5":5,"6":5,"7":5,"8":5},"f":{},"b":{},"_coverageSchema":"1a1c01bbd47fc00a2c39e90264f33305004495a9","hash":"311052df363f303f77f2998cd1be03431cb6e0f5"}
,"/Users/aryanchegini/Desktop/CW/FridgeFriend/backend/src/routes/barcodes.routes.js": {"path":"/Users/aryanchegini/Desktop/CW/FridgeFriend/backend/src/routes/barcodes.routes.js","statementMap":{"0":{"start":{"line":1,"column":16},"end":{"line":1,"column":34}},"1":{"start":{"line":2,"column":14},"end":{"line":2,"column":30}},"2":{"start":{"line":3,"column":14},"end":{"line":3,"column":30}},"3":{"start":{"line":4,"column":15},"end":{"line":4,"column":31}},"4":{"start":{"line":5,"column":21},"end":{"line":5,"column":61}},"5":{"start":{"line":6,"column":0},"end":{"line":6,"column":27}},"6":{"start":{"line":10,"column":20},"end":{"line":16,"column":2}},"7":{"start":{"line":14,"column":40},"end":{"line":14,"column":68}},"8":{"start":{"line":19,"column":21},"end":{"line":19,"column":26}},"9":{"start":{"line":20,"column":23},"end":{"line":20,"column":28}},"10":{"start":{"line":24,"column":0},"end":{"line":33,"column":7}},"11":{"start":{"line":26,"column":8},"end":{"line":26,"column":30}},"12":{"start":{"line":27,"column":8},"end":{"line":27,"column":33}},"13":{"start":{"line":28,"column":8},"end":{"line":28,"column":62}},"14":{"start":{"line":31,"column":8},"end":{"line":31,"column":31}},"15":{"start":{"line":32,"column":8},"end":{"line":32,"column":69}},"16":{"start":{"line":37,"column":0},"end":{"line":43,"column":3}},"17":{"start":{"line":38,"column":4},"end":{"line":41,"column":5}},"18":{"start":{"line":39,"column":8},"end":{"line":39,"column":57}},"19":{"start":{"line":40,"column":8},"end":{"line":40,"column":32}},"20":{"start":{"line":42,"column":4},"end":{"line":42,"column":27}},"21":{"start":{"line":48,"column":0},"end":{"line":139,"column":3}},"22":{"start":{"line":49,"column":4},"end":{"line":138,"column":5}},"23":{"start":{"line":50,"column":24},"end":{"line":50,"column":39}},"24":{"start":{"line":55,"column":28},"end":{"line":55,"column":32}},"25":{"start":{"line":56,"column":8},"end":{"line":77,"column":9}},"26":{"start":{"line":57,"column":12},"end":{"line":67,"column":13}},"27":{"start":{"line":58,"column":16},"end":{"line":61,"column":19}},"28":{"start":{"line":60,"column":47},"end":{"line":60,"column":105}},"29":{"start":{"line":60,"column":64},"end":{"line":60,"column":98}},"30":{"start":{"line":63,"column":16},"end":{"line":66,"column":17}},"31":{"start":{"line":64,"column":20},"end":{"line":64,"column":70}},"32":{"start":{"line":65,"column":20},"end":{"line":65,"column":44}},"33":{"start":{"line":69,"column":12},"end":{"line":76,"column":13}},"34":{"start":{"line":70,"column":16},"end":{"line":75,"column":19}},"35":{"start":{"line":86,"column":31},"end":{"line":86,"column":117}},"36":{"start":{"line":87,"column":25},"end":{"line":87,"column":56}},"37":{"start":{"line":89,"column":8},"end":{"line":118,"column":9}},"38":{"start":{"line":90,"column":32},"end":{"line":90,"column":98}},"39":{"start":{"line":93,"column":12},"end":{"line":98,"column":13}},"40":{"start":{"line":94,"column":16},"end":{"line":97,"column":19}},"41":{"start":{"line":101,"column":12},"end":{"line":110,"column":13}},"42":{"start":{"line":102,"column":16},"end":{"line":109,"column":17}},"43":{"start":{"line":103,"column":20},"end":{"line":103,"column":73}},"44":{"start":{"line":105,"column":20},"end":{"line":108,"column":21}},"45":{"start":{"line":106,"column":24},"end":{"line":106,"column":79}},"46":{"start":{"line":107,"column":24},"end":{"line":107,"column":48}},"47":{"start":{"line":112,"column":12},"end":{"line":117,"column":15}},"48":{"start":{"line":120,"column":8},"end":{"line":123,"column":11}},"49":{"start":{"line":125,"column":8},"end":{"line":130,"column":9}},"50":{"start":{"line":126,"column":12},"end":{"line":129,"column":15}},"51":{"start":{"line":133,"column":8},"end":{"line":133,"column":69}},"52":{"start":{"line":134,"column":8},"end":{"line":137,"column":11}},"53":{"start":{"line":141,"column":0},"end":{"line":141,"column":24}}},"fnMap":{"0":{"name":"(anonymous_0)","decl":{"start":{"line":14,"column":27},"end":{"line":14,"column":28}},"loc":{"start":{"line":14,"column":40},"end":{"line":14,"column":68}},"line":14},"1":{"name":"(anonymous_1)","decl":{"start":{"line":25,"column":10},"end":{"line":25,"column":11}},"loc":{"start":{"line":25,"column":16},"end":{"line":29,"column":5}},"line":25},"2":{"name":"(anonymous_2)","decl":{"start":{"line":30,"column":11},"end":{"line":30,"column":12}},"loc":{"start":{"line":30,"column":18},"end":{"line":33,"column":5}},"line":30},"3":{"name":"(anonymous_3)","decl":{"start":{"line":37,"column":24},"end":{"line":37,"column":25}},"loc":{"start":{"line":37,"column":33},"end":{"line":43,"column":1}},"line":37},"4":{"name":"(anonymous_4)","decl":{"start":{"line":48,"column":35},"end":{"line":48,"column":36}},"loc":{"start":{"line":48,"column":55},"end":{"line":139,"column":1}},"line":48},"5":{"name":"(anonymous_5)","decl":{"start":{"line":60,"column":32},"end":{"line":60,"column":33}},"loc":{"start":{"line":60,"column":47},"end":{"line":60,"column":105}},"line":60},"6":{"name":"(anonymous_6)","decl":{"start":{"line":60,"column":58},"end":{"line":60,"column":59}},"loc":{"start":{"line":60,"column":64},"end":{"line":60,"column":98}},"line":60}},"branchMap":{"0":{"loc":{"start":{"line":38,"column":4},"end":{"line":41,"column":5}},"type":"if","locations":[{"start":{"line":38,"column":4},"end":{"line":41,"column":5}},{"start":{},"end":{}}],"line":38},"1":{"loc":{"start":{"line":56,"column":8},"end":{"line":77,"column":9}},"type":"if","locations":[{"start":{"line":56,"column":8},"end":{"line":77,"column":9}},{"start":{},"end":{}}],"line":56},"2":{"loc":{"start":{"line":63,"column":16},"end":{"line":66,"column":17}},"type":"if","locations":[{"start":{"line":63,"column":16},"end":{"line":66,"column":17}},{"start":{},"end":{}}],"line":63},"3":{"loc":{"start":{"line":69,"column":12},"end":{"line":76,"column":13}},"type":"if","locations":[{"start":{"line":69,"column":12},"end":{"line":76,"column":13}},{"start":{},"end":{}}],"line":69},"4":{"loc":{"start":{"line":89,"column":8},"end":{"line":118,"column":9}},"type":"if","locations":[{"start":{"line":89,"column":8},"end":{"line":118,"column":9}},{"start":{},"end":{}}],"line":89},"5":{"loc":{"start":{"line":89,"column":12},"end":{"line":89,"column":50}},"type":"binary-expr","locations":[{"start":{"line":89,"column":12},"end":{"line":89,"column":25}},{"start":{"line":89,"column":29},"end":{"line":89,"column":50}}],"line":89},"6":{"loc":{"start":{"line":90,"column":32},"end":{"line":90,"column":98}},"type":"binary-expr","locations":[{"start":{"line":90,"column":32},"end":{"line":90,"column":66}},{"start":{"line":90,"column":70},"end":{"line":90,"column":98}}],"line":90},"7":{"loc":{"start":{"line":93,"column":12},"end":{"line":98,"column":13}},"type":"if","locations":[{"start":{"line":93,"column":12},"end":{"line":98,"column":13}},{"start":{},"end":{}}],"line":93},"8":{"loc":{"start":{"line":101,"column":12},"end":{"line":110,"column":13}},"type":"if","locations":[{"start":{"line":101,"column":12},"end":{"line":110,"column":13}},{"start":{},"end":{}}],"line":101},"9":{"loc":{"start":{"line":105,"column":20},"end":{"line":108,"column":21}},"type":"if","locations":[{"start":{"line":105,"column":20},"end":{"line":108,"column":21}},{"start":{},"end":{}}],"line":105},"10":{"loc":{"start":{"line":125,"column":8},"end":{"line":130,"column":9}},"type":"if","locations":[{"start":{"line":125,"column":8},"end":{"line":130,"column":9}},{"start":{},"end":{}}],"line":125},"11":{"loc":{"start":{"line":125,"column":12},"end":{"line":125,"column":59}},"type":"binary-expr","locations":[{"start":{"line":125,"column":12},"end":{"line":125,"column":26}},{"start":{"line":125,"column":30},"end":{"line":125,"column":59}}],"line":125}},"s":{"0":5,"1":5,"2":5,"3":5,"4":5,"5":5,"6":5,"7":0,"8":5,"9":5,"10":5,"11":5,"12":5,"13":5,"14":0,"15":0,"16":5,"17":0,"18":0,"19":0,"20":0,"21":5,"22":1,"23":1,"24":1,"25":1,"26":1,"27":1,"28":1,"29":0,"30":0,"31":0,"32":0,"33":1,"34":0,"35":1,"36":1,"37":1,"38":1,"39":1,"40":0,"41":1,"42":1,"43":1,"44":0,"45":0,"46":0,"47":1,"48":0,"49":0,"50":0,"51":0,"52":0,"53":5},"f":{"0":0,"1":5,"2":0,"3":0,"4":1,"5":1,"6":0},"b":{"0":[0,0],"1":[1,0],"2":[0,0],"3":[0,1],"4":[1,0],"5":[1,1],"6":[1,0],"7":[0,1],"8":[1,0],"9":[0,0],"10":[0,0],"11":[0,0]},"_coverageSchema":"1a1c01bbd47fc00a2c39e90264f33305004495a9","hash":"e50f28208baea3666ad511db9f892d995c00f44e"}
,"/Users/aryanchegini/Desktop/CW/FridgeFriend/backend/src/routes/groups.routes.js": {"path":"/Users/aryanchegini/Desktop/CW/FridgeFriend/backend/src/routes/groups.routes.js","statementMap":{"0":{"start":{"line":1,"column":16},"end":{"line":1,"column":34}},"1":{"start":{"line":6,"column":4},"end":{"line":6,"column":46}},"2":{"start":{"line":7,"column":21},"end":{"line":7,"column":61}},"3":{"start":{"line":9,"column":15},"end":{"line":9,"column":31}},"4":{"start":{"line":12,"column":0},"end":{"line":12,"column":25}},"5":{"start":{"line":14,"column":0},"end":{"line":14,"column":51}},"6":{"start":{"line":16,"column":0},"end":{"line":16,"column":38}},"7":{"start":{"line":18,"column":0},"end":{"line":18,"column":24}}},"fnMap":{},"branchMap":{},"s":{"0":5,"1":5,"2":5,"3":5,"4":5,"5":5,"6":5,"7":5},"f":{},"b":{},"_coverageSchema":"1a1c01bbd47fc00a2c39e90264f33305004495a9","hash":"91ec5bbc27d9df1a92b1c15ab354f603b038bfdd"}
,"/Users/aryanchegini/Desktop/CW/FridgeFriend/backend/src/routes/notifications.routes.js": {"path":"/Users/aryanchegini/Desktop/CW/FridgeFriend/backend/src/routes/notifications.routes.js","statementMap":{"0":{"start":{"line":2,"column":16},"end":{"line":2,"column":34}},"1":{"start":{"line":3,"column":15},"end":{"line":3,"column":31}},"2":{"start":{"line":4,"column":13},"end":{"line":4,"column":44}},"3":{"start":{"line":5,"column":21},"end":{"line":5,"column":61}},"4":{"start":{"line":6,"column":17},"end":{"line":6,"column":43}},"5":{"start":{"line":7,"column":15},"end":{"line":7,"column":41}},"6":{"start":{"line":11,"column":4},"end":{"line":11,"column":53}},"7":{"start":{"line":14,"column":0},"end":{"line":14,"column":25}},"8":{"start":{"line":21,"column":0},"end":{"line":85,"column":3}},"9":{"start":{"line":22,"column":2},"end":{"line":84,"column":3}},"10":{"start":{"line":23,"column":36},"end":{"line":23,"column":44}},"11":{"start":{"line":24,"column":19},"end":{"line":24,"column":31}},"12":{"start":{"line":27,"column":4},"end":{"line":32,"column":5}},"13":{"start":{"line":28,"column":6},"end":{"line":31,"column":9}},"14":{"start":{"line":35,"column":4},"end":{"line":40,"column":5}},"15":{"start":{"line":36,"column":6},"end":{"line":39,"column":9}},"16":{"start":{"line":43,"column":17},"end":{"line":43,"column":44}},"17":{"start":{"line":44,"column":4},"end":{"line":49,"column":5}},"18":{"start":{"line":45,"column":6},"end":{"line":48,"column":9}},"19":{"start":{"line":52,"column":31},"end":{"line":54,"column":5}},"20":{"start":{"line":53,"column":18},"end":{"line":53,"column":48}},"21":{"start":{"line":56,"column":4},"end":{"line":67,"column":5}},"22":{"start":{"line":58,"column":6},"end":{"line":58,"column":60}},"23":{"start":{"line":59,"column":6},"end":{"line":59,"column":65}},"24":{"start":{"line":62,"column":6},"end":{"line":66,"column":9}},"25":{"start":{"line":70,"column":4},"end":{"line":70,"column":22}},"26":{"start":{"line":72,"column":4},"end":{"line":72,"column":82}},"27":{"start":{"line":74,"column":4},"end":{"line":77,"column":7}},"28":{"start":{"line":79,"column":4},"end":{"line":79,"column":67}},"29":{"start":{"line":80,"column":4},"end":{"line":83,"column":7}},"30":{"start":{"line":92,"column":0},"end":{"line":130,"column":3}},"31":{"start":{"line":93,"column":2},"end":{"line":129,"column":3}},"32":{"start":{"line":94,"column":25},"end":{"line":94,"column":33}},"33":{"start":{"line":95,"column":19},"end":{"line":95,"column":31}},"34":{"start":{"line":97,"column":4},"end":{"line":102,"column":5}},"35":{"start":{"line":98,"column":6},"end":{"line":101,"column":9}},"36":{"start":{"line":105,"column":19},"end":{"line":108,"column":5}},"37":{"start":{"line":110,"column":4},"end":{"line":115,"column":5}},"38":{"start":{"line":111,"column":6},"end":{"line":114,"column":9}},"39":{"start":{"line":117,"column":4},"end":{"line":117,"column":79}},"40":{"start":{"line":119,"column":4},"end":{"line":122,"column":7}},"41":{"start":{"line":124,"column":4},"end":{"line":124,"column":64}},"42":{"start":{"line":125,"column":4},"end":{"line":128,"column":7}},"43":{"start":{"line":137,"column":0},"end":{"line":171,"column":3}},"44":{"start":{"line":138,"column":2},"end":{"line":170,"column":3}},"45":{"start":{"line":139,"column":48},"end":{"line":139,"column":56}},"46":{"start":{"line":140,"column":19},"end":{"line":140,"column":31}},"47":{"start":{"line":143,"column":17},"end":{"line":150,"column":5}},"48":{"start":{"line":152,"column":4},"end":{"line":157,"column":5}},"49":{"start":{"line":153,"column":6},"end":{"line":156,"column":9}},"50":{"start":{"line":159,"column":4},"end":{"line":163,"column":7}},"51":{"start":{"line":165,"column":4},"end":{"line":165,"column":75}},"52":{"start":{"line":166,"column":4},"end":{"line":169,"column":7}},"53":{"start":{"line":178,"column":0},"end":{"line":201,"column":3}},"54":{"start":{"line":179,"column":2},"end":{"line":200,"column":3}},"55":{"start":{"line":180,"column":19},"end":{"line":180,"column":31}},"56":{"start":{"line":181,"column":17},"end":{"line":181,"column":44}},"57":{"start":{"line":183,"column":4},"end":{"line":188,"column":5}},"58":{"start":{"line":184,"column":6},"end":{"line":187,"column":9}},"59":{"start":{"line":190,"column":4},"end":{"line":193,"column":7}},"60":{"start":{"line":195,"column":4},"end":{"line":195,"column":75}},"61":{"start":{"line":196,"column":4},"end":{"line":199,"column":7}},"62":{"start":{"line":210,"column":0},"end":{"line":222,"column":3}},"63":{"start":{"line":211,"column":2},"end":{"line":221,"column":3}},"64":{"start":{"line":212,"column":19},"end":{"line":212,"column":50}},"65":{"start":{"line":213,"column":4},"end":{"line":213,"column":33}},"66":{"start":{"line":215,"column":4},"end":{"line":215,"column":78}},"67":{"start":{"line":216,"column":4},"end":{"line":220,"column":7}},"68":{"start":{"line":229,"column":0},"end":{"line":241,"column":3}},"69":{"start":{"line":230,"column":2},"end":{"line":240,"column":3}},"70":{"start":{"line":231,"column":19},"end":{"line":231,"column":55}},"71":{"start":{"line":232,"column":4},"end":{"line":232,"column":33}},"72":{"start":{"line":234,"column":4},"end":{"line":234,"column":83}},"73":{"start":{"line":235,"column":4},"end":{"line":239,"column":7}},"74":{"start":{"line":248,"column":0},"end":{"line":355,"column":3}},"75":{"start":{"line":249,"column":2},"end":{"line":354,"column":3}},"76":{"start":{"line":250,"column":38},"end":{"line":250,"column":46}},"77":{"start":{"line":251,"column":19},"end":{"line":251,"column":31}},"78":{"start":{"line":253,"column":4},"end":{"line":258,"column":5}},"79":{"start":{"line":254,"column":6},"end":{"line":257,"column":9}},"80":{"start":{"line":261,"column":17},"end":{"line":261,"column":44}},"81":{"start":{"line":263,"column":4},"end":{"line":268,"column":5}},"82":{"start":{"line":264,"column":6},"end":{"line":267,"column":9}},"83":{"start":{"line":271,"column":21},"end":{"line":271,"column":47}},"84":{"start":{"line":272,"column":17},"end":{"line":272,"column":27}},"85":{"start":{"line":275,"column":21},"end":{"line":275,"column":23}},"86":{"start":{"line":278,"column":4},"end":{"line":315,"column":5}},"87":{"start":{"line":279,"column":23},"end":{"line":279,"column":73}},"88":{"start":{"line":279,"column":49},"end":{"line":279,"column":72}},"89":{"start":{"line":281,"column":6},"end":{"line":286,"column":7}},"90":{"start":{"line":282,"column":8},"end":{"line":285,"column":11}},"91":{"start":{"line":288,"column":6},"end":{"line":293,"column":7}},"92":{"start":{"line":289,"column":8},"end":{"line":292,"column":11}},"93":{"start":{"line":295,"column":6},"end":{"line":301,"column":9}},"94":{"start":{"line":304,"column":6},"end":{"line":314,"column":7}},"95":{"start":{"line":305,"column":8},"end":{"line":313,"column":9}},"96":{"start":{"line":306,"column":10},"end":{"line":312,"column":13}},"97":{"start":{"line":317,"column":4},"end":{"line":322,"column":5}},"98":{"start":{"line":318,"column":6},"end":{"line":321,"column":9}},"99":{"start":{"line":325,"column":19},"end":{"line":325,"column":56}},"100":{"start":{"line":326,"column":20},"end":{"line":326,"column":22}},"101":{"start":{"line":328,"column":4},"end":{"line":340,"column":5}},"102":{"start":{"line":329,"column":6},"end":{"line":339,"column":7}},"103":{"start":{"line":330,"column":28},"end":{"line":330,"column":72}},"104":{"start":{"line":331,"column":8},"end":{"line":331,"column":37}},"105":{"start":{"line":333,"column":8},"end":{"line":333,"column":66}},"106":{"start":{"line":334,"column":8},"end":{"line":338,"column":11}},"107":{"start":{"line":342,"column":4},"end":{"line":346,"column":7}},"108":{"start":{"line":348,"column":4},"end":{"line":348,"column":77}},"109":{"start":{"line":349,"column":4},"end":{"line":353,"column":7}},"110":{"start":{"line":357,"column":21},"end":{"line":357,"column":60}},"111":{"start":{"line":359,"column":0},"end":{"line":368,"column":3}},"112":{"start":{"line":360,"column":2},"end":{"line":367,"column":3}},"113":{"start":{"line":361,"column":19},"end":{"line":361,"column":31}},"114":{"start":{"line":362,"column":26},"end":{"line":362,"column":85}},"115":{"start":{"line":363,"column":4},"end":{"line":363,"column":59}},"116":{"start":{"line":365,"column":4},"end":{"line":365,"column":59}},"117":{"start":{"line":366,"column":4},"end":{"line":366,"column":87}},"118":{"start":{"line":371,"column":0},"end":{"line":381,"column":3}},"119":{"start":{"line":372,"column":2},"end":{"line":380,"column":3}},"120":{"start":{"line":373,"column":4},"end":{"line":376,"column":6}},"121":{"start":{"line":377,"column":4},"end":{"line":377,"column":71}},"122":{"start":{"line":379,"column":4},"end":{"line":379,"column":80}},"123":{"start":{"line":384,"column":0},"end":{"line":391,"column":3}},"124":{"start":{"line":385,"column":2},"end":{"line":390,"column":3}},"125":{"start":{"line":386,"column":4},"end":{"line":386,"column":86}},"126":{"start":{"line":387,"column":4},"end":{"line":387,"column":77}},"127":{"start":{"line":389,"column":4},"end":{"line":389,"column":87}},"128":{"start":{"line":393,"column":0},"end":{"line":393,"column":24}}},"fnMap":{"0":{"name":"(anonymous_0)","decl":{"start":{"line":21,"column":22},"end":{"line":21,"column":23}},"loc":{"start":{"line":21,"column":42},"end":{"line":85,"column":1}},"line":21},"1":{"name":"(anonymous_1)","decl":{"start":{"line":53,"column":6},"end":{"line":53,"column":7}},"loc":{"start":{"line":53,"column":18},"end":{"line":53,"column":48}},"line":53},"2":{"name":"(anonymous_2)","decl":{"start":{"line":92,"column":24},"end":{"line":92,"column":25}},"loc":{"start":{"line":92,"column":44},"end":{"line":130,"column":1}},"line":92},"3":{"name":"(anonymous_3)","decl":{"start":{"line":137,"column":24},"end":{"line":137,"column":25}},"loc":{"start":{"line":137,"column":44},"end":{"line":171,"column":1}},"line":137},"4":{"name":"(anonymous_4)","decl":{"start":{"line":178,"column":24},"end":{"line":178,"column":25}},"loc":{"start":{"line":178,"column":44},"end":{"line":201,"column":1}},"line":178},"5":{"name":"(anonymous_5)","decl":{"start":{"line":210,"column":28},"end":{"line":210,"column":29}},"loc":{"start":{"line":210,"column":48},"end":{"line":222,"column":1}},"line":210},"6":{"name":"(anonymous_6)","decl":{"start":{"line":229,"column":33},"end":{"line":229,"column":34}},"loc":{"start":{"line":229,"column":53},"end":{"line":241,"column":1}},"line":229},"7":{"name":"(anonymous_7)","decl":{"start":{"line":248,"column":28},"end":{"line":248,"column":29}},"loc":{"start":{"line":248,"column":48},"end":{"line":355,"column":1}},"line":248},"8":{"name":"(anonymous_8)","decl":{"start":{"line":279,"column":44},"end":{"line":279,"column":45}},"loc":{"start":{"line":279,"column":49},"end":{"line":279,"column":72}},"line":279},"9":{"name":"(anonymous_9)","decl":{"start":{"line":359,"column":21},"end":{"line":359,"column":22}},"loc":{"start":{"line":359,"column":41},"end":{"line":368,"column":1}},"line":359},"10":{"name":"(anonymous_10)","decl":{"start":{"line":371,"column":40},"end":{"line":371,"column":41}},"loc":{"start":{"line":371,"column":60},"end":{"line":381,"column":1}},"line":371},"11":{"name":"(anonymous_11)","decl":{"start":{"line":384,"column":36},"end":{"line":384,"column":37}},"loc":{"start":{"line":384,"column":56},"end":{"line":391,"column":1}},"line":384}},"branchMap":{"0":{"loc":{"start":{"line":27,"column":4},"end":{"line":32,"column":5}},"type":"if","locations":[{"start":{"line":27,"column":4},"end":{"line":32,"column":5}},{"start":{},"end":{}}],"line":27},"1":{"loc":{"start":{"line":27,"column":8},"end":{"line":27,"column":54}},"type":"binary-expr","locations":[{"start":{"line":27,"column":8},"end":{"line":27,"column":18}},{"start":{"line":27,"column":22},"end":{"line":27,"column":54}}],"line":27},"2":{"loc":{"start":{"line":35,"column":4},"end":{"line":40,"column":5}},"type":"if","locations":[{"start":{"line":35,"column":4},"end":{"line":40,"column":5}},{"start":{},"end":{}}],"line":35},"3":{"loc":{"start":{"line":44,"column":4},"end":{"line":49,"column":5}},"type":"if","locations":[{"start":{"line":44,"column":4},"end":{"line":49,"column":5}},{"start":{},"end":{}}],"line":44},"4":{"loc":{"start":{"line":56,"column":4},"end":{"line":67,"column":5}},"type":"if","locations":[{"start":{"line":56,"column":4},"end":{"line":67,"column":5}},{"start":{"line":60,"column":11},"end":{"line":67,"column":5}}],"line":56},"5":{"loc":{"start":{"line":97,"column":4},"end":{"line":102,"column":5}},"type":"if","locations":[{"start":{"line":97,"column":4},"end":{"line":102,"column":5}},{"start":{},"end":{}}],"line":97},"6":{"loc":{"start":{"line":110,"column":4},"end":{"line":115,"column":5}},"type":"if","locations":[{"start":{"line":110,"column":4},"end":{"line":115,"column":5}},{"start":{},"end":{}}],"line":110},"7":{"loc":{"start":{"line":152,"column":4},"end":{"line":157,"column":5}},"type":"if","locations":[{"start":{"line":152,"column":4},"end":{"line":157,"column":5}},{"start":{},"end":{}}],"line":152},"8":{"loc":{"start":{"line":183,"column":4},"end":{"line":188,"column":5}},"type":"if","locations":[{"start":{"line":183,"column":4},"end":{"line":188,"column":5}},{"start":{},"end":{}}],"line":183},"9":{"loc":{"start":{"line":253,"column":4},"end":{"line":258,"column":5}},"type":"if","locations":[{"start":{"line":253,"column":4},"end":{"line":258,"column":5}},{"start":{},"end":{}}],"line":253},"10":{"loc":{"start":{"line":253,"column":8},"end":{"line":253,"column":23}},"type":"binary-expr","locations":[{"start":{"line":253,"column":8},"end":{"line":253,"column":14}},{"start":{"line":253,"column":18},"end":{"line":253,"column":23}}],"line":253},"11":{"loc":{"start":{"line":263,"column":4},"end":{"line":268,"column":5}},"type":"if","locations":[{"start":{"line":263,"column":4},"end":{"line":268,"column":5}},{"start":{},"end":{}}],"line":263},"12":{"loc":{"start":{"line":263,"column":8},"end":{"line":263,"column":65}},"type":"binary-expr","locations":[{"start":{"line":263,"column":8},"end":{"line":263,"column":13}},{"start":{"line":263,"column":17},"end":{"line":263,"column":33}},{"start":{"line":263,"column":37},"end":{"line":263,"column":65}}],"line":263},"13":{"loc":{"start":{"line":278,"column":4},"end":{"line":315,"column":5}},"type":"if","locations":[{"start":{"line":278,"column":4},"end":{"line":315,"column":5}},{"start":{"line":302,"column":11},"end":{"line":315,"column":5}}],"line":278},"14":{"loc":{"start":{"line":281,"column":6},"end":{"line":286,"column":7}},"type":"if","locations":[{"start":{"line":281,"column":6},"end":{"line":286,"column":7}},{"start":{},"end":{}}],"line":281},"15":{"loc":{"start":{"line":288,"column":6},"end":{"line":293,"column":7}},"type":"if","locations":[{"start":{"line":288,"column":6},"end":{"line":293,"column":7}},{"start":{},"end":{}}],"line":288},"16":{"loc":{"start":{"line":305,"column":8},"end":{"line":313,"column":9}},"type":"if","locations":[{"start":{"line":305,"column":8},"end":{"line":313,"column":9}},{"start":{},"end":{}}],"line":305},"17":{"loc":{"start":{"line":317,"column":4},"end":{"line":322,"column":5}},"type":"if","locations":[{"start":{"line":317,"column":4},"end":{"line":322,"column":5}},{"start":{},"end":{}}],"line":317}},"s":{"0":5,"1":5,"2":5,"3":5,"4":5,"5":5,"6":5,"7":5,"8":5,"9":0,"10":0,"11":0,"12":0,"13":0,"14":0,"15":0,"16":0,"17":0,"18":0,"19":0,"20":0,"21":0,"22":0,"23":0,"24":0,"25":0,"26":0,"27":0,"28":0,"29":0,"30":5,"31":0,"32":0,"33":0,"34":0,"35":0,"36":0,"37":0,"38":0,"39":0,"40":0,"41":0,"42":0,"43":5,"44":0,"45":0,"46":0,"47":0,"48":0,"49":0,"50":0,"51":0,"52":0,"53":5,"54":0,"55":0,"56":0,"57":0,"58":0,"59":0,"60":0,"61":0,"62":5,"63":0,"64":0,"65":0,"66":0,"67":0,"68":5,"69":0,"70":0,"71":0,"72":0,"73":0,"74":5,"75":0,"76":0,"77":0,"78":0,"79":0,"80":0,"81":0,"82":0,"83":0,"84":0,"85":0,"86":0,"87":0,"88":0,"89":0,"90":0,"91":0,"92":0,"93":0,"94":0,"95":0,"96":0,"97":0,"98":0,"99":0,"100":0,"101":0,"102":0,"103":0,"104":0,"105":0,"106":0,"107":0,"108":0,"109":0,"110":5,"111":5,"112":0,"113":0,"114":0,"115":0,"116":0,"117":0,"118":5,"119":0,"120":0,"121":0,"122":0,"123":5,"124":0,"125":0,"126":0,"127":0,"128":5},"f":{"0":0,"1":0,"2":0,"3":0,"4":0,"5":0,"6":0,"7":0,"8":0,"9":0,"10":0,"11":0},"b":{"0":[0,0],"1":[0,0],"2":[0,0],"3":[0,0],"4":[0,0],"5":[0,0],"6":[0,0],"7":[0,0],"8":[0,0],"9":[0,0],"10":[0,0],"11":[0,0],"12":[0,0,0],"13":[0,0],"14":[0,0],"15":[0,0],"16":[0,0],"17":[0,0]},"_coverageSchema":"1a1c01bbd47fc00a2c39e90264f33305004495a9","hash":"648a8a3e12b20ca64d943e516bda3aa872700d11"}
,"/Users/aryanchegini/Desktop/CW/FridgeFriend/backend/src/routes/products.routes.js": {"path":"/Users/aryanchegini/Desktop/CW/FridgeFriend/backend/src/routes/products.routes.js","statementMap":{"0":{"start":{"line":1,"column":16},"end":{"line":1,"column":34}},"1":{"start":{"line":7,"column":4},"end":{"line":7,"column":48}},"2":{"start":{"line":8,"column":21},"end":{"line":8,"column":61}},"3":{"start":{"line":10,"column":15},"end":{"line":10,"column":31}},"4":{"start":{"line":13,"column":0},"end":{"line":13,"column":25}},"5":{"start":{"line":15,"column":0},"end":{"line":15,"column":55}},"6":{"start":{"line":17,"column":0},"end":{"line":17,"column":77}},"7":{"start":{"line":19,"column":0},"end":{"line":19,"column":24}}},"fnMap":{},"branchMap":{},"s":{"0":5,"1":5,"2":5,"3":5,"4":5,"5":5,"6":5,"7":5},"f":{},"b":{},"_coverageSchema":"1a1c01bbd47fc00a2c39e90264f33305004495a9","hash":"9464373473cf9b36f16f17f939b462d23e0d776e"}
,"/Users/aryanchegini/Desktop/CW/FridgeFriend/backend/src/services/notification.service.js": {"path":"/Users/aryanchegini/Desktop/CW/FridgeFriend/backend/src/services/notification.service.js","statementMap":{"0":{"start":{"line":1,"column":17},"end":{"line":1,"column":43}},"1":{"start":{"line":2,"column":15},"end":{"line":2,"column":41}},"2":{"start":{"line":3,"column":21},"end":{"line":3,"column":60}},"3":{"start":{"line":7,"column":13},"end":{"line":7,"column":23}},"4":{"start":{"line":14,"column":26},"end":{"line":78,"column":1}},"5":{"start":{"line":15,"column":2},"end":{"line":77,"column":3}},"6":{"start":{"line":17,"column":26},"end":{"line":23,"column":6}},"7":{"start":{"line":18,"column":6},"end":{"line":21,"column":7}},"8":{"start":{"line":19,"column":8},"end":{"line":19,"column":62}},"9":{"start":{"line":20,"column":8},"end":{"line":20,"column":21}},"10":{"start":{"line":22,"column":6},"end":{"line":22,"column":18}},"11":{"start":{"line":26,"column":19},"end":{"line":26,"column":61}},"12":{"start":{"line":27,"column":20},"end":{"line":27,"column":22}},"13":{"start":{"line":30,"column":4},"end":{"line":38,"column":5}},"14":{"start":{"line":31,"column":6},"end":{"line":37,"column":7}},"15":{"start":{"line":32,"column":28},"end":{"line":32,"column":72}},"16":{"start":{"line":33,"column":8},"end":{"line":33,"column":37}},"17":{"start":{"line":34,"column":8},"end":{"line":34,"column":64}},"18":{"start":{"line":36,"column":8},"end":{"line":36,"column":67}},"19":{"start":{"line":41,"column":23},"end":{"line":41,"column":25}},"20":{"start":{"line":42,"column":4},"end":{"line":48,"column":5}},"21":{"start":{"line":43,"column":6},"end":{"line":47,"column":7}},"22":{"start":{"line":44,"column":8},"end":{"line":44,"column":35}},"23":{"start":{"line":45,"column":13},"end":{"line":47,"column":7}},"24":{"start":{"line":46,"column":8},"end":{"line":46,"column":62}},"25":{"start":{"line":51,"column":4},"end":{"line":71,"column":5}},"26":{"start":{"line":52,"column":28},"end":{"line":52,"column":76}},"27":{"start":{"line":53,"column":6},"end":{"line":70,"column":7}},"28":{"start":{"line":54,"column":8},"end":{"line":69,"column":9}},"29":{"start":{"line":55,"column":27},"end":{"line":55,"column":77}},"30":{"start":{"line":58,"column":10},"end":{"line":66,"column":11}},"31":{"start":{"line":59,"column":49},"end":{"line":59,"column":68}},"32":{"start":{"line":60,"column":12},"end":{"line":65,"column":13}},"33":{"start":{"line":61,"column":14},"end":{"line":64,"column":16}},"34":{"start":{"line":68,"column":10},"end":{"line":68,"column":59}},"35":{"start":{"line":73,"column":4},"end":{"line":73,"column":59}},"36":{"start":{"line":75,"column":4},"end":{"line":75,"column":65}},"37":{"start":{"line":76,"column":4},"end":{"line":76,"column":52}},"38":{"start":{"line":87,"column":32},"end":{"line":117,"column":1}},"39":{"start":{"line":89,"column":4},"end":{"line":89,"column":70}},"40":{"start":{"line":92,"column":4},"end":{"line":96,"column":24}},"41":{"start":{"line":98,"column":4},"end":{"line":104,"column":5}},"42":{"start":{"line":106,"column":2},"end":{"line":116,"column":4}},"43":{"start":{"line":127,"column":33},"end":{"line":161,"column":1}},"44":{"start":{"line":130,"column":2},"end":{"line":139,"column":3}},"45":{"start":{"line":131,"column":4},"end":{"line":131,"column":33}},"46":{"start":{"line":132,"column":4},"end":{"line":132,"column":79}},"47":{"start":{"line":133,"column":9},"end":{"line":139,"column":3}},"48":{"start":{"line":134,"column":4},"end":{"line":134,"column":28}},"49":{"start":{"line":135,"column":4},"end":{"line":135,"column":105}},"50":{"start":{"line":137,"column":4},"end":{"line":137,"column":33}},"51":{"start":{"line":138,"column":4},"end":{"line":138,"column":88}},"52":{"start":{"line":141,"column":4},"end":{"line":147,"column":5}},"53":{"start":{"line":149,"column":2},"end":{"line":160,"column":4}},"54":{"start":{"line":163,"column":0},"end":{"line":167,"column":2}}},"fnMap":{"0":{"name":"(anonymous_0)","decl":{"start":{"line":14,"column":26},"end":{"line":14,"column":27}},"loc":{"start":{"line":14,"column":46},"end":{"line":78,"column":1}},"line":14},"1":{"name":"(anonymous_1)","decl":{"start":{"line":17,"column":42},"end":{"line":17,"column":43}},"loc":{"start":{"line":17,"column":55},"end":{"line":23,"column":5}},"line":17},"2":{"name":"(anonymous_2)","decl":{"start":{"line":87,"column":32},"end":{"line":87,"column":33}},"loc":{"start":{"line":87,"column":88},"end":{"line":117,"column":1}},"line":87},"3":{"name":"(anonymous_3)","decl":{"start":{"line":127,"column":33},"end":{"line":127,"column":34}},"loc":{"start":{"line":127,"column":92},"end":{"line":161,"column":1}},"line":127}},"branchMap":{"0":{"loc":{"start":{"line":18,"column":6},"end":{"line":21,"column":7}},"type":"if","locations":[{"start":{"line":18,"column":6},"end":{"line":21,"column":7}},{"start":{},"end":{}}],"line":18},"1":{"loc":{"start":{"line":43,"column":6},"end":{"line":47,"column":7}},"type":"if","locations":[{"start":{"line":43,"column":6},"end":{"line":47,"column":7}},{"start":{"line":45,"column":13},"end":{"line":47,"column":7}}],"line":43},"2":{"loc":{"start":{"line":45,"column":13},"end":{"line":47,"column":7}},"type":"if","locations":[{"start":{"line":45,"column":13},"end":{"line":47,"column":7}},{"start":{},"end":{}}],"line":45},"3":{"loc":{"start":{"line":51,"column":4},"end":{"line":71,"column":5}},"type":"if","locations":[{"start":{"line":51,"column":4},"end":{"line":71,"column":5}},{"start":{},"end":{}}],"line":51},"4":{"loc":{"start":{"line":60,"column":12},"end":{"line":65,"column":13}},"type":"if","locations":[{"start":{"line":60,"column":12},"end":{"line":65,"column":13}},{"start":{},"end":{}}],"line":60},"5":{"loc":{"start":{"line":89,"column":4},"end":{"line":89,"column":70}},"type":"cond-expr","locations":[{"start":{"line":89,"column":25},"end":{"line":89,"column":46}},{"start":{"line":89,"column":49},"end":{"line":89,"column":70}}],"line":89},"6":{"loc":{"start":{"line":92,"column":4},"end":{"line":96,"column":24}},"type":"cond-expr","locations":[{"start":{"line":93,"column":8},"end":{"line":93,"column":65}},{"start":{"line":94,"column":8},"end":{"line":96,"column":24}}],"line":92},"7":{"loc":{"start":{"line":95,"column":10},"end":{"line":95,"column":38}},"type":"cond-expr","locations":[{"start":{"line":95,"column":30},"end":{"line":95,"column":33}},{"start":{"line":95,"column":36},"end":{"line":95,"column":38}}],"line":95},"8":{"loc":{"start":{"line":130,"column":2},"end":{"line":139,"column":3}},"type":"if","locations":[{"start":{"line":130,"column":2},"end":{"line":139,"column":3}},{"start":{"line":133,"column":9},"end":{"line":139,"column":3}}],"line":130},"9":{"loc":{"start":{"line":133,"column":9},"end":{"line":139,"column":3}},"type":"if","locations":[{"start":{"line":133,"column":9},"end":{"line":139,"column":3}},{"start":{"line":136,"column":9},"end":{"line":139,"column":3}}],"line":133}},"s":{"0":5,"1":5,"2":5,"3":5,"4":5,"5":0,"6":0,"7":0,"8":0,"9":0,"10":0,"11":0,"12":0,"13":0,"14":0,"15":0,"16":0,"17":0,"18":0,"19":0,"20":0,"21":0,"22":0,"23":0,"24":0,"25":0,"26":0,"27":0,"28":0,"29":0,"30":0,"31":0,"32":0,"33":0,"34":0,"35":0,"36":0,"37":0,"38":5,"39":0,"40":0,"41":0,"42":0,"43":5,"44":0,"45":0,"46":0,"47":0,"48":0,"49":0,"50":0,"51":0,"52":0,"53":0,"54":5},"f":{"0":0,"1":0,"2":0,"3":0},"b":{"0":[0,0],"1":[0,0],"2":[0,0],"3":[0,0],"4":[0,0],"5":[0,0],"6":[0,0],"7":[0,0],"8":[0,0],"9":[0,0]},"_coverageSchema":"1a1c01bbd47fc00a2c39e90264f33305004495a9","hash":"eb981950f4e6bbd2e42ca64dca0f4130d08efcbd"}
,"/Users/aryanchegini/Desktop/CW/FridgeFriend/backend/src/utils/logger.js": {"path":"/Users/aryanchegini/Desktop/CW/FridgeFriend/backend/src/utils/logger.js","statementMap":{"0":{"start":{"line":1,"column":16},"end":{"line":1,"column":34}},"1":{"start":{"line":4,"column":18},"end":{"line":9,"column":1}},"2":{"start":{"line":12,"column":15},"end":{"line":31,"column":2}},"3":{"start":{"line":22,"column":20},"end":{"line":22,"column":70}},"4":{"start":{"line":34,"column":0},"end":{"line":34,"column":24}}},"fnMap":{"0":{"name":"(anonymous_0)","decl":{"start":{"line":22,"column":10},"end":{"line":22,"column":11}},"loc":{"start":{"line":22,"column":20},"end":{"line":22,"column":70}},"line":22}},"branchMap":{"0":{"loc":{"start":{"line":13,"column":9},"end":{"line":13,"column":66}},"type":"cond-expr","locations":[{"start":{"line":13,"column":50},"end":{"line":13,"column":57}},{"start":{"line":13,"column":60},"end":{"line":13,"column":66}}],"line":13}},"s":{"0":5,"1":5,"2":5,"3":83,"4":5},"f":{"0":83},"b":{"0":[0,5]},"_coverageSchema":"1a1c01bbd47fc00a2c39e90264f33305004495a9","hash":"dfef2b3416bb920c1c4777cbdc76f0499a8900c9"}
}
