TN:
SF:src/app.js
FN:24,(anonymous_0)
FN:29,(anonymous_1)
FNF:2
FNH:1
FNDA:0,(anonymous_0)
FNDA:78,(anonymous_1)
DA:1,5
DA:2,5
DA:3,5
DA:4,5
DA:5,5
DA:8,5
DA:9,5
DA:10,5
DA:11,5
DA:13,5
DA:14,5
DA:15,5
DA:18,5
DA:19,5
DA:20,5
DA:21,5
DA:24,5
DA:25,0
DA:29,5
DA:30,78
DA:31,78
DA:32,78
DA:33,78
DA:36,5
DA:37,5
DA:38,5
DA:39,5
DA:40,5
DA:42,5
DA:44,5
LF:30
LH:29
BRF:0
BRH:0
end_of_record
TN:
SF:src/config/mongoose.config.js
FN:3,(anonymous_0)
FNF:1
FNH:0
FNDA:0,(anonymous_0)
DA:1,2
DA:3,2
DA:4,0
DA:5,0
DA:7,0
DA:9,0
DA:10,0
DA:14,2
LF:8
LH:3
BRF:0
BRH:0
end_of_record
TN:
SF:src/controllers/auth.controller.js
FN:10,(anonymous_0)
FN:65,(anonymous_1)
FN:111,(anonymous_2)
FN:127,(anonymous_3)
FN:134,(anonymous_4)
FNF:5
FNH:3
FNDA:16,(anonymous_0)
FNDA:16,(anonymous_1)
FNDA:0,(anonymous_2)
FNDA:0,(anonymous_3)
FNDA:31,(anonymous_4)
DA:1,5
DA:2,5
DA:3,5
DA:4,5
DA:5,5
DA:10,5
DA:11,16
DA:14,16
DA:15,0
DA:22,16
DA:23,16
DA:24,0
DA:31,16
DA:32,16
DA:35,16
DA:42,16
DA:48,16
DA:50,16
DA:65,5
DA:66,16
DA:69,16
DA:70,0
DA:77,16
DA:78,16
DA:79,1
DA:86,15
DA:87,15
DA:88,0
DA:95,15
DA:97,15
DA:111,5
DA:112,0
DA:114,0
DA:127,5
DA:128,0
DA:134,5
DA:135,31
LF:37
LH:30
BRDA:14,0,0,0
BRDA:14,0,1,16
BRDA:14,1,0,16
BRDA:14,1,1,16
BRDA:14,1,2,16
BRDA:23,2,0,0
BRDA:23,2,1,16
BRDA:69,3,0,0
BRDA:69,3,1,16
BRDA:69,4,0,16
BRDA:69,4,1,16
BRDA:78,5,0,1
BRDA:78,5,1,15
BRDA:87,6,0,0
BRDA:87,6,1,15
BRF:15
BRH:11
end_of_record
TN:
SF:src/controllers/group.controller.js
FN:10,(anonymous_0)
FN:23,(anonymous_1)
FN:30,(anonymous_2)
FN:34,(anonymous_3)
FN:40,(anonymous_4)
FN:42,(anonymous_5)
FN:50,(anonymous_6)
FN:71,(anonymous_7)
FN:121,(anonymous_8)
FNF:9
FNH:3
FNDA:1,(anonymous_0)
FNDA:0,(anonymous_1)
FNDA:0,(anonymous_2)
FNDA:0,(anonymous_3)
FNDA:0,(anonymous_4)
FNDA:0,(anonymous_5)
FNDA:0,(anonymous_6)
FNDA:2,(anonymous_7)
FNDA:4,(anonymous_8)
DA:1,5
DA:2,5
DA:3,5
DA:4,5
DA:5,5
DA:10,5
DA:11,1
DA:12,1
DA:13,1
DA:15,1
DA:17,1
DA:18,0
DA:20,1
DA:23,1
DA:24,1
DA:27,1
DA:29,1
DA:31,0
DA:34,0
DA:35,0
DA:39,0
DA:41,0
DA:42,0
DA:44,0
DA:50,0
DA:52,0
DA:61,1
DA:63,0
DA:64,0
DA:71,5
DA:72,2
DA:73,2
DA:74,2
DA:76,2
DA:77,1
DA:81,1
DA:83,1
DA:84,1
DA:85,1
DA:86,1
DA:90,1
DA:96,1
DA:99,1
DA:104,1
DA:113,0
DA:114,0
DA:121,5
DA:122,4
DA:123,4
DA:124,4
DA:126,4
DA:127,1
DA:131,3
DA:132,3
DA:133,1
DA:137,2
DA:141,2
DA:142,1
DA:146,1
DA:151,1
DA:153,0
DA:154,0
LF:62
LH:46
BRDA:17,0,0,0
BRDA:17,0,1,1
BRDA:41,1,0,0
BRDA:41,1,1,0
BRDA:76,2,0,1
BRDA:76,2,1,1
BRDA:86,3,0,1
BRDA:86,3,1,0
BRDA:126,4,0,1
BRDA:126,4,1,3
BRDA:132,5,0,1
BRDA:132,5,1,2
BRDA:141,6,0,1
BRDA:141,6,1,1
BRF:14
BRH:10
end_of_record
TN:
SF:src/controllers/notification.controller.js
FN:15,(anonymous_0)
FN:100,(anonymous_1)
FN:115,(anonymous_2)
FN:129,(anonymous_3)
FN:132,(anonymous_4)
FN:143,(anonymous_5)
FN:148,(anonymous_6)
FN:210,(anonymous_7)
FN:212,(anonymous_8)
FN:217,(anonymous_9)
FNF:10
FNH:1
FNDA:0,(anonymous_0)
FNDA:0,(anonymous_1)
FNDA:0,(anonymous_2)
FNDA:0,(anonymous_3)
FNDA:0,(anonymous_4)
FNDA:0,(anonymous_5)
FNDA:0,(anonymous_6)
FNDA:5,(anonymous_7)
FNDA:0,(anonymous_8)
FNDA:0,(anonymous_9)
DA:1,5
DA:2,5
DA:3,5
DA:4,5
DA:5,5
DA:6,5
DA:7,5
DA:8,5
DA:9,5
DA:15,5
DA:16,0
DA:17,0
DA:20,0
DA:21,0
DA:22,0
DA:25,0
DA:33,0
DA:35,0
DA:36,0
DA:40,0
DA:42,0
DA:43,0
DA:44,0
DA:45,0
DA:47,0
DA:51,0
DA:54,0
DA:56,0
DA:60,0
DA:61,0
DA:65,0
DA:67,0
DA:73,0
DA:84,0
DA:85,0
DA:86,0
DA:87,0
DA:90,0
DA:92,0
DA:93,0
DA:100,5
DA:101,0
DA:102,0
DA:105,0
DA:106,0
DA:108,0
DA:110,0
DA:115,0
DA:118,0
DA:123,0
DA:128,0
DA:131,0
DA:132,0
DA:135,0
DA:143,0
DA:146,0
DA:148,0
DA:150,0
DA:151,0
DA:154,0
DA:157,0
DA:158,0
DA:159,0
DA:162,0
DA:164,0
DA:165,0
DA:173,0
DA:176,0
DA:178,0
DA:179,0
DA:187,0
DA:193,0
DA:194,0
DA:195,0
DA:199,0
DA:200,0
DA:202,0
DA:203,0
DA:210,5
DA:212,5
DA:213,0
DA:217,5
DA:218,0
DA:221,5
DA:224,5
LF:85
LH:16
BRDA:35,0,0,0
BRDA:35,0,1,0
BRDA:44,1,0,0
BRDA:44,1,1,0
BRDA:60,2,0,0
BRDA:60,2,1,0
BRDA:60,3,0,0
BRDA:60,3,1,0
BRDA:84,4,0,0
BRDA:84,4,1,0
BRDA:138,5,0,0
BRDA:138,5,1,0
BRDA:140,6,0,0
BRDA:140,6,1,0
BRDA:150,7,0,0
BRDA:150,7,1,0
BRDA:150,8,0,0
BRDA:150,8,1,0
BRDA:157,9,0,0
BRDA:157,9,1,0
BRDA:162,10,0,0
BRDA:162,10,1,0
BRDA:176,11,0,0
BRDA:176,11,1,0
BRDA:193,12,0,0
BRDA:193,12,1,0
BRF:26
BRH:0
end_of_record
TN:
SF:src/controllers/product.controller.js
FN:11,(anonymous_0)
FN:19,(anonymous_1)
FN:85,(anonymous_2)
FN:126,(anonymous_3)
FN:179,(anonymous_4)
FN:189,(anonymous_5)
FN:213,(anonymous_6)
FN:237,(anonymous_7)
FN:288,(anonymous_8)
FN:307,(anonymous_9)
FNF:10
FNH:8
FNDA:1,(anonymous_0)
FNDA:4,(anonymous_1)
FNDA:2,(anonymous_2)
FNDA:3,(anonymous_3)
FNDA:7,(anonymous_4)
FNDA:7,(anonymous_5)
FNDA:1,(anonymous_6)
FNDA:0,(anonymous_7)
FNDA:0,(anonymous_8)
FNDA:10,(anonymous_9)
DA:2,5
DA:3,5
DA:4,5
DA:6,5
DA:8,5
DA:11,5
DA:12,1
DA:14,1
DA:15,1
DA:19,5
DA:22,4
DA:23,4
DA:24,0
DA:25,0
DA:29,4
DA:30,0
DA:31,0
DA:34,4
DA:37,4
DA:38,4
DA:39,0
DA:40,0
DA:41,0
DA:43,0
DA:47,4
DA:48,0
DA:49,0
DA:53,4
DA:54,0
DA:55,0
DA:59,4
DA:71,4
DA:72,4
DA:74,4
DA:75,4
DA:76,4
DA:80,4
DA:81,4
DA:85,5
DA:86,2
DA:88,2
DA:92,2
DA:96,2
DA:97,0
DA:102,2
DA:105,2
DA:106,1
DA:107,1
DA:109,1
DA:110,1
DA:113,1
DA:114,1
DA:115,1
DA:118,1
DA:119,1
DA:126,5
DA:127,3
DA:131,3
DA:135,3
DA:136,1
DA:145,2
DA:146,2
DA:148,2
DA:150,0
DA:151,0
DA:153,0
DA:154,0
DA:158,2
DA:159,2
DA:162,2
DA:163,2
DA:164,2
DA:165,2
DA:166,2
DA:171,2
DA:172,2
DA:173,2
DA:179,5
DA:180,7
DA:181,7
DA:183,7
DA:184,7
DA:186,7
DA:189,5
DA:191,7
DA:192,0
DA:195,7
DA:196,0
DA:199,7
DA:200,0
DA:202,7
DA:203,0
DA:205,7
DA:206,7
DA:209,0
DA:213,5
DA:215,1
DA:216,1
DA:218,1
DA:219,1
DA:222,1
DA:223,1
DA:224,1
DA:227,1
DA:228,1
DA:229,1
DA:230,1
DA:234,1
DA:237,5
DA:238,0
DA:239,0
DA:242,0
DA:247,0
DA:250,0
DA:251,0
DA:252,0
DA:255,0
DA:256,0
DA:257,0
DA:261,0
DA:264,0
DA:265,0
DA:267,0
DA:271,0
DA:273,0
DA:274,0
DA:276,0
DA:277,0
DA:281,0
DA:284,0
DA:288,5
DA:289,0
DA:290,0
DA:292,0
DA:296,0
DA:298,0
DA:300,0
DA:302,0
DA:307,5
DA:309,10
DA:312,10
DA:314,10
DA:316,5
DA:321,5
LF:144
LH:94
BRDA:23,0,0,0
BRDA:23,0,1,4
BRDA:29,1,0,0
BRDA:29,1,1,4
BRDA:29,2,0,4
BRDA:29,2,1,4
BRDA:29,2,2,4
BRDA:38,3,0,0
BRDA:38,3,1,4
BRDA:39,4,0,0
BRDA:39,4,1,0
BRDA:47,5,0,0
BRDA:47,5,1,4
BRDA:53,6,0,0
BRDA:53,6,1,4
BRDA:53,7,0,4
BRDA:53,7,1,4
BRDA:74,8,0,4
BRDA:74,8,1,0
BRDA:96,9,0,0
BRDA:96,9,1,2
BRDA:105,10,0,1
BRDA:105,10,1,1
BRDA:114,11,0,1
BRDA:114,11,1,0
BRDA:114,12,0,1
BRDA:114,12,1,1
BRDA:135,13,0,1
BRDA:135,13,1,2
BRDA:145,14,0,2
BRDA:145,14,1,0
BRDA:148,15,0,0
BRDA:148,15,1,2
BRDA:151,16,0,0
BRDA:151,16,1,0
BRDA:162,17,0,2
BRDA:162,17,1,0
BRDA:164,18,0,2
BRDA:164,18,1,0
BRDA:191,19,0,0
BRDA:191,19,1,7
BRDA:195,20,0,0
BRDA:195,20,1,7
BRDA:195,21,0,7
BRDA:195,21,1,7
BRDA:199,22,0,0
BRDA:199,22,1,7
BRDA:202,23,0,0
BRDA:202,23,1,7
BRDA:202,24,0,7
BRDA:202,24,1,7
BRDA:205,25,0,7
BRDA:205,25,1,0
BRDA:216,26,0,0
BRDA:216,26,1,1
BRDA:222,27,0,1
BRDA:222,27,1,0
BRDA:228,28,0,1
BRDA:228,28,1,0
BRDA:255,29,0,0
BRDA:255,29,1,0
BRDA:255,30,0,0
BRDA:255,30,1,0
BRDA:264,31,0,0
BRDA:264,31,1,0
BRDA:274,32,0,0
BRDA:274,32,1,0
BRF:67
BRH:35
end_of_record
TN:
SF:src/middleware/auth.middleware.js
FN:10,(anonymous_0)
FNF:1
FNH:1
FNDA:45,(anonymous_0)
DA:1,5
DA:2,5
DA:3,5
DA:10,5
DA:11,45
DA:12,45
DA:15,45
DA:16,2
DA:19,43
DA:20,43
DA:23,42
DA:25,41
DA:26,22
DA:29,19
DA:30,19
DA:32,2
DA:33,2
DA:37,5
LF:18
LH:18
BRDA:3,0,0,5
BRDA:3,0,1,1
BRDA:15,1,0,2
BRDA:15,1,1,43
BRDA:15,2,0,45
BRDA:15,2,1,44
BRDA:25,3,0,22
BRDA:25,3,1,19
BRF:8
BRH:8
end_of_record
TN:
SF:src/middleware/error.middleware.js
FN:1,(anonymous_0)
FNF:1
FNH:1
FNDA:1,(anonymous_0)
DA:1,5
DA:2,1
DA:3,1
DA:5,1
DA:11,5
LF:5
LH:5
BRDA:2,0,0,1
BRDA:2,0,1,0
BRDA:7,1,0,0
BRDA:7,1,1,1
BRF:4
BRH:2
end_of_record
TN:
SF:src/models/group.model.js
FNF:0
FNH:0
DA:1,5
DA:2,5
DA:4,5
DA:21,5
LF:4
LH:4
BRF:0
BRH:0
end_of_record
TN:
SF:src/models/groupMembership.model.js
FNF:0
FNH:0
DA:1,5
DA:2,5
DA:4,5
DA:22,5
DA:24,5
LF:5
LH:5
BRF:0
BRH:0
end_of_record
TN:
SF:src/models/notification.model.js
FNF:0
FNH:0
DA:3,5
DA:5,5
DA:15,5
LF:3
LH:3
BRF:0
BRH:0
end_of_record
TN:
SF:src/models/product.model.js
FNF:0
FNH:0
DA:1,5
DA:2,5
DA:4,5
DA:37,5
LF:4
LH:4
BRF:0
BRH:0
end_of_record
TN:
SF:src/models/user.model.js
FNF:0
FNH:0
DA:1,6
DA:2,6
DA:4,6
DA:49,6
LF:4
LH:4
BRF:0
BRH:0
end_of_record
TN:
SF:src/models/userInventory.model.js
FNF:0
FNH:0
DA:1,5
DA:2,5
DA:4,5
DA:17,5
LF:4
LH:4
BRF:0
BRH:0
end_of_record
TN:
SF:src/routes/auth.routes.js
FNF:0
FNH:0
DA:1,5
DA:7,5
DA:8,5
DA:9,5
DA:12,5
DA:15,5
DA:18,5
DA:21,5
DA:23,5
LF:9
LH:9
BRF:0
BRH:0
end_of_record
TN:
SF:src/routes/barcodes.routes.js
FN:14,(anonymous_0)
FN:25,(anonymous_1)
FN:30,(anonymous_2)
FN:37,(anonymous_3)
FN:48,(anonymous_4)
FN:60,(anonymous_5)
FN:60,(anonymous_6)
FNF:7
FNH:3
FNDA:0,(anonymous_0)
FNDA:5,(anonymous_1)
FNDA:0,(anonymous_2)
FNDA:0,(anonymous_3)
FNDA:1,(anonymous_4)
FNDA:1,(anonymous_5)
FNDA:0,(anonymous_6)
DA:1,5
DA:2,5
DA:3,5
DA:4,5
DA:5,5
DA:6,5
DA:10,5
DA:14,0
DA:19,5
DA:20,5
DA:24,5
DA:26,5
DA:27,5
DA:28,5
DA:31,0
DA:32,0
DA:37,5
DA:38,0
DA:39,0
DA:40,0
DA:42,0
DA:48,5
DA:49,1
DA:50,1
DA:55,1
DA:56,1
DA:57,1
DA:58,1
DA:60,1
DA:63,0
DA:64,0
DA:65,0
DA:69,1
DA:70,0
DA:86,1
DA:87,1
DA:89,1
DA:90,1
DA:93,1
DA:94,0
DA:101,1
DA:102,1
DA:103,1
DA:105,0
DA:106,0
DA:107,0
DA:112,1
DA:120,0
DA:125,0
DA:126,0
DA:133,0
DA:134,0
DA:141,5
LF:53
LH:33
BRDA:38,0,0,0
BRDA:38,0,1,0
BRDA:56,1,0,1
BRDA:56,1,1,0
BRDA:63,2,0,0
BRDA:63,2,1,0
BRDA:69,3,0,0
BRDA:69,3,1,1
BRDA:89,4,0,1
BRDA:89,4,1,0
BRDA:89,5,0,1
BRDA:89,5,1,1
BRDA:90,6,0,1
BRDA:90,6,1,0
BRDA:93,7,0,0
BRDA:93,7,1,1
BRDA:101,8,0,1
BRDA:101,8,1,0
BRDA:105,9,0,0
BRDA:105,9,1,0
BRDA:125,10,0,0
BRDA:125,10,1,0
BRDA:125,11,0,0
BRDA:125,11,1,0
BRF:24
BRH:8
end_of_record
TN:
SF:src/routes/groups.routes.js
FNF:0
FNH:0
DA:1,5
DA:6,5
DA:7,5
DA:9,5
DA:12,5
DA:14,5
DA:16,5
DA:18,5
LF:8
LH:8
BRF:0
BRH:0
end_of_record
TN:
SF:src/routes/notifications.routes.js
FN:21,(anonymous_0)
FN:53,(anonymous_1)
FN:92,(anonymous_2)
FN:137,(anonymous_3)
FN:178,(anonymous_4)
FN:210,(anonymous_5)
FN:229,(anonymous_6)
FN:248,(anonymous_7)
FN:279,(anonymous_8)
FN:359,(anonymous_9)
FN:371,(anonymous_10)
FN:384,(anonymous_11)
FNF:12
FNH:0
FNDA:0,(anonymous_0)
FNDA:0,(anonymous_1)
FNDA:0,(anonymous_2)
FNDA:0,(anonymous_3)
FNDA:0,(anonymous_4)
FNDA:0,(anonymous_5)
FNDA:0,(anonymous_6)
FNDA:0,(anonymous_7)
FNDA:0,(anonymous_8)
FNDA:0,(anonymous_9)
FNDA:0,(anonymous_10)
FNDA:0,(anonymous_11)
DA:2,5
DA:3,5
DA:4,5
DA:5,5
DA:6,5
DA:7,5
DA:11,5
DA:14,5
DA:21,5
DA:22,0
DA:23,0
DA:24,0
DA:27,0
DA:28,0
DA:35,0
DA:36,0
DA:43,0
DA:44,0
DA:45,0
DA:52,0
DA:53,0
DA:56,0
DA:58,0
DA:59,0
DA:62,0
DA:70,0
DA:72,0
DA:74,0
DA:79,0
DA:80,0
DA:92,5
DA:93,0
DA:94,0
DA:95,0
DA:97,0
DA:98,0
DA:105,0
DA:110,0
DA:111,0
DA:117,0
DA:119,0
DA:124,0
DA:125,0
DA:137,5
DA:138,0
DA:139,0
DA:140,0
DA:143,0
DA:152,0
DA:153,0
DA:159,0
DA:165,0
DA:166,0
DA:178,5
DA:179,0
DA:180,0
DA:181,0
DA:183,0
DA:184,0
DA:190,0
DA:195,0
DA:196,0
DA:210,5
DA:211,0
DA:212,0
DA:213,0
DA:215,0
DA:216,0
DA:229,5
DA:230,0
DA:231,0
DA:232,0
DA:234,0
DA:235,0
DA:248,5
DA:249,0
DA:250,0
DA:251,0
DA:253,0
DA:254,0
DA:261,0
DA:263,0
DA:264,0
DA:271,0
DA:272,0
DA:275,0
DA:278,0
DA:279,0
DA:281,0
DA:282,0
DA:288,0
DA:289,0
DA:295,0
DA:304,0
DA:305,0
DA:306,0
DA:317,0
DA:318,0
DA:325,0
DA:326,0
DA:328,0
DA:329,0
DA:330,0
DA:331,0
DA:333,0
DA:334,0
DA:342,0
DA:348,0
DA:349,0
DA:357,5
DA:359,5
DA:360,0
DA:361,0
DA:362,0
DA:363,0
DA:365,0
DA:366,0
DA:371,5
DA:372,0
DA:373,0
DA:377,0
DA:379,0
DA:384,5
DA:385,0
DA:386,0
DA:387,0
DA:389,0
DA:393,5
LF:128
LH:20
BRDA:27,0,0,0
BRDA:27,0,1,0
BRDA:27,1,0,0
BRDA:27,1,1,0
BRDA:35,2,0,0
BRDA:35,2,1,0
BRDA:44,3,0,0
BRDA:44,3,1,0
BRDA:56,4,0,0
BRDA:56,4,1,0
BRDA:97,5,0,0
BRDA:97,5,1,0
BRDA:110,6,0,0
BRDA:110,6,1,0
BRDA:152,7,0,0
BRDA:152,7,1,0
BRDA:183,8,0,0
BRDA:183,8,1,0
BRDA:253,9,0,0
BRDA:253,9,1,0
BRDA:253,10,0,0
BRDA:253,10,1,0
BRDA:263,11,0,0
BRDA:263,11,1,0
BRDA:263,12,0,0
BRDA:263,12,1,0
BRDA:263,12,2,0
BRDA:278,13,0,0
BRDA:278,13,1,0
BRDA:281,14,0,0
BRDA:281,14,1,0
BRDA:288,15,0,0
BRDA:288,15,1,0
BRDA:305,16,0,0
BRDA:305,16,1,0
BRDA:317,17,0,0
BRDA:317,17,1,0
BRF:37
BRH:0
end_of_record
TN:
SF:src/routes/products.routes.js
FNF:0
FNH:0
DA:1,5
DA:7,5
DA:8,5
DA:10,5
DA:13,5
DA:15,5
DA:17,5
DA:19,5
LF:8
LH:8
BRF:0
BRH:0
end_of_record
TN:
SF:src/services/notification.service.js
FN:14,(anonymous_0)
FN:17,(anonymous_1)
FN:87,(anonymous_2)
FN:127,(anonymous_3)
FNF:4
FNH:0
FNDA:0,(anonymous_0)
FNDA:0,(anonymous_1)
FNDA:0,(anonymous_2)
FNDA:0,(anonymous_3)
DA:1,5
DA:2,5
DA:3,5
DA:7,5
DA:14,5
DA:15,0
DA:17,0
DA:18,0
DA:19,0
DA:20,0
DA:22,0
DA:26,0
DA:27,0
DA:30,0
DA:31,0
DA:32,0
DA:33,0
DA:34,0
DA:36,0
DA:41,0
DA:42,0
DA:43,0
DA:44,0
DA:45,0
DA:46,0
DA:51,0
DA:52,0
DA:53,0
DA:54,0
DA:55,0
DA:58,0
DA:59,0
DA:60,0
DA:61,0
DA:68,0
DA:73,0
DA:75,0
DA:76,0
DA:87,5
DA:89,0
DA:92,0
DA:98,0
DA:106,0
DA:127,5
DA:130,0
DA:131,0
DA:132,0
DA:133,0
DA:134,0
DA:135,0
DA:137,0
DA:138,0
DA:141,0
DA:149,0
DA:163,5
LF:55
LH:8
BRDA:18,0,0,0
BRDA:18,0,1,0
BRDA:43,1,0,0
BRDA:43,1,1,0
BRDA:45,2,0,0
BRDA:45,2,1,0
BRDA:51,3,0,0
BRDA:51,3,1,0
BRDA:60,4,0,0
BRDA:60,4,1,0
BRDA:89,5,0,0
BRDA:89,5,1,0
BRDA:92,6,0,0
BRDA:92,6,1,0
BRDA:95,7,0,0
BRDA:95,7,1,0
BRDA:130,8,0,0
BRDA:130,8,1,0
BRDA:133,9,0,0
BRDA:133,9,1,0
BRF:20
BRH:0
end_of_record
TN:
SF:src/utils/logger.js
FN:22,(anonymous_0)
FNF:1
FNH:1
FNDA:83,(anonymous_0)
DA:1,5
DA:4,5
DA:12,5
DA:22,83
DA:34,5
LF:5
LH:5
BRDA:13,0,0,0
BRDA:13,0,1,5
BRF:2
BRH:1
end_of_record
